CRITICAL - 2025-09-09 04:46:54 --> CodeIgniter\Session\Exceptions\SessionException: Session: Configured save path "C:\Users\Lenovo\OneDrive - Politeknik Negeri Bandung\Personal Document\JTK\Semester-3\Proyek-3\Proyek-3\CI-Login\writable\session" is not writable by the PHP process.
[Method: GET, Route: login]
in SYSTEMPATH\Session\Handlers\FileHandler.php on line 103.
 1 SYSTEMPATH\Session\Handlers\FileHandler.php(103): CodeIgniter\Session\Exceptions\SessionException::forWriteProtectedSavePath('C:\\Users\\Lenovo\\OneDrive - Politeknik Negeri Bandung\\Personal Document\\JTK\\Semester-3\\Proyek-3\\Proyek-3\\CI-Login\\writable\\session')
 2 [internal function]: CodeIgniter\Session\Handlers\FileHandler->open('C:\\Users\\Lenovo\\OneDrive - Politeknik Negeri Bandung\\Personal Document\\JTK\\Semester-3\\Proyek-3\\Proyek-3\\CI-Login\\writable\\session', 'ci_session')
 3 SYSTEMPATH\Session\Session.php(912): session_start()
 4 SYSTEMPATH\Session\Session.php(243): CodeIgniter\Session\Session->startSession()
 5 SYSTEMPATH\Config\Services.php(715): CodeIgniter\Session\Session->start()
 6 SYSTEMPATH\Config\BaseService.php(312): CodeIgniter\Config\Services::session(Object(Config\Session), false)
 7 SYSTEMPATH\Config\BaseService.php(251): CodeIgniter\Config\BaseService::__callStatic('session', [...])
 8 SYSTEMPATH\Config\Services.php(668): CodeIgniter\Config\BaseService::getSharedInstance('session', null)
 9 SYSTEMPATH\Config\BaseService.php(321): CodeIgniter\Config\Services::session()
10 SYSTEMPATH\Config\BaseService.php(202): CodeIgniter\Config\BaseService::__callStatic('session', [])
11 SYSTEMPATH\Common.php(995): CodeIgniter\Config\BaseService::get('session')
12 SYSTEMPATH\Common.php(968): service('session')
13 APPPATH\Views\login_view.php(18): session()
14 SYSTEMPATH\View\View.php(226): include('C:\\Users\\Lenovo\\OneDrive - Politeknik Negeri Bandung\\Personal Document\\JTK\\Semester-3\\Proyek-3\\Proyek-3\\CI-Login\\app\\Views\\login_view.php')
15 SYSTEMPATH\View\View.php(229): CodeIgniter\View\View->CodeIgniter\View\{closure}()
16 SYSTEMPATH\Common.php(1167): CodeIgniter\View\View->render('login_view', [], true)
17 APPPATH\Controllers\LoginController.php(11): view('login_view')
18 SYSTEMPATH\CodeIgniter.php(933): App\Controllers\LoginController->index()
19 SYSTEMPATH\CodeIgniter.php(507): CodeIgniter\CodeIgniter->runController(Object(App\Controllers\LoginController))
20 SYSTEMPATH\CodeIgniter.php(354): CodeIgniter\CodeIgniter->handleRequest(null, Object(Config\Cache), false)
21 SYSTEMPATH\Boot.php(363): CodeIgniter\CodeIgniter->run()
22 SYSTEMPATH\Boot.php(68): CodeIgniter\Boot::runCodeIgniter(Object(CodeIgniter\CodeIgniter))
23 FCPATH\index.php(59): CodeIgniter\Boot::bootWeb(Object(Config\Paths))
24 SYSTEMPATH\rewrite.php(44): require_once('C:\\Users\\Lenovo\\OneDrive - Politeknik Negeri Bandung\\Personal Document\\JTK\\Semester-3\\Proyek-3\\Proyek-3\\CI-Login\\public\\index.php')
CRITICAL - 2025-09-09 06:05:32 --> CodeIgniter\Session\Exceptions\SessionException: Session: Configured save path "C:\Users\Lenovo\OneDrive - Politeknik Negeri Bandung\Personal Document\JTK\Semester-3\Proyek-3\Proyek-3\CI-Login\writable\session" is not writable by the PHP process.
[Method: GET, Route: login]
in SYSTEMPATH\Session\Handlers\FileHandler.php on line 103.
 1 SYSTEMPATH\Session\Handlers\FileHandler.php(103): CodeIgniter\Session\Exceptions\SessionException::forWriteProtectedSavePath('C:\\Users\\Lenovo\\OneDrive - Politeknik Negeri Bandung\\Personal Document\\JTK\\Semester-3\\Proyek-3\\Proyek-3\\CI-Login\\writable\\session')
 2 [internal function]: CodeIgniter\Session\Handlers\FileHandler->open('C:\\Users\\Lenovo\\OneDrive - Politeknik Negeri Bandung\\Personal Document\\JTK\\Semester-3\\Proyek-3\\Proyek-3\\CI-Login\\writable\\session', 'ci_session')
 3 SYSTEMPATH\Session\Session.php(912): session_start()
 4 SYSTEMPATH\Session\Session.php(243): CodeIgniter\Session\Session->startSession()
 5 SYSTEMPATH\Config\Services.php(715): CodeIgniter\Session\Session->start()
 6 SYSTEMPATH\Config\BaseService.php(312): CodeIgniter\Config\Services::session(Object(Config\Session), false)
 7 SYSTEMPATH\Config\BaseService.php(251): CodeIgniter\Config\BaseService::__callStatic('session', [...])
 8 SYSTEMPATH\Config\Services.php(668): CodeIgniter\Config\BaseService::getSharedInstance('session', null)
 9 SYSTEMPATH\Config\BaseService.php(321): CodeIgniter\Config\Services::session()
10 SYSTEMPATH\Config\BaseService.php(202): CodeIgniter\Config\BaseService::__callStatic('session', [])
11 SYSTEMPATH\Common.php(995): CodeIgniter\Config\BaseService::get('session')
12 SYSTEMPATH\Common.php(968): service('session')
13 APPPATH\Views\login_view.php(18): session()
14 SYSTEMPATH\View\View.php(226): include('C:\\Users\\Lenovo\\OneDrive - Politeknik Negeri Bandung\\Personal Document\\JTK\\Semester-3\\Proyek-3\\Proyek-3\\CI-Login\\app\\Views\\login_view.php')
15 SYSTEMPATH\View\View.php(229): CodeIgniter\View\View->CodeIgniter\View\{closure}()
16 SYSTEMPATH\Common.php(1167): CodeIgniter\View\View->render('login_view', [], true)
17 APPPATH\Controllers\LoginController.php(11): view('login_view')
18 SYSTEMPATH\CodeIgniter.php(933): App\Controllers\LoginController->index()
19 SYSTEMPATH\CodeIgniter.php(507): CodeIgniter\CodeIgniter->runController(Object(App\Controllers\LoginController))
20 SYSTEMPATH\CodeIgniter.php(354): CodeIgniter\CodeIgniter->handleRequest(null, Object(Config\Cache), false)
21 SYSTEMPATH\Boot.php(363): CodeIgniter\CodeIgniter->run()
22 SYSTEMPATH\Boot.php(68): CodeIgniter\Boot::runCodeIgniter(Object(CodeIgniter\CodeIgniter))
23 FCPATH\index.php(59): CodeIgniter\Boot::bootWeb(Object(Config\Paths))
24 SYSTEMPATH\rewrite.php(44): require_once('C:\\Users\\Lenovo\\OneDrive - Politeknik Negeri Bandung\\Personal Document\\JTK\\Semester-3\\Proyek-3\\Proyek-3\\CI-Login\\public\\index.php')
CRITICAL - 2025-09-09 06:06:40 --> CodeIgniter\Session\Exceptions\SessionException: Session: Configured save path "C:\Users\Lenovo\OneDrive - Politeknik Negeri Bandung\Personal Document\JTK\Semester-3\Proyek-3\Proyek-3\CI-Login\writable\session" is not writable by the PHP process.
[Method: GET, Route: login]
in SYSTEMPATH\Session\Handlers\FileHandler.php on line 103.
 1 SYSTEMPATH\Session\Handlers\FileHandler.php(103): CodeIgniter\Session\Exceptions\SessionException::forWriteProtectedSavePath('C:\\Users\\Lenovo\\OneDrive - Politeknik Negeri Bandung\\Personal Document\\JTK\\Semester-3\\Proyek-3\\Proyek-3\\CI-Login\\writable\\session')
 2 [internal function]: CodeIgniter\Session\Handlers\FileHandler->open('C:\\Users\\Lenovo\\OneDrive - Politeknik Negeri Bandung\\Personal Document\\JTK\\Semester-3\\Proyek-3\\Proyek-3\\CI-Login\\writable\\session', 'ci_session')
 3 SYSTEMPATH\Session\Session.php(912): session_start()
 4 SYSTEMPATH\Session\Session.php(243): CodeIgniter\Session\Session->startSession()
 5 SYSTEMPATH\Config\Services.php(715): CodeIgniter\Session\Session->start()
 6 SYSTEMPATH\Config\BaseService.php(312): CodeIgniter\Config\Services::session(Object(Config\Session), false)
 7 SYSTEMPATH\Config\BaseService.php(251): CodeIgniter\Config\BaseService::__callStatic('session', [...])
 8 SYSTEMPATH\Config\Services.php(668): CodeIgniter\Config\BaseService::getSharedInstance('session', null)
 9 SYSTEMPATH\Config\BaseService.php(321): CodeIgniter\Config\Services::session()
10 SYSTEMPATH\Config\BaseService.php(202): CodeIgniter\Config\BaseService::__callStatic('session', [])
11 SYSTEMPATH\Common.php(995): CodeIgniter\Config\BaseService::get('session')
12 SYSTEMPATH\Common.php(968): service('session')
13 APPPATH\Views\login_view.php(18): session()
14 SYSTEMPATH\View\View.php(226): include('C:\\Users\\Lenovo\\OneDrive - Politeknik Negeri Bandung\\Personal Document\\JTK\\Semester-3\\Proyek-3\\Proyek-3\\CI-Login\\app\\Views\\login_view.php')
15 SYSTEMPATH\View\View.php(229): CodeIgniter\View\View->CodeIgniter\View\{closure}()
16 SYSTEMPATH\Common.php(1167): CodeIgniter\View\View->render('login_view', [], true)
17 APPPATH\Controllers\LoginController.php(11): view('login_view')
18 SYSTEMPATH\CodeIgniter.php(933): App\Controllers\LoginController->index()
19 SYSTEMPATH\CodeIgniter.php(507): CodeIgniter\CodeIgniter->runController(Object(App\Controllers\LoginController))
20 SYSTEMPATH\CodeIgniter.php(354): CodeIgniter\CodeIgniter->handleRequest(null, Object(Config\Cache), false)
21 SYSTEMPATH\Boot.php(363): CodeIgniter\CodeIgniter->run()
22 SYSTEMPATH\Boot.php(68): CodeIgniter\Boot::runCodeIgniter(Object(CodeIgniter\CodeIgniter))
23 FCPATH\index.php(59): CodeIgniter\Boot::bootWeb(Object(Config\Paths))
24 SYSTEMPATH\rewrite.php(44): require_once('C:\\Users\\Lenovo\\OneDrive - Politeknik Negeri Bandung\\Personal Document\\JTK\\Semester-3\\Proyek-3\\Proyek-3\\CI-Login\\public\\index.php')
CRITICAL - 2025-09-09 06:08:13 --> CodeIgniter\Session\Exceptions\SessionException: Session: Configured save path "C:\Users\Lenovo\OneDrive - Politeknik Negeri Bandung\Personal Document\JTK\Semester-3\Proyek-3\Proyek-3\CI-Login\writable\session" is not writable by the PHP process.
[Method: GET, Route: login]
in SYSTEMPATH\Session\Handlers\FileHandler.php on line 103.
 1 SYSTEMPATH\Session\Handlers\FileHandler.php(103): CodeIgniter\Session\Exceptions\SessionException::forWriteProtectedSavePath('C:\\Users\\Lenovo\\OneDrive - Politeknik Negeri Bandung\\Personal Document\\JTK\\Semester-3\\Proyek-3\\Proyek-3\\CI-Login\\writable\\session')
 2 [internal function]: CodeIgniter\Session\Handlers\FileHandler->open('C:\\Users\\Lenovo\\OneDrive - Politeknik Negeri Bandung\\Personal Document\\JTK\\Semester-3\\Proyek-3\\Proyek-3\\CI-Login\\writable\\session', 'ci_session')
 3 SYSTEMPATH\Session\Session.php(912): session_start()
 4 SYSTEMPATH\Session\Session.php(243): CodeIgniter\Session\Session->startSession()
 5 SYSTEMPATH\Config\Services.php(715): CodeIgniter\Session\Session->start()
 6 SYSTEMPATH\Config\BaseService.php(312): CodeIgniter\Config\Services::session(Object(Config\Session), false)
 7 SYSTEMPATH\Config\BaseService.php(251): CodeIgniter\Config\BaseService::__callStatic('session', [...])
 8 SYSTEMPATH\Config\Services.php(668): CodeIgniter\Config\BaseService::getSharedInstance('session', null)
 9 SYSTEMPATH\Config\BaseService.php(321): CodeIgniter\Config\Services::session()
10 SYSTEMPATH\Config\BaseService.php(202): CodeIgniter\Config\BaseService::__callStatic('session', [])
11 SYSTEMPATH\Common.php(995): CodeIgniter\Config\BaseService::get('session')
12 SYSTEMPATH\Common.php(968): service('session')
13 APPPATH\Views\login_view.php(18): session()
14 SYSTEMPATH\View\View.php(226): include('C:\\Users\\Lenovo\\OneDrive - Politeknik Negeri Bandung\\Personal Document\\JTK\\Semester-3\\Proyek-3\\Proyek-3\\CI-Login\\app\\Views\\login_view.php')
15 SYSTEMPATH\View\View.php(229): CodeIgniter\View\View->CodeIgniter\View\{closure}()
16 SYSTEMPATH\Common.php(1167): CodeIgniter\View\View->render('login_view', [], true)
17 APPPATH\Controllers\LoginController.php(11): view('login_view')
18 SYSTEMPATH\CodeIgniter.php(933): App\Controllers\LoginController->index()
19 SYSTEMPATH\CodeIgniter.php(507): CodeIgniter\CodeIgniter->runController(Object(App\Controllers\LoginController))
20 SYSTEMPATH\CodeIgniter.php(354): CodeIgniter\CodeIgniter->handleRequest(null, Object(Config\Cache), false)
21 SYSTEMPATH\Boot.php(363): CodeIgniter\CodeIgniter->run()
22 SYSTEMPATH\Boot.php(68): CodeIgniter\Boot::runCodeIgniter(Object(CodeIgniter\CodeIgniter))
23 FCPATH\index.php(59): CodeIgniter\Boot::bootWeb(Object(Config\Paths))
24 SYSTEMPATH\rewrite.php(44): require_once('C:\\Users\\Lenovo\\OneDrive - Politeknik Negeri Bandung\\Personal Document\\JTK\\Semester-3\\Proyek-3\\Proyek-3\\CI-Login\\public\\index.php')
CRITICAL - 2025-09-09 06:12:14 --> CodeIgniter\Session\Exceptions\SessionException: Session: Configured save path "C:\Users\Lenovo\OneDrive - Politeknik Negeri Bandung\Personal Document\JTK\Semester-3\Proyek-3\Proyek-3\CI-Login\writable\session" is not writable by the PHP process.
[Method: GET, Route: login]
in SYSTEMPATH\Session\Handlers\FileHandler.php on line 103.
 1 SYSTEMPATH\Session\Handlers\FileHandler.php(103): CodeIgniter\Session\Exceptions\SessionException::forWriteProtectedSavePath('C:\\Users\\Lenovo\\OneDrive - Politeknik Negeri Bandung\\Personal Document\\JTK\\Semester-3\\Proyek-3\\Proyek-3\\CI-Login\\writable\\session')
 2 [internal function]: CodeIgniter\Session\Handlers\FileHandler->open('C:\\Users\\Lenovo\\OneDrive - Politeknik Negeri Bandung\\Personal Document\\JTK\\Semester-3\\Proyek-3\\Proyek-3\\CI-Login\\writable\\session', 'ci_session')
 3 SYSTEMPATH\Session\Session.php(912): session_start()
 4 SYSTEMPATH\Session\Session.php(243): CodeIgniter\Session\Session->startSession()
 5 SYSTEMPATH\Config\Services.php(715): CodeIgniter\Session\Session->start()
 6 SYSTEMPATH\Config\BaseService.php(312): CodeIgniter\Config\Services::session(Object(Config\Session), false)
 7 SYSTEMPATH\Config\BaseService.php(251): CodeIgniter\Config\BaseService::__callStatic('session', [...])
 8 SYSTEMPATH\Config\Services.php(668): CodeIgniter\Config\BaseService::getSharedInstance('session', null)
 9 SYSTEMPATH\Config\BaseService.php(321): CodeIgniter\Config\Services::session()
10 SYSTEMPATH\Config\BaseService.php(202): CodeIgniter\Config\BaseService::__callStatic('session', [])
11 SYSTEMPATH\Common.php(995): CodeIgniter\Config\BaseService::get('session')
12 SYSTEMPATH\Common.php(968): service('session')
13 APPPATH\Views\login_view.php(18): session()
14 SYSTEMPATH\View\View.php(226): include('C:\\Users\\Lenovo\\OneDrive - Politeknik Negeri Bandung\\Personal Document\\JTK\\Semester-3\\Proyek-3\\Proyek-3\\CI-Login\\app\\Views\\login_view.php')
15 SYSTEMPATH\View\View.php(229): CodeIgniter\View\View->CodeIgniter\View\{closure}()
16 SYSTEMPATH\Common.php(1167): CodeIgniter\View\View->render('login_view', [], true)
17 APPPATH\Controllers\LoginController.php(11): view('login_view')
18 SYSTEMPATH\CodeIgniter.php(933): App\Controllers\LoginController->index()
19 SYSTEMPATH\CodeIgniter.php(507): CodeIgniter\CodeIgniter->runController(Object(App\Controllers\LoginController))
20 SYSTEMPATH\CodeIgniter.php(354): CodeIgniter\CodeIgniter->handleRequest(null, Object(Config\Cache), false)
21 SYSTEMPATH\Boot.php(363): CodeIgniter\CodeIgniter->run()
22 SYSTEMPATH\Boot.php(68): CodeIgniter\Boot::runCodeIgniter(Object(CodeIgniter\CodeIgniter))
23 FCPATH\index.php(59): CodeIgniter\Boot::bootWeb(Object(Config\Paths))
24 SYSTEMPATH\rewrite.php(44): require_once('C:\\Users\\Lenovo\\OneDrive - Politeknik Negeri Bandung\\Personal Document\\JTK\\Semester-3\\Proyek-3\\Proyek-3\\CI-Login\\public\\index.php')
CRITICAL - 2025-09-09 06:12:24 --> CodeIgniter\Session\Exceptions\SessionException: Session: Configured save path "C:\Users\Lenovo\OneDrive - Politeknik Negeri Bandung\Personal Document\JTK\Semester-3\Proyek-3\Proyek-3\CI-Login\writable\session" is not writable by the PHP process.
[Method: GET, Route: login]
in SYSTEMPATH\Session\Handlers\FileHandler.php on line 103.
 1 SYSTEMPATH\Session\Handlers\FileHandler.php(103): CodeIgniter\Session\Exceptions\SessionException::forWriteProtectedSavePath('C:\\Users\\Lenovo\\OneDrive - Politeknik Negeri Bandung\\Personal Document\\JTK\\Semester-3\\Proyek-3\\Proyek-3\\CI-Login\\writable\\session')
 2 [internal function]: CodeIgniter\Session\Handlers\FileHandler->open('C:\\Users\\Lenovo\\OneDrive - Politeknik Negeri Bandung\\Personal Document\\JTK\\Semester-3\\Proyek-3\\Proyek-3\\CI-Login\\writable\\session', 'ci_session')
 3 SYSTEMPATH\Session\Session.php(912): session_start()
 4 SYSTEMPATH\Session\Session.php(243): CodeIgniter\Session\Session->startSession()
 5 SYSTEMPATH\Config\Services.php(715): CodeIgniter\Session\Session->start()
 6 SYSTEMPATH\Config\BaseService.php(312): CodeIgniter\Config\Services::session(Object(Config\Session), false)
 7 SYSTEMPATH\Config\BaseService.php(251): CodeIgniter\Config\BaseService::__callStatic('session', [...])
 8 SYSTEMPATH\Config\Services.php(668): CodeIgniter\Config\BaseService::getSharedInstance('session', null)
 9 SYSTEMPATH\Config\BaseService.php(321): CodeIgniter\Config\Services::session()
10 SYSTEMPATH\Config\BaseService.php(202): CodeIgniter\Config\BaseService::__callStatic('session', [])
11 SYSTEMPATH\Common.php(995): CodeIgniter\Config\BaseService::get('session')
12 SYSTEMPATH\Common.php(968): service('session')
13 APPPATH\Views\login_view.php(18): session()
14 SYSTEMPATH\View\View.php(226): include('C:\\Users\\Lenovo\\OneDrive - Politeknik Negeri Bandung\\Personal Document\\JTK\\Semester-3\\Proyek-3\\Proyek-3\\CI-Login\\app\\Views\\login_view.php')
15 SYSTEMPATH\View\View.php(229): CodeIgniter\View\View->CodeIgniter\View\{closure}()
16 SYSTEMPATH\Common.php(1167): CodeIgniter\View\View->render('login_view', [], true)
17 APPPATH\Controllers\LoginController.php(11): view('login_view')
18 SYSTEMPATH\CodeIgniter.php(933): App\Controllers\LoginController->index()
19 SYSTEMPATH\CodeIgniter.php(507): CodeIgniter\CodeIgniter->runController(Object(App\Controllers\LoginController))
20 SYSTEMPATH\CodeIgniter.php(354): CodeIgniter\CodeIgniter->handleRequest(null, Object(Config\Cache), false)
21 SYSTEMPATH\Boot.php(363): CodeIgniter\CodeIgniter->run()
22 SYSTEMPATH\Boot.php(68): CodeIgniter\Boot::runCodeIgniter(Object(CodeIgniter\CodeIgniter))
23 FCPATH\index.php(59): CodeIgniter\Boot::bootWeb(Object(Config\Paths))
24 SYSTEMPATH\rewrite.php(44): require_once('C:\\Users\\Lenovo\\OneDrive - Politeknik Negeri Bandung\\Personal Document\\JTK\\Semester-3\\Proyek-3\\Proyek-3\\CI-Login\\public\\index.php')
CRITICAL - 2025-09-09 06:12:53 --> CodeIgniter\Session\Exceptions\SessionException: Session: Configured save path "C:\Users\Lenovo\OneDrive - Politeknik Negeri Bandung\Personal Document\JTK\Semester-3\Proyek-3\Proyek-3\CI-Login\writable\session" is not writable by the PHP process.
[Method: GET, Route: login]
in SYSTEMPATH\Session\Handlers\FileHandler.php on line 103.
 1 SYSTEMPATH\Session\Handlers\FileHandler.php(103): CodeIgniter\Session\Exceptions\SessionException::forWriteProtectedSavePath('C:\\Users\\Lenovo\\OneDrive - Politeknik Negeri Bandung\\Personal Document\\JTK\\Semester-3\\Proyek-3\\Proyek-3\\CI-Login\\writable\\session')
 2 [internal function]: CodeIgniter\Session\Handlers\FileHandler->open('C:\\Users\\Lenovo\\OneDrive - Politeknik Negeri Bandung\\Personal Document\\JTK\\Semester-3\\Proyek-3\\Proyek-3\\CI-Login\\writable\\session', 'ci_session')
 3 SYSTEMPATH\Session\Session.php(912): session_start()
 4 SYSTEMPATH\Session\Session.php(243): CodeIgniter\Session\Session->startSession()
 5 SYSTEMPATH\Config\Services.php(715): CodeIgniter\Session\Session->start()
 6 SYSTEMPATH\Config\BaseService.php(312): CodeIgniter\Config\Services::session(Object(Config\Session), false)
 7 SYSTEMPATH\Config\BaseService.php(251): CodeIgniter\Config\BaseService::__callStatic('session', [...])
 8 SYSTEMPATH\Config\Services.php(668): CodeIgniter\Config\BaseService::getSharedInstance('session', null)
 9 SYSTEMPATH\Config\BaseService.php(321): CodeIgniter\Config\Services::session()
10 SYSTEMPATH\Config\BaseService.php(202): CodeIgniter\Config\BaseService::__callStatic('session', [])
11 SYSTEMPATH\Common.php(995): CodeIgniter\Config\BaseService::get('session')
12 SYSTEMPATH\Common.php(968): service('session')
13 APPPATH\Views\login_view.php(18): session()
14 SYSTEMPATH\View\View.php(226): include('C:\\Users\\Lenovo\\OneDrive - Politeknik Negeri Bandung\\Personal Document\\JTK\\Semester-3\\Proyek-3\\Proyek-3\\CI-Login\\app\\Views\\login_view.php')
15 SYSTEMPATH\View\View.php(229): CodeIgniter\View\View->CodeIgniter\View\{closure}()
16 SYSTEMPATH\Common.php(1167): CodeIgniter\View\View->render('login_view', [], true)
17 APPPATH\Controllers\LoginController.php(11): view('login_view')
18 SYSTEMPATH\CodeIgniter.php(933): App\Controllers\LoginController->index()
19 SYSTEMPATH\CodeIgniter.php(507): CodeIgniter\CodeIgniter->runController(Object(App\Controllers\LoginController))
20 SYSTEMPATH\CodeIgniter.php(354): CodeIgniter\CodeIgniter->handleRequest(null, Object(Config\Cache), false)
21 SYSTEMPATH\Boot.php(363): CodeIgniter\CodeIgniter->run()
22 SYSTEMPATH\Boot.php(68): CodeIgniter\Boot::runCodeIgniter(Object(CodeIgniter\CodeIgniter))
23 FCPATH\index.php(59): CodeIgniter\Boot::bootWeb(Object(Config\Paths))
24 SYSTEMPATH\rewrite.php(44): require_once('C:\\Users\\Lenovo\\OneDrive - Politeknik Negeri Bandung\\Personal Document\\JTK\\Semester-3\\Proyek-3\\Proyek-3\\CI-Login\\public\\index.php')
