DEBUG - 2025-10-01 07:04:05 --> Session: Class initialized using 'CodeIgniter\Session\Handlers\FileHandler' driver.
DEBUG - 2025-10-01 07:04:15 --> Session: Class initialized using 'CodeIgniter\Session\Handlers\FileHandler' driver.
DEBUG - 2025-10-01 07:04:17 --> Session: Class initialized using 'CodeIgniter\Session\Handlers\FileHandler' driver.
CRITICAL - 2025-10-01 07:23:30 --> Error: Call to undefined method CodeIgniter\Router\RouteCollection::redirect()
[Method: GET, Route: /]
in APPPATH\Config\Routes.php on line 9.
 1 SYSTEMPATH\Router\RouteCollection.php(339): require()
 2 SYSTEMPATH\CodeIgniter.php(821): CodeIgniter\Router\RouteCollection->loadRoutes()
 3 SYSTEMPATH\CodeIgniter.php(455): CodeIgniter\CodeIgniter->tryToRouteIt(null)
 4 SYSTEMPATH\CodeIgniter.php(354): CodeIgniter\CodeIgniter->handleRequest(null, Object(Config\Cache), false)
 5 SYSTEMPATH\Boot.php(363): CodeIgniter\CodeIgniter->run()
 6 SYSTEMPATH\Boot.php(68): CodeIgniter\Boot::runCodeIgniter(Object(CodeIgniter\CodeIgniter))
 7 FCPATH\index.php(59): CodeIgniter\Boot::bootWeb(Object(Config\Paths))
 8 SYSTEMPATH\rewrite.php(44): require_once('D:\\Proyek 3\\Proyek_3\\Week_MidtermExam\\MidtermExam\\public\\index.php')
INFO - 2025-10-01 07:24:53 --> REDIRECTED ROUTE at http://localhost:8080/login
DEBUG - 2025-10-01 07:25:32 --> Session: Class initialized using 'CodeIgniter\Session\Handlers\FileHandler' driver.
INFO - 2025-10-01 07:26:38 --> REDIRECTED ROUTE at http://localhost:8080/login
DEBUG - 2025-10-01 07:26:38 --> Session: Class initialized using 'CodeIgniter\Session\Handlers\FileHandler' driver.
INFO - 2025-10-01 07:28:19 --> REDIRECTED ROUTE at http://localhost:8080/login
INFO - 2025-10-01 07:29:54 --> REDIRECTED ROUTE at http://localhost:8080/login
DEBUG - 2025-10-01 07:29:54 --> Session: Class initialized using 'CodeIgniter\Session\Handlers\FileHandler' driver.
INFO - 2025-10-01 07:40:41 --> REDIRECTED ROUTE at http://localhost:8080/login
DEBUG - 2025-10-01 07:40:41 --> Session: Class initialized using 'CodeIgniter\Session\Handlers\FileHandler' driver.
DEBUG - 2025-10-01 07:41:24 --> Session: Class initialized using 'CodeIgniter\Session\Handlers\FileHandler' driver.
ERROR - 2025-10-01 07:41:24 --> mysqli_sql_exception: Table 'akademik_db_w4.user' doesn't exist in D:\Proyek 3\Proyek_3\Week_MidtermExam\MidtermExam\system\Database\MySQLi\Connection.php:327
Stack trace:
#0 D:\Proyek 3\Proyek_3\Week_MidtermExam\MidtermExam\system\Database\MySQLi\Connection.php(327): mysqli->query('SELECT *\nFROM `...', 0)
#1 D:\Proyek 3\Proyek_3\Week_MidtermExam\MidtermExam\system\Database\BaseConnection.php(729): CodeIgniter\Database\MySQLi\Connection->execute('SELECT *\nFROM `...')
#2 D:\Proyek 3\Proyek_3\Week_MidtermExam\MidtermExam\system\Database\BaseConnection.php(646): CodeIgniter\Database\BaseConnection->simpleQuery('SELECT *\nFROM `...')
#3 D:\Proyek 3\Proyek_3\Week_MidtermExam\MidtermExam\system\Database\BaseBuilder.php(1649): CodeIgniter\Database\BaseConnection->query('SELECT *\nFROM `...', Array, false)
#4 D:\Proyek 3\Proyek_3\Week_MidtermExam\MidtermExam\system\Model.php(330): CodeIgniter\Database\BaseBuilder->get()
#5 D:\Proyek 3\Proyek_3\Week_MidtermExam\MidtermExam\system\BaseModel.php(715): CodeIgniter\Model->doFirst()
#6 D:\Proyek 3\Proyek_3\Week_MidtermExam\MidtermExam\app\Controllers\LoginController.php(24): CodeIgniter\BaseModel->first()
#7 D:\Proyek 3\Proyek_3\Week_MidtermExam\MidtermExam\system\CodeIgniter.php(933): App\Controllers\LoginController->process()
#8 D:\Proyek 3\Proyek_3\Week_MidtermExam\MidtermExam\system\CodeIgniter.php(507): CodeIgniter\CodeIgniter->runController(Object(App\Controllers\LoginController))
#9 D:\Proyek 3\Proyek_3\Week_MidtermExam\MidtermExam\system\CodeIgniter.php(354): CodeIgniter\CodeIgniter->handleRequest(NULL, Object(Config\Cache), false)
#10 D:\Proyek 3\Proyek_3\Week_MidtermExam\MidtermExam\system\Boot.php(363): CodeIgniter\CodeIgniter->run()
#11 D:\Proyek 3\Proyek_3\Week_MidtermExam\MidtermExam\system\Boot.php(68): CodeIgniter\Boot::runCodeIgniter(Object(CodeIgniter\CodeIgniter))
#12 D:\Proyek 3\Proyek_3\Week_MidtermExam\MidtermExam\public\index.php(59): CodeIgniter\Boot::bootWeb(Object(Config\Paths))
#13 D:\Proyek 3\Proyek_3\Week_MidtermExam\MidtermExam\system\rewrite.php(44): require_once('D:\\Proyek 3\\Pro...')
#14 {main}
CRITICAL - 2025-10-01 07:41:25 --> CodeIgniter\Database\Exceptions\DatabaseException: Table 'akademik_db_w4.user' doesn't exist
[Method: POST, Route: login/process]
in SYSTEMPATH\Database\BaseConnection.php on line 684.
 1 SYSTEMPATH\Database\BaseBuilder.php(1649): CodeIgniter\Database\BaseConnection->query('SELECT *
FROM `user`
WHERE `email` = :email:
 LIMIT 1', [...], false)
 2 SYSTEMPATH\Model.php(330): CodeIgniter\Database\BaseBuilder->get()
 3 SYSTEMPATH\BaseModel.php(715): CodeIgniter\Model->doFirst()
 4 APPPATH\Controllers\LoginController.php(24): CodeIgniter\BaseModel->first()
 5 SYSTEMPATH\CodeIgniter.php(933): App\Controllers\LoginController->process()
 6 SYSTEMPATH\CodeIgniter.php(507): CodeIgniter\CodeIgniter->runController(Object(App\Controllers\LoginController))
 7 SYSTEMPATH\CodeIgniter.php(354): CodeIgniter\CodeIgniter->handleRequest(null, Object(Config\Cache), false)
 8 SYSTEMPATH\Boot.php(363): CodeIgniter\CodeIgniter->run()
 9 SYSTEMPATH\Boot.php(68): CodeIgniter\Boot::runCodeIgniter(Object(CodeIgniter\CodeIgniter))
10 FCPATH\index.php(59): CodeIgniter\Boot::bootWeb(Object(Config\Paths))
11 SYSTEMPATH\rewrite.php(44): require_once('D:\\Proyek 3\\Proyek_3\\Week_MidtermExam\\MidtermExam\\public\\index.php')
CRITICAL - 2025-10-01 07:41:25 --> [Caused by] CodeIgniter\Database\Exceptions\DatabaseException: Table 'akademik_db_w4.user' doesn't exist
in SYSTEMPATH\Database\MySQLi\Connection.php on line 332.
 1 SYSTEMPATH\Database\BaseConnection.php(729): CodeIgniter\Database\MySQLi\Connection->execute('SELECT *
FROM `user`
WHERE `email` = \'budi.gudang@mbg.id\'
 LIMIT 1')
 2 SYSTEMPATH\Database\BaseConnection.php(646): CodeIgniter\Database\BaseConnection->simpleQuery('SELECT *
FROM `user`
WHERE `email` = \'budi.gudang@mbg.id\'
 LIMIT 1')
 3 SYSTEMPATH\Database\BaseBuilder.php(1649): CodeIgniter\Database\BaseConnection->query('SELECT *
FROM `user`
WHERE `email` = :email:
 LIMIT 1', [...], false)
 4 SYSTEMPATH\Model.php(330): CodeIgniter\Database\BaseBuilder->get()
 5 SYSTEMPATH\BaseModel.php(715): CodeIgniter\Model->doFirst()
 6 APPPATH\Controllers\LoginController.php(24): CodeIgniter\BaseModel->first()
 7 SYSTEMPATH\CodeIgniter.php(933): App\Controllers\LoginController->process()
 8 SYSTEMPATH\CodeIgniter.php(507): CodeIgniter\CodeIgniter->runController(Object(App\Controllers\LoginController))
 9 SYSTEMPATH\CodeIgniter.php(354): CodeIgniter\CodeIgniter->handleRequest(null, Object(Config\Cache), false)
10 SYSTEMPATH\Boot.php(363): CodeIgniter\CodeIgniter->run()
11 SYSTEMPATH\Boot.php(68): CodeIgniter\Boot::runCodeIgniter(Object(CodeIgniter\CodeIgniter))
12 FCPATH\index.php(59): CodeIgniter\Boot::bootWeb(Object(Config\Paths))
13 SYSTEMPATH\rewrite.php(44): require_once('D:\\Proyek 3\\Proyek_3\\Week_MidtermExam\\MidtermExam\\public\\index.php')
CRITICAL - 2025-10-01 07:41:25 --> [Caused by] mysqli_sql_exception: Table 'akademik_db_w4.user' doesn't exist
in SYSTEMPATH\Database\MySQLi\Connection.php on line 327.
 1 SYSTEMPATH\Database\MySQLi\Connection.php(327): mysqli->query('SELECT *
FROM `user`
WHERE `email` = \'budi.gudang@mbg.id\'
 LIMIT 1', 0)
 2 SYSTEMPATH\Database\BaseConnection.php(729): CodeIgniter\Database\MySQLi\Connection->execute('SELECT *
FROM `user`
WHERE `email` = \'budi.gudang@mbg.id\'
 LIMIT 1')
 3 SYSTEMPATH\Database\BaseConnection.php(646): CodeIgniter\Database\BaseConnection->simpleQuery('SELECT *
FROM `user`
WHERE `email` = \'budi.gudang@mbg.id\'
 LIMIT 1')
 4 SYSTEMPATH\Database\BaseBuilder.php(1649): CodeIgniter\Database\BaseConnection->query('SELECT *
FROM `user`
WHERE `email` = :email:
 LIMIT 1', [...], false)
 5 SYSTEMPATH\Model.php(330): CodeIgniter\Database\BaseBuilder->get()
 6 SYSTEMPATH\BaseModel.php(715): CodeIgniter\Model->doFirst()
 7 APPPATH\Controllers\LoginController.php(24): CodeIgniter\BaseModel->first()
 8 SYSTEMPATH\CodeIgniter.php(933): App\Controllers\LoginController->process()
 9 SYSTEMPATH\CodeIgniter.php(507): CodeIgniter\CodeIgniter->runController(Object(App\Controllers\LoginController))
10 SYSTEMPATH\CodeIgniter.php(354): CodeIgniter\CodeIgniter->handleRequest(null, Object(Config\Cache), false)
11 SYSTEMPATH\Boot.php(363): CodeIgniter\CodeIgniter->run()
12 SYSTEMPATH\Boot.php(68): CodeIgniter\Boot::runCodeIgniter(Object(CodeIgniter\CodeIgniter))
13 FCPATH\index.php(59): CodeIgniter\Boot::bootWeb(Object(Config\Paths))
14 SYSTEMPATH\rewrite.php(44): require_once('D:\\Proyek 3\\Proyek_3\\Week_MidtermExam\\MidtermExam\\public\\index.php')
DEBUG - 2025-10-01 07:41:40 --> Session: Class initialized using 'CodeIgniter\Session\Handlers\FileHandler' driver.
DEBUG - 2025-10-01 07:41:46 --> Session: Class initialized using 'CodeIgniter\Session\Handlers\FileHandler' driver.
ERROR - 2025-10-01 07:41:47 --> mysqli_sql_exception: Table 'akademik_db_w4.user' doesn't exist in D:\Proyek 3\Proyek_3\Week_MidtermExam\MidtermExam\system\Database\MySQLi\Connection.php:327
Stack trace:
#0 D:\Proyek 3\Proyek_3\Week_MidtermExam\MidtermExam\system\Database\MySQLi\Connection.php(327): mysqli->query('SELECT *\nFROM `...', 0)
#1 D:\Proyek 3\Proyek_3\Week_MidtermExam\MidtermExam\system\Database\BaseConnection.php(729): CodeIgniter\Database\MySQLi\Connection->execute('SELECT *\nFROM `...')
#2 D:\Proyek 3\Proyek_3\Week_MidtermExam\MidtermExam\system\Database\BaseConnection.php(646): CodeIgniter\Database\BaseConnection->simpleQuery('SELECT *\nFROM `...')
#3 D:\Proyek 3\Proyek_3\Week_MidtermExam\MidtermExam\system\Database\BaseBuilder.php(1649): CodeIgniter\Database\BaseConnection->query('SELECT *\nFROM `...', Array, false)
#4 D:\Proyek 3\Proyek_3\Week_MidtermExam\MidtermExam\system\Model.php(330): CodeIgniter\Database\BaseBuilder->get()
#5 D:\Proyek 3\Proyek_3\Week_MidtermExam\MidtermExam\system\BaseModel.php(715): CodeIgniter\Model->doFirst()
#6 D:\Proyek 3\Proyek_3\Week_MidtermExam\MidtermExam\app\Controllers\LoginController.php(24): CodeIgniter\BaseModel->first()
#7 D:\Proyek 3\Proyek_3\Week_MidtermExam\MidtermExam\system\CodeIgniter.php(933): App\Controllers\LoginController->process()
#8 D:\Proyek 3\Proyek_3\Week_MidtermExam\MidtermExam\system\CodeIgniter.php(507): CodeIgniter\CodeIgniter->runController(Object(App\Controllers\LoginController))
#9 D:\Proyek 3\Proyek_3\Week_MidtermExam\MidtermExam\system\CodeIgniter.php(354): CodeIgniter\CodeIgniter->handleRequest(NULL, Object(Config\Cache), false)
#10 D:\Proyek 3\Proyek_3\Week_MidtermExam\MidtermExam\system\Boot.php(363): CodeIgniter\CodeIgniter->run()
#11 D:\Proyek 3\Proyek_3\Week_MidtermExam\MidtermExam\system\Boot.php(68): CodeIgniter\Boot::runCodeIgniter(Object(CodeIgniter\CodeIgniter))
#12 D:\Proyek 3\Proyek_3\Week_MidtermExam\MidtermExam\public\index.php(59): CodeIgniter\Boot::bootWeb(Object(Config\Paths))
#13 D:\Proyek 3\Proyek_3\Week_MidtermExam\MidtermExam\system\rewrite.php(44): require_once('D:\\Proyek 3\\Pro...')
#14 {main}
CRITICAL - 2025-10-01 07:41:47 --> CodeIgniter\Database\Exceptions\DatabaseException: Table 'akademik_db_w4.user' doesn't exist
[Method: POST, Route: login/process]
in SYSTEMPATH\Database\BaseConnection.php on line 684.
 1 SYSTEMPATH\Database\BaseBuilder.php(1649): CodeIgniter\Database\BaseConnection->query('SELECT *
FROM `user`
WHERE `email` = :email:
 LIMIT 1', [...], false)
 2 SYSTEMPATH\Model.php(330): CodeIgniter\Database\BaseBuilder->get()
 3 SYSTEMPATH\BaseModel.php(715): CodeIgniter\Model->doFirst()
 4 APPPATH\Controllers\LoginController.php(24): CodeIgniter\BaseModel->first()
 5 SYSTEMPATH\CodeIgniter.php(933): App\Controllers\LoginController->process()
 6 SYSTEMPATH\CodeIgniter.php(507): CodeIgniter\CodeIgniter->runController(Object(App\Controllers\LoginController))
 7 SYSTEMPATH\CodeIgniter.php(354): CodeIgniter\CodeIgniter->handleRequest(null, Object(Config\Cache), false)
 8 SYSTEMPATH\Boot.php(363): CodeIgniter\CodeIgniter->run()
 9 SYSTEMPATH\Boot.php(68): CodeIgniter\Boot::runCodeIgniter(Object(CodeIgniter\CodeIgniter))
10 FCPATH\index.php(59): CodeIgniter\Boot::bootWeb(Object(Config\Paths))
11 SYSTEMPATH\rewrite.php(44): require_once('D:\\Proyek 3\\Proyek_3\\Week_MidtermExam\\MidtermExam\\public\\index.php')
CRITICAL - 2025-10-01 07:41:47 --> [Caused by] CodeIgniter\Database\Exceptions\DatabaseException: Table 'akademik_db_w4.user' doesn't exist
in SYSTEMPATH\Database\MySQLi\Connection.php on line 332.
 1 SYSTEMPATH\Database\BaseConnection.php(729): CodeIgniter\Database\MySQLi\Connection->execute('SELECT *
FROM `user`
WHERE `email` = \'budi.gudang@mbg.id\'
 LIMIT 1')
 2 SYSTEMPATH\Database\BaseConnection.php(646): CodeIgniter\Database\BaseConnection->simpleQuery('SELECT *
FROM `user`
WHERE `email` = \'budi.gudang@mbg.id\'
 LIMIT 1')
 3 SYSTEMPATH\Database\BaseBuilder.php(1649): CodeIgniter\Database\BaseConnection->query('SELECT *
FROM `user`
WHERE `email` = :email:
 LIMIT 1', [...], false)
 4 SYSTEMPATH\Model.php(330): CodeIgniter\Database\BaseBuilder->get()
 5 SYSTEMPATH\BaseModel.php(715): CodeIgniter\Model->doFirst()
 6 APPPATH\Controllers\LoginController.php(24): CodeIgniter\BaseModel->first()
 7 SYSTEMPATH\CodeIgniter.php(933): App\Controllers\LoginController->process()
 8 SYSTEMPATH\CodeIgniter.php(507): CodeIgniter\CodeIgniter->runController(Object(App\Controllers\LoginController))
 9 SYSTEMPATH\CodeIgniter.php(354): CodeIgniter\CodeIgniter->handleRequest(null, Object(Config\Cache), false)
10 SYSTEMPATH\Boot.php(363): CodeIgniter\CodeIgniter->run()
11 SYSTEMPATH\Boot.php(68): CodeIgniter\Boot::runCodeIgniter(Object(CodeIgniter\CodeIgniter))
12 FCPATH\index.php(59): CodeIgniter\Boot::bootWeb(Object(Config\Paths))
13 SYSTEMPATH\rewrite.php(44): require_once('D:\\Proyek 3\\Proyek_3\\Week_MidtermExam\\MidtermExam\\public\\index.php')
CRITICAL - 2025-10-01 07:41:47 --> [Caused by] mysqli_sql_exception: Table 'akademik_db_w4.user' doesn't exist
in SYSTEMPATH\Database\MySQLi\Connection.php on line 327.
 1 SYSTEMPATH\Database\MySQLi\Connection.php(327): mysqli->query('SELECT *
FROM `user`
WHERE `email` = \'budi.gudang@mbg.id\'
 LIMIT 1', 0)
 2 SYSTEMPATH\Database\BaseConnection.php(729): CodeIgniter\Database\MySQLi\Connection->execute('SELECT *
FROM `user`
WHERE `email` = \'budi.gudang@mbg.id\'
 LIMIT 1')
 3 SYSTEMPATH\Database\BaseConnection.php(646): CodeIgniter\Database\BaseConnection->simpleQuery('SELECT *
FROM `user`
WHERE `email` = \'budi.gudang@mbg.id\'
 LIMIT 1')
 4 SYSTEMPATH\Database\BaseBuilder.php(1649): CodeIgniter\Database\BaseConnection->query('SELECT *
FROM `user`
WHERE `email` = :email:
 LIMIT 1', [...], false)
 5 SYSTEMPATH\Model.php(330): CodeIgniter\Database\BaseBuilder->get()
 6 SYSTEMPATH\BaseModel.php(715): CodeIgniter\Model->doFirst()
 7 APPPATH\Controllers\LoginController.php(24): CodeIgniter\BaseModel->first()
 8 SYSTEMPATH\CodeIgniter.php(933): App\Controllers\LoginController->process()
 9 SYSTEMPATH\CodeIgniter.php(507): CodeIgniter\CodeIgniter->runController(Object(App\Controllers\LoginController))
10 SYSTEMPATH\CodeIgniter.php(354): CodeIgniter\CodeIgniter->handleRequest(null, Object(Config\Cache), false)
11 SYSTEMPATH\Boot.php(363): CodeIgniter\CodeIgniter->run()
12 SYSTEMPATH\Boot.php(68): CodeIgniter\Boot::runCodeIgniter(Object(CodeIgniter\CodeIgniter))
13 FCPATH\index.php(59): CodeIgniter\Boot::bootWeb(Object(Config\Paths))
14 SYSTEMPATH\rewrite.php(44): require_once('D:\\Proyek 3\\Proyek_3\\Week_MidtermExam\\MidtermExam\\public\\index.php')
DEBUG - 2025-10-01 07:45:50 --> Session: Class initialized using 'CodeIgniter\Session\Handlers\FileHandler' driver.
DEBUG - 2025-10-01 07:45:58 --> Session: Class initialized using 'CodeIgniter\Session\Handlers\FileHandler' driver.
ERROR - 2025-10-01 07:45:58 --> mysqli_sql_exception: Table 'akademik_db_w4.user' doesn't exist in D:\Proyek 3\Proyek_3\Week_MidtermExam\MidtermExam\system\Database\MySQLi\Connection.php:327
Stack trace:
#0 D:\Proyek 3\Proyek_3\Week_MidtermExam\MidtermExam\system\Database\MySQLi\Connection.php(327): mysqli->query('SELECT *\nFROM `...', 0)
#1 D:\Proyek 3\Proyek_3\Week_MidtermExam\MidtermExam\system\Database\BaseConnection.php(729): CodeIgniter\Database\MySQLi\Connection->execute('SELECT *\nFROM `...')
#2 D:\Proyek 3\Proyek_3\Week_MidtermExam\MidtermExam\system\Database\BaseConnection.php(646): CodeIgniter\Database\BaseConnection->simpleQuery('SELECT *\nFROM `...')
#3 D:\Proyek 3\Proyek_3\Week_MidtermExam\MidtermExam\system\Database\BaseBuilder.php(1649): CodeIgniter\Database\BaseConnection->query('SELECT *\nFROM `...', Array, false)
#4 D:\Proyek 3\Proyek_3\Week_MidtermExam\MidtermExam\system\Model.php(330): CodeIgniter\Database\BaseBuilder->get()
#5 D:\Proyek 3\Proyek_3\Week_MidtermExam\MidtermExam\system\BaseModel.php(715): CodeIgniter\Model->doFirst()
#6 D:\Proyek 3\Proyek_3\Week_MidtermExam\MidtermExam\app\Controllers\LoginController.php(24): CodeIgniter\BaseModel->first()
#7 D:\Proyek 3\Proyek_3\Week_MidtermExam\MidtermExam\system\CodeIgniter.php(933): App\Controllers\LoginController->process()
#8 D:\Proyek 3\Proyek_3\Week_MidtermExam\MidtermExam\system\CodeIgniter.php(507): CodeIgniter\CodeIgniter->runController(Object(App\Controllers\LoginController))
#9 D:\Proyek 3\Proyek_3\Week_MidtermExam\MidtermExam\system\CodeIgniter.php(354): CodeIgniter\CodeIgniter->handleRequest(NULL, Object(Config\Cache), false)
#10 D:\Proyek 3\Proyek_3\Week_MidtermExam\MidtermExam\system\Boot.php(363): CodeIgniter\CodeIgniter->run()
#11 D:\Proyek 3\Proyek_3\Week_MidtermExam\MidtermExam\system\Boot.php(68): CodeIgniter\Boot::runCodeIgniter(Object(CodeIgniter\CodeIgniter))
#12 D:\Proyek 3\Proyek_3\Week_MidtermExam\MidtermExam\public\index.php(59): CodeIgniter\Boot::bootWeb(Object(Config\Paths))
#13 D:\Proyek 3\Proyek_3\Week_MidtermExam\MidtermExam\system\rewrite.php(44): require_once('D:\\Proyek 3\\Pro...')
#14 {main}
CRITICAL - 2025-10-01 07:45:58 --> CodeIgniter\Database\Exceptions\DatabaseException: Table 'akademik_db_w4.user' doesn't exist
[Method: POST, Route: login/process]
in SYSTEMPATH\Database\BaseConnection.php on line 684.
 1 SYSTEMPATH\Database\BaseBuilder.php(1649): CodeIgniter\Database\BaseConnection->query('SELECT *
FROM `user`
WHERE `email` = :email:
 LIMIT 1', [...], false)
 2 SYSTEMPATH\Model.php(330): CodeIgniter\Database\BaseBuilder->get()
 3 SYSTEMPATH\BaseModel.php(715): CodeIgniter\Model->doFirst()
 4 APPPATH\Controllers\LoginController.php(24): CodeIgniter\BaseModel->first()
 5 SYSTEMPATH\CodeIgniter.php(933): App\Controllers\LoginController->process()
 6 SYSTEMPATH\CodeIgniter.php(507): CodeIgniter\CodeIgniter->runController(Object(App\Controllers\LoginController))
 7 SYSTEMPATH\CodeIgniter.php(354): CodeIgniter\CodeIgniter->handleRequest(null, Object(Config\Cache), false)
 8 SYSTEMPATH\Boot.php(363): CodeIgniter\CodeIgniter->run()
 9 SYSTEMPATH\Boot.php(68): CodeIgniter\Boot::runCodeIgniter(Object(CodeIgniter\CodeIgniter))
10 FCPATH\index.php(59): CodeIgniter\Boot::bootWeb(Object(Config\Paths))
11 SYSTEMPATH\rewrite.php(44): require_once('D:\\Proyek 3\\Proyek_3\\Week_MidtermExam\\MidtermExam\\public\\index.php')
CRITICAL - 2025-10-01 07:45:58 --> [Caused by] CodeIgniter\Database\Exceptions\DatabaseException: Table 'akademik_db_w4.user' doesn't exist
in SYSTEMPATH\Database\MySQLi\Connection.php on line 332.
 1 SYSTEMPATH\Database\BaseConnection.php(729): CodeIgniter\Database\MySQLi\Connection->execute('SELECT *
FROM `user`
WHERE `email` = \'budi.gudang@mbg.id\'
 LIMIT 1')
 2 SYSTEMPATH\Database\BaseConnection.php(646): CodeIgniter\Database\BaseConnection->simpleQuery('SELECT *
FROM `user`
WHERE `email` = \'budi.gudang@mbg.id\'
 LIMIT 1')
 3 SYSTEMPATH\Database\BaseBuilder.php(1649): CodeIgniter\Database\BaseConnection->query('SELECT *
FROM `user`
WHERE `email` = :email:
 LIMIT 1', [...], false)
 4 SYSTEMPATH\Model.php(330): CodeIgniter\Database\BaseBuilder->get()
 5 SYSTEMPATH\BaseModel.php(715): CodeIgniter\Model->doFirst()
 6 APPPATH\Controllers\LoginController.php(24): CodeIgniter\BaseModel->first()
 7 SYSTEMPATH\CodeIgniter.php(933): App\Controllers\LoginController->process()
 8 SYSTEMPATH\CodeIgniter.php(507): CodeIgniter\CodeIgniter->runController(Object(App\Controllers\LoginController))
 9 SYSTEMPATH\CodeIgniter.php(354): CodeIgniter\CodeIgniter->handleRequest(null, Object(Config\Cache), false)
10 SYSTEMPATH\Boot.php(363): CodeIgniter\CodeIgniter->run()
11 SYSTEMPATH\Boot.php(68): CodeIgniter\Boot::runCodeIgniter(Object(CodeIgniter\CodeIgniter))
12 FCPATH\index.php(59): CodeIgniter\Boot::bootWeb(Object(Config\Paths))
13 SYSTEMPATH\rewrite.php(44): require_once('D:\\Proyek 3\\Proyek_3\\Week_MidtermExam\\MidtermExam\\public\\index.php')
CRITICAL - 2025-10-01 07:45:58 --> [Caused by] mysqli_sql_exception: Table 'akademik_db_w4.user' doesn't exist
in SYSTEMPATH\Database\MySQLi\Connection.php on line 327.
 1 SYSTEMPATH\Database\MySQLi\Connection.php(327): mysqli->query('SELECT *
FROM `user`
WHERE `email` = \'budi.gudang@mbg.id\'
 LIMIT 1', 0)
 2 SYSTEMPATH\Database\BaseConnection.php(729): CodeIgniter\Database\MySQLi\Connection->execute('SELECT *
FROM `user`
WHERE `email` = \'budi.gudang@mbg.id\'
 LIMIT 1')
 3 SYSTEMPATH\Database\BaseConnection.php(646): CodeIgniter\Database\BaseConnection->simpleQuery('SELECT *
FROM `user`
WHERE `email` = \'budi.gudang@mbg.id\'
 LIMIT 1')
 4 SYSTEMPATH\Database\BaseBuilder.php(1649): CodeIgniter\Database\BaseConnection->query('SELECT *
FROM `user`
WHERE `email` = :email:
 LIMIT 1', [...], false)
 5 SYSTEMPATH\Model.php(330): CodeIgniter\Database\BaseBuilder->get()
 6 SYSTEMPATH\BaseModel.php(715): CodeIgniter\Model->doFirst()
 7 APPPATH\Controllers\LoginController.php(24): CodeIgniter\BaseModel->first()
 8 SYSTEMPATH\CodeIgniter.php(933): App\Controllers\LoginController->process()
 9 SYSTEMPATH\CodeIgniter.php(507): CodeIgniter\CodeIgniter->runController(Object(App\Controllers\LoginController))
10 SYSTEMPATH\CodeIgniter.php(354): CodeIgniter\CodeIgniter->handleRequest(null, Object(Config\Cache), false)
11 SYSTEMPATH\Boot.php(363): CodeIgniter\CodeIgniter->run()
12 SYSTEMPATH\Boot.php(68): CodeIgniter\Boot::runCodeIgniter(Object(CodeIgniter\CodeIgniter))
13 FCPATH\index.php(59): CodeIgniter\Boot::bootWeb(Object(Config\Paths))
14 SYSTEMPATH\rewrite.php(44): require_once('D:\\Proyek 3\\Proyek_3\\Week_MidtermExam\\MidtermExam\\public\\index.php')
DEBUG - 2025-10-01 07:46:04 --> Session: Class initialized using 'CodeIgniter\Session\Handlers\FileHandler' driver.
DEBUG - 2025-10-01 07:47:09 --> Session: Class initialized using 'CodeIgniter\Session\Handlers\FileHandler' driver.
DEBUG - 2025-10-01 07:47:17 --> Session: Class initialized using 'CodeIgniter\Session\Handlers\FileHandler' driver.
DEBUG - 2025-10-01 07:47:17 --> Session: Class initialized using 'CodeIgniter\Session\Handlers\FileHandler' driver.
DEBUG - 2025-10-01 08:03:51 --> Session: Class initialized using 'CodeIgniter\Session\Handlers\FileHandler' driver.
DEBUG - 2025-10-01 08:03:59 --> Session: Class initialized using 'CodeIgniter\Session\Handlers\FileHandler' driver.
DEBUG - 2025-10-01 08:05:21 --> Session: Class initialized using 'CodeIgniter\Session\Handlers\FileHandler' driver.
DEBUG - 2025-10-01 08:05:50 --> Session: Class initialized using 'CodeIgniter\Session\Handlers\FileHandler' driver.
DEBUG - 2025-10-01 08:05:55 --> Session: Class initialized using 'CodeIgniter\Session\Handlers\FileHandler' driver.
DEBUG - 2025-10-01 08:05:55 --> Session: Class initialized using 'CodeIgniter\Session\Handlers\FileHandler' driver.
DEBUG - 2025-10-01 08:06:34 --> Session: Class initialized using 'CodeIgniter\Session\Handlers\FileHandler' driver.
DEBUG - 2025-10-01 08:06:34 --> Session: Class initialized using 'CodeIgniter\Session\Handlers\FileHandler' driver.
DEBUG - 2025-10-01 08:19:14 --> Session: Class initialized using 'CodeIgniter\Session\Handlers\FileHandler' driver.
DEBUG - 2025-10-01 08:19:18 --> Session: Class initialized using 'CodeIgniter\Session\Handlers\FileHandler' driver.
DEBUG - 2025-10-01 08:19:18 --> Session: Class initialized using 'CodeIgniter\Session\Handlers\FileHandler' driver.
DEBUG - 2025-10-01 08:19:35 --> Session: Class initialized using 'CodeIgniter\Session\Handlers\FileHandler' driver.
DEBUG - 2025-10-01 08:19:35 --> Session: Class initialized using 'CodeIgniter\Session\Handlers\FileHandler' driver.
DEBUG - 2025-10-01 08:19:41 --> Session: Class initialized using 'CodeIgniter\Session\Handlers\FileHandler' driver.
DEBUG - 2025-10-01 08:19:46 --> Session: Class initialized using 'CodeIgniter\Session\Handlers\FileHandler' driver.
DEBUG - 2025-10-01 08:19:47 --> Session: Class initialized using 'CodeIgniter\Session\Handlers\FileHandler' driver.
DEBUG - 2025-10-01 08:21:33 --> Session: Class initialized using 'CodeIgniter\Session\Handlers\FileHandler' driver.
DEBUG - 2025-10-01 08:21:42 --> Session: Class initialized using 'CodeIgniter\Session\Handlers\FileHandler' driver.
DEBUG - 2025-10-01 08:21:42 --> Session: Class initialized using 'CodeIgniter\Session\Handlers\FileHandler' driver.
DEBUG - 2025-10-01 08:21:45 --> Session: Class initialized using 'CodeIgniter\Session\Handlers\FileHandler' driver.
DEBUG - 2025-10-01 08:21:50 --> Session: Class initialized using 'CodeIgniter\Session\Handlers\FileHandler' driver.
DEBUG - 2025-10-01 08:21:51 --> Session: Class initialized using 'CodeIgniter\Session\Handlers\FileHandler' driver.
DEBUG - 2025-10-01 08:25:42 --> Session: Class initialized using 'CodeIgniter\Session\Handlers\FileHandler' driver.
DEBUG - 2025-10-01 08:25:42 --> Session: Class initialized using 'CodeIgniter\Session\Handlers\FileHandler' driver.
DEBUG - 2025-10-01 08:26:23 --> Session: Class initialized using 'CodeIgniter\Session\Handlers\FileHandler' driver.
DEBUG - 2025-10-01 08:26:24 --> Session: Class initialized using 'CodeIgniter\Session\Handlers\FileHandler' driver.
DEBUG - 2025-10-01 08:26:43 --> Session: Class initialized using 'CodeIgniter\Session\Handlers\FileHandler' driver.
DEBUG - 2025-10-01 08:26:43 --> Session: Class initialized using 'CodeIgniter\Session\Handlers\FileHandler' driver.
DEBUG - 2025-10-01 08:26:48 --> Session: Class initialized using 'CodeIgniter\Session\Handlers\FileHandler' driver.
DEBUG - 2025-10-01 08:26:48 --> Session: Class initialized using 'CodeIgniter\Session\Handlers\FileHandler' driver.
DEBUG - 2025-10-01 08:26:58 --> Session: Class initialized using 'CodeIgniter\Session\Handlers\FileHandler' driver.
DEBUG - 2025-10-01 08:26:58 --> Session: Class initialized using 'CodeIgniter\Session\Handlers\FileHandler' driver.
DEBUG - 2025-10-01 08:39:47 --> Session: Class initialized using 'CodeIgniter\Session\Handlers\FileHandler' driver.
DEBUG - 2025-10-01 08:39:53 --> Session: Class initialized using 'CodeIgniter\Session\Handlers\FileHandler' driver.
DEBUG - 2025-10-01 08:39:53 --> Session: Class initialized using 'CodeIgniter\Session\Handlers\FileHandler' driver.
DEBUG - 2025-10-01 08:40:14 --> Session: Class initialized using 'CodeIgniter\Session\Handlers\FileHandler' driver.
DEBUG - 2025-10-01 08:40:17 --> Session: Class initialized using 'CodeIgniter\Session\Handlers\FileHandler' driver.
DEBUG - 2025-10-01 08:40:21 --> Session: Class initialized using 'CodeIgniter\Session\Handlers\FileHandler' driver.
DEBUG - 2025-10-01 08:40:25 --> Session: Class initialized using 'CodeIgniter\Session\Handlers\FileHandler' driver.
DEBUG - 2025-10-01 08:41:48 --> Session: Class initialized using 'CodeIgniter\Session\Handlers\FileHandler' driver.
DEBUG - 2025-10-01 08:41:54 --> Session: Class initialized using 'CodeIgniter\Session\Handlers\FileHandler' driver.
DEBUG - 2025-10-01 08:42:17 --> Session: Class initialized using 'CodeIgniter\Session\Handlers\FileHandler' driver.
DEBUG - 2025-10-01 08:42:32 --> Session: Class initialized using 'CodeIgniter\Session\Handlers\FileHandler' driver.
DEBUG - 2025-10-01 08:42:33 --> Session: Class initialized using 'CodeIgniter\Session\Handlers\FileHandler' driver.
DEBUG - 2025-10-01 08:42:35 --> Session: Class initialized using 'CodeIgniter\Session\Handlers\FileHandler' driver.
DEBUG - 2025-10-01 08:42:37 --> Session: Class initialized using 'CodeIgniter\Session\Handlers\FileHandler' driver.
DEBUG - 2025-10-01 08:44:52 --> Session: Class initialized using 'CodeIgniter\Session\Handlers\FileHandler' driver.
DEBUG - 2025-10-01 08:45:27 --> Session: Class initialized using 'CodeIgniter\Session\Handlers\FileHandler' driver.
DEBUG - 2025-10-01 09:13:07 --> Session: Class initialized using 'CodeIgniter\Session\Handlers\FileHandler' driver.
DEBUG - 2025-10-01 09:13:07 --> Session: Class initialized using 'CodeIgniter\Session\Handlers\FileHandler' driver.
DEBUG - 2025-10-01 09:13:26 --> Session: Class initialized using 'CodeIgniter\Session\Handlers\FileHandler' driver.
DEBUG - 2025-10-01 09:13:26 --> Session: Class initialized using 'CodeIgniter\Session\Handlers\FileHandler' driver.
DEBUG - 2025-10-01 09:13:40 --> Session: Class initialized using 'CodeIgniter\Session\Handlers\FileHandler' driver.
DEBUG - 2025-10-01 09:15:36 --> Session: Class initialized using 'CodeIgniter\Session\Handlers\FileHandler' driver.
DEBUG - 2025-10-01 09:15:36 --> Session: Class initialized using 'CodeIgniter\Session\Handlers\FileHandler' driver.
DEBUG - 2025-10-01 09:15:50 --> Session: Class initialized using 'CodeIgniter\Session\Handlers\FileHandler' driver.
DEBUG - 2025-10-01 09:16:39 --> Session: Class initialized using 'CodeIgniter\Session\Handlers\FileHandler' driver.
ERROR - 2025-10-01 09:16:39 --> mysqli_sql_exception: Duplicate entry '0' for key 'PRIMARY' in D:\Proyek 3\Proyek_3\Week_MidtermExam\MidtermExam\system\Database\MySQLi\Connection.php:327
Stack trace:
#0 D:\Proyek 3\Proyek_3\Week_MidtermExam\MidtermExam\system\Database\MySQLi\Connection.php(327): mysqli->query('INSERT INTO `ba...', 0)
#1 D:\Proyek 3\Proyek_3\Week_MidtermExam\MidtermExam\system\Database\BaseConnection.php(729): CodeIgniter\Database\MySQLi\Connection->execute('INSERT INTO `ba...')
#2 D:\Proyek 3\Proyek_3\Week_MidtermExam\MidtermExam\system\Database\BaseConnection.php(646): CodeIgniter\Database\BaseConnection->simpleQuery('INSERT INTO `ba...')
#3 D:\Proyek 3\Proyek_3\Week_MidtermExam\MidtermExam\system\Database\BaseBuilder.php(2345): CodeIgniter\Database\BaseConnection->query('INSERT INTO `ba...', Array, false)
#4 D:\Proyek 3\Proyek_3\Week_MidtermExam\MidtermExam\system\Model.php(394): CodeIgniter\Database\BaseBuilder->insert()
#5 D:\Proyek 3\Proyek_3\Week_MidtermExam\MidtermExam\system\BaseModel.php(838): CodeIgniter\Model->doInsert(Array)
#6 D:\Proyek 3\Proyek_3\Week_MidtermExam\MidtermExam\system\Model.php(797): CodeIgniter\BaseModel->insert(Array, false)
#7 D:\Proyek 3\Proyek_3\Week_MidtermExam\MidtermExam\system\BaseModel.php(751): CodeIgniter\Model->insert(Array, false)
#8 D:\Proyek 3\Proyek_3\Week_MidtermExam\MidtermExam\app\Controllers\GudangController.php(43): CodeIgniter\BaseModel->save(Array)
#9 D:\Proyek 3\Proyek_3\Week_MidtermExam\MidtermExam\system\CodeIgniter.php(933): App\Controllers\GudangController->create()
#10 D:\Proyek 3\Proyek_3\Week_MidtermExam\MidtermExam\system\CodeIgniter.php(507): CodeIgniter\CodeIgniter->runController(Object(App\Controllers\GudangController))
#11 D:\Proyek 3\Proyek_3\Week_MidtermExam\MidtermExam\system\CodeIgniter.php(354): CodeIgniter\CodeIgniter->handleRequest(NULL, Object(Config\Cache), false)
#12 D:\Proyek 3\Proyek_3\Week_MidtermExam\MidtermExam\system\Boot.php(363): CodeIgniter\CodeIgniter->run()
#13 D:\Proyek 3\Proyek_3\Week_MidtermExam\MidtermExam\system\Boot.php(68): CodeIgniter\Boot::runCodeIgniter(Object(CodeIgniter\CodeIgniter))
#14 D:\Proyek 3\Proyek_3\Week_MidtermExam\MidtermExam\public\index.php(59): CodeIgniter\Boot::bootWeb(Object(Config\Paths))
#15 D:\Proyek 3\Proyek_3\Week_MidtermExam\MidtermExam\system\rewrite.php(44): require_once('D:\\Proyek 3\\Pro...')
#16 {main}
CRITICAL - 2025-10-01 09:16:39 --> CodeIgniter\Database\Exceptions\DatabaseException: Duplicate entry '0' for key 'PRIMARY'
[Method: POST, Route: gudang/bahan/create]
in SYSTEMPATH\Database\BaseConnection.php on line 684.
 1 SYSTEMPATH\Database\BaseBuilder.php(2345): CodeIgniter\Database\BaseConnection->query('INSERT INTO `bahan_baku` (`nama`, `kategori`, `jumlah`, `satuan`, `tanggal_masuk`, `tanggal_kadaluarsa`, `status`) VALUES (:nama:, :kategori:, :jumlah:, :satuan:, :tanggal_masuk:, :tanggal_kadaluarsa:, :status:)', [...], false)
 2 SYSTEMPATH\Model.php(394): CodeIgniter\Database\BaseBuilder->insert()
 3 SYSTEMPATH\BaseModel.php(838): CodeIgniter\Model->doInsert([...])
 4 SYSTEMPATH\Model.php(797): CodeIgniter\BaseModel->insert([...], false)
 5 SYSTEMPATH\BaseModel.php(751): CodeIgniter\Model->insert([...], false)
 6 APPPATH\Controllers\GudangController.php(43): CodeIgniter\BaseModel->save([...])
 7 SYSTEMPATH\CodeIgniter.php(933): App\Controllers\GudangController->create()
 8 SYSTEMPATH\CodeIgniter.php(507): CodeIgniter\CodeIgniter->runController(Object(App\Controllers\GudangController))
 9 SYSTEMPATH\CodeIgniter.php(354): CodeIgniter\CodeIgniter->handleRequest(null, Object(Config\Cache), false)
10 SYSTEMPATH\Boot.php(363): CodeIgniter\CodeIgniter->run()
11 SYSTEMPATH\Boot.php(68): CodeIgniter\Boot::runCodeIgniter(Object(CodeIgniter\CodeIgniter))
12 FCPATH\index.php(59): CodeIgniter\Boot::bootWeb(Object(Config\Paths))
13 SYSTEMPATH\rewrite.php(44): require_once('D:\\Proyek 3\\Proyek_3\\Week_MidtermExam\\MidtermExam\\public\\index.php')
CRITICAL - 2025-10-01 09:16:39 --> [Caused by] CodeIgniter\Database\Exceptions\DatabaseException: Duplicate entry '0' for key 'PRIMARY'
in SYSTEMPATH\Database\MySQLi\Connection.php on line 332.
 1 SYSTEMPATH\Database\BaseConnection.php(729): CodeIgniter\Database\MySQLi\Connection->execute('INSERT INTO `bahan_baku` (`nama`, `kategori`, `jumlah`, `satuan`, `tanggal_masuk`, `tanggal_kadaluarsa`, `status`) VALUES (\'Sirip Hiu Basi\', \'Daging\', \'20\', \'ikat\', \'2006-12-12\', \'2007-12-12\', \'tersedia\')')
 2 SYSTEMPATH\Database\BaseConnection.php(646): CodeIgniter\Database\BaseConnection->simpleQuery('INSERT INTO `bahan_baku` (`nama`, `kategori`, `jumlah`, `satuan`, `tanggal_masuk`, `tanggal_kadaluarsa`, `status`) VALUES (\'Sirip Hiu Basi\', \'Daging\', \'20\', \'ikat\', \'2006-12-12\', \'2007-12-12\', \'tersedia\')')
 3 SYSTEMPATH\Database\BaseBuilder.php(2345): CodeIgniter\Database\BaseConnection->query('INSERT INTO `bahan_baku` (`nama`, `kategori`, `jumlah`, `satuan`, `tanggal_masuk`, `tanggal_kadaluarsa`, `status`) VALUES (:nama:, :kategori:, :jumlah:, :satuan:, :tanggal_masuk:, :tanggal_kadaluarsa:, :status:)', [...], false)
 4 SYSTEMPATH\Model.php(394): CodeIgniter\Database\BaseBuilder->insert()
 5 SYSTEMPATH\BaseModel.php(838): CodeIgniter\Model->doInsert([...])
 6 SYSTEMPATH\Model.php(797): CodeIgniter\BaseModel->insert([...], false)
 7 SYSTEMPATH\BaseModel.php(751): CodeIgniter\Model->insert([...], false)
 8 APPPATH\Controllers\GudangController.php(43): CodeIgniter\BaseModel->save([...])
 9 SYSTEMPATH\CodeIgniter.php(933): App\Controllers\GudangController->create()
10 SYSTEMPATH\CodeIgniter.php(507): CodeIgniter\CodeIgniter->runController(Object(App\Controllers\GudangController))
11 SYSTEMPATH\CodeIgniter.php(354): CodeIgniter\CodeIgniter->handleRequest(null, Object(Config\Cache), false)
12 SYSTEMPATH\Boot.php(363): CodeIgniter\CodeIgniter->run()
13 SYSTEMPATH\Boot.php(68): CodeIgniter\Boot::runCodeIgniter(Object(CodeIgniter\CodeIgniter))
14 FCPATH\index.php(59): CodeIgniter\Boot::bootWeb(Object(Config\Paths))
15 SYSTEMPATH\rewrite.php(44): require_once('D:\\Proyek 3\\Proyek_3\\Week_MidtermExam\\MidtermExam\\public\\index.php')
CRITICAL - 2025-10-01 09:16:39 --> [Caused by] mysqli_sql_exception: Duplicate entry '0' for key 'PRIMARY'
in SYSTEMPATH\Database\MySQLi\Connection.php on line 327.
 1 SYSTEMPATH\Database\MySQLi\Connection.php(327): mysqli->query('INSERT INTO `bahan_baku` (`nama`, `kategori`, `jumlah`, `satuan`, `tanggal_masuk`, `tanggal_kadaluarsa`, `status`) VALUES (\'Sirip Hiu Basi\', \'Daging\', \'20\', \'ikat\', \'2006-12-12\', \'2007-12-12\', \'tersedia\')', 0)
 2 SYSTEMPATH\Database\BaseConnection.php(729): CodeIgniter\Database\MySQLi\Connection->execute('INSERT INTO `bahan_baku` (`nama`, `kategori`, `jumlah`, `satuan`, `tanggal_masuk`, `tanggal_kadaluarsa`, `status`) VALUES (\'Sirip Hiu Basi\', \'Daging\', \'20\', \'ikat\', \'2006-12-12\', \'2007-12-12\', \'tersedia\')')
 3 SYSTEMPATH\Database\BaseConnection.php(646): CodeIgniter\Database\BaseConnection->simpleQuery('INSERT INTO `bahan_baku` (`nama`, `kategori`, `jumlah`, `satuan`, `tanggal_masuk`, `tanggal_kadaluarsa`, `status`) VALUES (\'Sirip Hiu Basi\', \'Daging\', \'20\', \'ikat\', \'2006-12-12\', \'2007-12-12\', \'tersedia\')')
 4 SYSTEMPATH\Database\BaseBuilder.php(2345): CodeIgniter\Database\BaseConnection->query('INSERT INTO `bahan_baku` (`nama`, `kategori`, `jumlah`, `satuan`, `tanggal_masuk`, `tanggal_kadaluarsa`, `status`) VALUES (:nama:, :kategori:, :jumlah:, :satuan:, :tanggal_masuk:, :tanggal_kadaluarsa:, :status:)', [...], false)
 5 SYSTEMPATH\Model.php(394): CodeIgniter\Database\BaseBuilder->insert()
 6 SYSTEMPATH\BaseModel.php(838): CodeIgniter\Model->doInsert([...])
 7 SYSTEMPATH\Model.php(797): CodeIgniter\BaseModel->insert([...], false)
 8 SYSTEMPATH\BaseModel.php(751): CodeIgniter\Model->insert([...], false)
 9 APPPATH\Controllers\GudangController.php(43): CodeIgniter\BaseModel->save([...])
10 SYSTEMPATH\CodeIgniter.php(933): App\Controllers\GudangController->create()
11 SYSTEMPATH\CodeIgniter.php(507): CodeIgniter\CodeIgniter->runController(Object(App\Controllers\GudangController))
12 SYSTEMPATH\CodeIgniter.php(354): CodeIgniter\CodeIgniter->handleRequest(null, Object(Config\Cache), false)
13 SYSTEMPATH\Boot.php(363): CodeIgniter\CodeIgniter->run()
14 SYSTEMPATH\Boot.php(68): CodeIgniter\Boot::runCodeIgniter(Object(CodeIgniter\CodeIgniter))
15 FCPATH\index.php(59): CodeIgniter\Boot::bootWeb(Object(Config\Paths))
16 SYSTEMPATH\rewrite.php(44): require_once('D:\\Proyek 3\\Proyek_3\\Week_MidtermExam\\MidtermExam\\public\\index.php')
DEBUG - 2025-10-01 09:17:00 --> Session: Class initialized using 'CodeIgniter\Session\Handlers\FileHandler' driver.
DEBUG - 2025-10-01 09:22:32 --> Session: Class initialized using 'CodeIgniter\Session\Handlers\FileHandler' driver.
INFO - 2025-10-01 09:26:08 --> REDIRECTED ROUTE at http://localhost:8080/login
DEBUG - 2025-10-01 09:26:08 --> Session: Class initialized using 'CodeIgniter\Session\Handlers\FileHandler' driver.
DEBUG - 2025-10-01 09:26:20 --> Session: Class initialized using 'CodeIgniter\Session\Handlers\FileHandler' driver.
DEBUG - 2025-10-01 09:26:20 --> Session: Class initialized using 'CodeIgniter\Session\Handlers\FileHandler' driver.
DEBUG - 2025-10-01 09:26:52 --> Session: Class initialized using 'CodeIgniter\Session\Handlers\FileHandler' driver.
DEBUG - 2025-10-01 09:27:27 --> Session: Class initialized using 'CodeIgniter\Session\Handlers\FileHandler' driver.
ERROR - 2025-10-01 09:27:27 --> mysqli_sql_exception: Duplicate entry '0' for key 'PRIMARY' in D:\Proyek 3\Proyek_3\Week_MidtermExam\MidtermExam\system\Database\MySQLi\Connection.php:327
Stack trace:
#0 D:\Proyek 3\Proyek_3\Week_MidtermExam\MidtermExam\system\Database\MySQLi\Connection.php(327): mysqli->query('INSERT INTO `ba...', 0)
#1 D:\Proyek 3\Proyek_3\Week_MidtermExam\MidtermExam\system\Database\BaseConnection.php(729): CodeIgniter\Database\MySQLi\Connection->execute('INSERT INTO `ba...')
#2 D:\Proyek 3\Proyek_3\Week_MidtermExam\MidtermExam\system\Database\BaseConnection.php(646): CodeIgniter\Database\BaseConnection->simpleQuery('INSERT INTO `ba...')
#3 D:\Proyek 3\Proyek_3\Week_MidtermExam\MidtermExam\system\Database\BaseBuilder.php(2345): CodeIgniter\Database\BaseConnection->query('INSERT INTO `ba...', Array, false)
#4 D:\Proyek 3\Proyek_3\Week_MidtermExam\MidtermExam\system\Model.php(394): CodeIgniter\Database\BaseBuilder->insert()
#5 D:\Proyek 3\Proyek_3\Week_MidtermExam\MidtermExam\system\BaseModel.php(838): CodeIgniter\Model->doInsert(Array)
#6 D:\Proyek 3\Proyek_3\Week_MidtermExam\MidtermExam\system\Model.php(797): CodeIgniter\BaseModel->insert(Array, false)
#7 D:\Proyek 3\Proyek_3\Week_MidtermExam\MidtermExam\system\BaseModel.php(751): CodeIgniter\Model->insert(Array, false)
#8 D:\Proyek 3\Proyek_3\Week_MidtermExam\MidtermExam\app\Controllers\GudangController.php(43): CodeIgniter\BaseModel->save(Array)
#9 D:\Proyek 3\Proyek_3\Week_MidtermExam\MidtermExam\system\CodeIgniter.php(933): App\Controllers\GudangController->create()
#10 D:\Proyek 3\Proyek_3\Week_MidtermExam\MidtermExam\system\CodeIgniter.php(507): CodeIgniter\CodeIgniter->runController(Object(App\Controllers\GudangController))
#11 D:\Proyek 3\Proyek_3\Week_MidtermExam\MidtermExam\system\CodeIgniter.php(354): CodeIgniter\CodeIgniter->handleRequest(NULL, Object(Config\Cache), false)
#12 D:\Proyek 3\Proyek_3\Week_MidtermExam\MidtermExam\system\Boot.php(363): CodeIgniter\CodeIgniter->run()
#13 D:\Proyek 3\Proyek_3\Week_MidtermExam\MidtermExam\system\Boot.php(68): CodeIgniter\Boot::runCodeIgniter(Object(CodeIgniter\CodeIgniter))
#14 D:\Proyek 3\Proyek_3\Week_MidtermExam\MidtermExam\public\index.php(59): CodeIgniter\Boot::bootWeb(Object(Config\Paths))
#15 D:\Proyek 3\Proyek_3\Week_MidtermExam\MidtermExam\system\rewrite.php(44): require_once('D:\\Proyek 3\\Pro...')
#16 {main}
CRITICAL - 2025-10-01 09:27:27 --> CodeIgniter\Database\Exceptions\DatabaseException: Duplicate entry '0' for key 'PRIMARY'
[Method: POST, Route: gudang/bahan/create]
in SYSTEMPATH\Database\BaseConnection.php on line 684.
 1 SYSTEMPATH\Database\BaseBuilder.php(2345): CodeIgniter\Database\BaseConnection->query('INSERT INTO `bahan_baku` (`nama`, `kategori`, `jumlah`, `satuan`, `tanggal_masuk`, `tanggal_kadaluarsa`, `status`) VALUES (:nama:, :kategori:, :jumlah:, :satuan:, :tanggal_masuk:, :tanggal_kadaluarsa:, :status:)', [...], false)
 2 SYSTEMPATH\Model.php(394): CodeIgniter\Database\BaseBuilder->insert()
 3 SYSTEMPATH\BaseModel.php(838): CodeIgniter\Model->doInsert([...])
 4 SYSTEMPATH\Model.php(797): CodeIgniter\BaseModel->insert([...], false)
 5 SYSTEMPATH\BaseModel.php(751): CodeIgniter\Model->insert([...], false)
 6 APPPATH\Controllers\GudangController.php(43): CodeIgniter\BaseModel->save([...])
 7 SYSTEMPATH\CodeIgniter.php(933): App\Controllers\GudangController->create()
 8 SYSTEMPATH\CodeIgniter.php(507): CodeIgniter\CodeIgniter->runController(Object(App\Controllers\GudangController))
 9 SYSTEMPATH\CodeIgniter.php(354): CodeIgniter\CodeIgniter->handleRequest(null, Object(Config\Cache), false)
10 SYSTEMPATH\Boot.php(363): CodeIgniter\CodeIgniter->run()
11 SYSTEMPATH\Boot.php(68): CodeIgniter\Boot::runCodeIgniter(Object(CodeIgniter\CodeIgniter))
12 FCPATH\index.php(59): CodeIgniter\Boot::bootWeb(Object(Config\Paths))
13 SYSTEMPATH\rewrite.php(44): require_once('D:\\Proyek 3\\Proyek_3\\Week_MidtermExam\\MidtermExam\\public\\index.php')
CRITICAL - 2025-10-01 09:27:27 --> [Caused by] CodeIgniter\Database\Exceptions\DatabaseException: Duplicate entry '0' for key 'PRIMARY'
in SYSTEMPATH\Database\MySQLi\Connection.php on line 332.
 1 SYSTEMPATH\Database\BaseConnection.php(729): CodeIgniter\Database\MySQLi\Connection->execute('INSERT INTO `bahan_baku` (`nama`, `kategori`, `jumlah`, `satuan`, `tanggal_masuk`, `tanggal_kadaluarsa`, `status`) VALUES (\'Sirip\', \'Daging\', \'20\', \'ikat\', \'2006-12-12\', \'2056-12-12\', \'tersedia\')')
 2 SYSTEMPATH\Database\BaseConnection.php(646): CodeIgniter\Database\BaseConnection->simpleQuery('INSERT INTO `bahan_baku` (`nama`, `kategori`, `jumlah`, `satuan`, `tanggal_masuk`, `tanggal_kadaluarsa`, `status`) VALUES (\'Sirip\', \'Daging\', \'20\', \'ikat\', \'2006-12-12\', \'2056-12-12\', \'tersedia\')')
 3 SYSTEMPATH\Database\BaseBuilder.php(2345): CodeIgniter\Database\BaseConnection->query('INSERT INTO `bahan_baku` (`nama`, `kategori`, `jumlah`, `satuan`, `tanggal_masuk`, `tanggal_kadaluarsa`, `status`) VALUES (:nama:, :kategori:, :jumlah:, :satuan:, :tanggal_masuk:, :tanggal_kadaluarsa:, :status:)', [...], false)
 4 SYSTEMPATH\Model.php(394): CodeIgniter\Database\BaseBuilder->insert()
 5 SYSTEMPATH\BaseModel.php(838): CodeIgniter\Model->doInsert([...])
 6 SYSTEMPATH\Model.php(797): CodeIgniter\BaseModel->insert([...], false)
 7 SYSTEMPATH\BaseModel.php(751): CodeIgniter\Model->insert([...], false)
 8 APPPATH\Controllers\GudangController.php(43): CodeIgniter\BaseModel->save([...])
 9 SYSTEMPATH\CodeIgniter.php(933): App\Controllers\GudangController->create()
10 SYSTEMPATH\CodeIgniter.php(507): CodeIgniter\CodeIgniter->runController(Object(App\Controllers\GudangController))
11 SYSTEMPATH\CodeIgniter.php(354): CodeIgniter\CodeIgniter->handleRequest(null, Object(Config\Cache), false)
12 SYSTEMPATH\Boot.php(363): CodeIgniter\CodeIgniter->run()
13 SYSTEMPATH\Boot.php(68): CodeIgniter\Boot::runCodeIgniter(Object(CodeIgniter\CodeIgniter))
14 FCPATH\index.php(59): CodeIgniter\Boot::bootWeb(Object(Config\Paths))
15 SYSTEMPATH\rewrite.php(44): require_once('D:\\Proyek 3\\Proyek_3\\Week_MidtermExam\\MidtermExam\\public\\index.php')
CRITICAL - 2025-10-01 09:27:27 --> [Caused by] mysqli_sql_exception: Duplicate entry '0' for key 'PRIMARY'
in SYSTEMPATH\Database\MySQLi\Connection.php on line 327.
 1 SYSTEMPATH\Database\MySQLi\Connection.php(327): mysqli->query('INSERT INTO `bahan_baku` (`nama`, `kategori`, `jumlah`, `satuan`, `tanggal_masuk`, `tanggal_kadaluarsa`, `status`) VALUES (\'Sirip\', \'Daging\', \'20\', \'ikat\', \'2006-12-12\', \'2056-12-12\', \'tersedia\')', 0)
 2 SYSTEMPATH\Database\BaseConnection.php(729): CodeIgniter\Database\MySQLi\Connection->execute('INSERT INTO `bahan_baku` (`nama`, `kategori`, `jumlah`, `satuan`, `tanggal_masuk`, `tanggal_kadaluarsa`, `status`) VALUES (\'Sirip\', \'Daging\', \'20\', \'ikat\', \'2006-12-12\', \'2056-12-12\', \'tersedia\')')
 3 SYSTEMPATH\Database\BaseConnection.php(646): CodeIgniter\Database\BaseConnection->simpleQuery('INSERT INTO `bahan_baku` (`nama`, `kategori`, `jumlah`, `satuan`, `tanggal_masuk`, `tanggal_kadaluarsa`, `status`) VALUES (\'Sirip\', \'Daging\', \'20\', \'ikat\', \'2006-12-12\', \'2056-12-12\', \'tersedia\')')
 4 SYSTEMPATH\Database\BaseBuilder.php(2345): CodeIgniter\Database\BaseConnection->query('INSERT INTO `bahan_baku` (`nama`, `kategori`, `jumlah`, `satuan`, `tanggal_masuk`, `tanggal_kadaluarsa`, `status`) VALUES (:nama:, :kategori:, :jumlah:, :satuan:, :tanggal_masuk:, :tanggal_kadaluarsa:, :status:)', [...], false)
 5 SYSTEMPATH\Model.php(394): CodeIgniter\Database\BaseBuilder->insert()
 6 SYSTEMPATH\BaseModel.php(838): CodeIgniter\Model->doInsert([...])
 7 SYSTEMPATH\Model.php(797): CodeIgniter\BaseModel->insert([...], false)
 8 SYSTEMPATH\BaseModel.php(751): CodeIgniter\Model->insert([...], false)
 9 APPPATH\Controllers\GudangController.php(43): CodeIgniter\BaseModel->save([...])
10 SYSTEMPATH\CodeIgniter.php(933): App\Controllers\GudangController->create()
11 SYSTEMPATH\CodeIgniter.php(507): CodeIgniter\CodeIgniter->runController(Object(App\Controllers\GudangController))
12 SYSTEMPATH\CodeIgniter.php(354): CodeIgniter\CodeIgniter->handleRequest(null, Object(Config\Cache), false)
13 SYSTEMPATH\Boot.php(363): CodeIgniter\CodeIgniter->run()
14 SYSTEMPATH\Boot.php(68): CodeIgniter\Boot::runCodeIgniter(Object(CodeIgniter\CodeIgniter))
15 FCPATH\index.php(59): CodeIgniter\Boot::bootWeb(Object(Config\Paths))
16 SYSTEMPATH\rewrite.php(44): require_once('D:\\Proyek 3\\Proyek_3\\Week_MidtermExam\\MidtermExam\\public\\index.php')
DEBUG - 2025-10-01 09:27:45 --> Session: Class initialized using 'CodeIgniter\Session\Handlers\FileHandler' driver.
DEBUG - 2025-10-01 09:28:01 --> Session: Class initialized using 'CodeIgniter\Session\Handlers\FileHandler' driver.
DEBUG - 2025-10-01 09:28:02 --> Session: Class initialized using 'CodeIgniter\Session\Handlers\FileHandler' driver.
DEBUG - 2025-10-01 09:28:37 --> Session: Class initialized using 'CodeIgniter\Session\Handlers\FileHandler' driver.
DEBUG - 2025-10-01 09:28:38 --> Session: Class initialized using 'CodeIgniter\Session\Handlers\FileHandler' driver.
DEBUG - 2025-10-01 09:29:30 --> Session: Class initialized using 'CodeIgniter\Session\Handlers\FileHandler' driver.
DEBUG - 2025-10-01 09:29:30 --> Session: Class initialized using 'CodeIgniter\Session\Handlers\FileHandler' driver.
