CRITICAL - 2025-09-03 04:19:25 --> TypeError: App\Controllers\Home::index(): Return value must be of type string, none returned
[Method: GET, Route: /]
in APPPATH\Controllers\Home.php on line 10.
 1 SYSTEMPATH\CodeIgniter.php(933): App\Controllers\Home->index()
 2 SYSTEMPATH\CodeIgniter.php(507): CodeIgniter\CodeIgniter->runController(Object(App\Controllers\Home))
 3 SYSTEMPATH\CodeIgniter.php(354): CodeIgniter\CodeIgniter->handleRequest(null, Object(Config\Cache), false)
 4 SYSTEMPATH\Boot.php(363): CodeIgniter\CodeIgniter->run()
 5 SYSTEMPATH\Boot.php(68): CodeIgniter\Boot::runCodeIgniter(Object(CodeIgniter\CodeIgniter))
 6 FCPATH\index.php(59): CodeIgniter\Boot::bootWeb(Object(Config\Paths))
CRITICAL - 2025-09-03 04:19:58 --> TypeError: App\Controllers\Home::index(): Return value must be of type string, none returned
[Method: GET, Route: /]
in APPPATH\Controllers\Home.php on line 10.
 1 SYSTEMPATH\CodeIgniter.php(933): App\Controllers\Home->index()
 2 SYSTEMPATH\CodeIgniter.php(507): CodeIgniter\CodeIgniter->runController(Object(App\Controllers\Home))
 3 SYSTEMPATH\CodeIgniter.php(354): CodeIgniter\CodeIgniter->handleRequest(null, Object(Config\Cache), false)
 4 SYSTEMPATH\Boot.php(363): CodeIgniter\CodeIgniter->run()
 5 SYSTEMPATH\Boot.php(68): CodeIgniter\Boot::runCodeIgniter(Object(CodeIgniter\CodeIgniter))
 6 FCPATH\index.php(59): CodeIgniter\Boot::bootWeb(Object(Config\Paths))
CRITICAL - 2025-09-03 04:20:10 --> TypeError: App\Controllers\Home::index(): Return value must be of type string, none returned
[Method: GET, Route: /]
in APPPATH\Controllers\Home.php on line 10.
 1 SYSTEMPATH\CodeIgniter.php(933): App\Controllers\Home->index()
 2 SYSTEMPATH\CodeIgniter.php(507): CodeIgniter\CodeIgniter->runController(Object(App\Controllers\Home))
 3 SYSTEMPATH\CodeIgniter.php(354): CodeIgniter\CodeIgniter->handleRequest(null, Object(Config\Cache), false)
 4 SYSTEMPATH\Boot.php(363): CodeIgniter\CodeIgniter->run()
 5 SYSTEMPATH\Boot.php(68): CodeIgniter\Boot::runCodeIgniter(Object(CodeIgniter\CodeIgniter))
 6 FCPATH\index.php(59): CodeIgniter\Boot::bootWeb(Object(Config\Paths))
 7 SYSTEMPATH\rewrite.php(44): require_once('C:\\xampp\\htdocs\\codeigniter4-framework-v4.6.3-0-g68d1a58\\codeigniter4-framework-68d1a58\\public\\index.php')
CRITICAL - 2025-09-03 04:20:36 --> TypeError: App\Controllers\Home::index(): Return value must be of type string, none returned
[Method: GET, Route: /]
in APPPATH\Controllers\Home.php on line 10.
 1 SYSTEMPATH\CodeIgniter.php(933): App\Controllers\Home->index()
 2 SYSTEMPATH\CodeIgniter.php(507): CodeIgniter\CodeIgniter->runController(Object(App\Controllers\Home))
 3 SYSTEMPATH\CodeIgniter.php(354): CodeIgniter\CodeIgniter->handleRequest(null, Object(Config\Cache), false)
 4 SYSTEMPATH\Boot.php(363): CodeIgniter\CodeIgniter->run()
 5 SYSTEMPATH\Boot.php(68): CodeIgniter\Boot::runCodeIgniter(Object(CodeIgniter\CodeIgniter))
 6 FCPATH\index.php(59): CodeIgniter\Boot::bootWeb(Object(Config\Paths))
 7 SYSTEMPATH\rewrite.php(44): require_once('C:\\xampp\\htdocs\\codeigniter4-framework-v4.6.3-0-g68d1a58\\codeigniter4-framework-68d1a58\\public\\index.php')
CRITICAL - 2025-09-03 04:20:44 --> TypeError: App\Controllers\Home::index(): Return value must be of type string, none returned
[Method: GET, Route: /]
in APPPATH\Controllers\Home.php on line 10.
 1 SYSTEMPATH\CodeIgniter.php(933): App\Controllers\Home->index()
 2 SYSTEMPATH\CodeIgniter.php(507): CodeIgniter\CodeIgniter->runController(Object(App\Controllers\Home))
 3 SYSTEMPATH\CodeIgniter.php(354): CodeIgniter\CodeIgniter->handleRequest(null, Object(Config\Cache), false)
 4 SYSTEMPATH\Boot.php(363): CodeIgniter\CodeIgniter->run()
 5 SYSTEMPATH\Boot.php(68): CodeIgniter\Boot::runCodeIgniter(Object(CodeIgniter\CodeIgniter))
 6 FCPATH\index.php(59): CodeIgniter\Boot::bootWeb(Object(Config\Paths))
 7 SYSTEMPATH\rewrite.php(44): require_once('C:\\xampp\\htdocs\\codeigniter4-framework-v4.6.3-0-g68d1a58\\codeigniter4-framework-68d1a58\\public\\index.php')
CRITICAL - 2025-09-03 04:20:57 --> TypeError: App\Controllers\Home::index(): Return value must be of type string, none returned
[Method: GET, Route: /]
in APPPATH\Controllers\Home.php on line 10.
 1 SYSTEMPATH\CodeIgniter.php(933): App\Controllers\Home->index()
 2 SYSTEMPATH\CodeIgniter.php(507): CodeIgniter\CodeIgniter->runController(Object(App\Controllers\Home))
 3 SYSTEMPATH\CodeIgniter.php(354): CodeIgniter\CodeIgniter->handleRequest(null, Object(Config\Cache), false)
 4 SYSTEMPATH\Boot.php(363): CodeIgniter\CodeIgniter->run()
 5 SYSTEMPATH\Boot.php(68): CodeIgniter\Boot::runCodeIgniter(Object(CodeIgniter\CodeIgniter))
 6 FCPATH\index.php(59): CodeIgniter\Boot::bootWeb(Object(Config\Paths))
 7 SYSTEMPATH\rewrite.php(44): require_once('C:\\xampp\\htdocs\\codeigniter4-framework-v4.6.3-0-g68d1a58\\codeigniter4-framework-68d1a58\\public\\index.php')
ERROR - 2025-09-03 07:03:55 --> Error connecting to the database: mysqli_sql_exception: Access denied for user ''@'localhost' (using password: NO) in C:\xampp\htdocs\codeigniter4-framework-v4.6.3-0-g68d1a58\codeigniter4-framework-68d1a58\system\Database\MySQLi\Connection.php:201
Stack trace:
#0 C:\xampp\htdocs\codeigniter4-framework-v4.6.3-0-g68d1a58\codeigniter4-framework-68d1a58\system\Database\MySQLi\Connection.php(201): mysqli->real_connect('localhost', '', Object(SensitiveParameterValue), '', 3306, '', 0)
#1 C:\xampp\htdocs\codeigniter4-framework-v4.6.3-0-g68d1a58\codeigniter4-framework-68d1a58\system\Database\BaseConnection.php(419): CodeIgniter\Database\MySQLi\Connection->connect(false)
#2 C:\xampp\htdocs\codeigniter4-framework-v4.6.3-0-g68d1a58\codeigniter4-framework-68d1a58\system\Database\BaseConnection.php(614): CodeIgniter\Database\BaseConnection->initialize()
#3 C:\xampp\htdocs\codeigniter4-framework-v4.6.3-0-g68d1a58\codeigniter4-framework-68d1a58\app\Models\mahasiswamodel.php(13): CodeIgniter\Database\BaseConnection->query('SELECT * FROM m...')
#4 C:\xampp\htdocs\codeigniter4-framework-v4.6.3-0-g68d1a58\codeigniter4-framework-68d1a58\app\Controllers\mahasiswa.php(11): App\Models\mahasiswamodel->getmahasiswa()
#5 C:\xampp\htdocs\codeigniter4-framework-v4.6.3-0-g68d1a58\codeigniter4-framework-68d1a58\system\CodeIgniter.php(933): App\Controllers\mahasiswa->display()
#6 C:\xampp\htdocs\codeigniter4-framework-v4.6.3-0-g68d1a58\codeigniter4-framework-68d1a58\system\CodeIgniter.php(507): CodeIgniter\CodeIgniter->runController(Object(App\Controllers\mahasiswa))
#7 C:\xampp\htdocs\codeigniter4-framework-v4.6.3-0-g68d1a58\codeigniter4-framework-68d1a58\system\CodeIgniter.php(354): CodeIgniter\CodeIgniter->handleRequest(NULL, Object(Config\Cache), false)
#8 C:\xampp\htdocs\codeigniter4-framework-v4.6.3-0-g68d1a58\codeigniter4-framework-68d1a58\system\Boot.php(363): CodeIgniter\CodeIgniter->run()
#9 C:\xampp\htdocs\codeigniter4-framework-v4.6.3-0-g68d1a58\codeigniter4-framework-68d1a58\system\Boot.php(68): CodeIgniter\Boot::runCodeIgniter(Object(CodeIgniter\CodeIgniter))
#10 C:\xampp\htdocs\codeigniter4-framework-v4.6.3-0-g68d1a58\codeigniter4-framework-68d1a58\public\index.php(59): CodeIgniter\Boot::bootWeb(Object(Config\Paths))
#11 C:\xampp\htdocs\codeigniter4-framework-v4.6.3-0-g68d1a58\codeigniter4-framework-68d1a58\system\rewrite.php(44): require_once('C:\\xampp\\htdocs...')
#12 {main}

Next CodeIgniter\Database\Exceptions\DatabaseException: Access denied for user ''@'localhost' (using password: NO) in C:\xampp\htdocs\codeigniter4-framework-v4.6.3-0-g68d1a58\codeigniter4-framework-68d1a58\system\Database\MySQLi\Connection.php:246
Stack trace:
#0 C:\xampp\htdocs\codeigniter4-framework-v4.6.3-0-g68d1a58\codeigniter4-framework-68d1a58\system\Database\BaseConnection.php(419): CodeIgniter\Database\MySQLi\Connection->connect(false)
#1 C:\xampp\htdocs\codeigniter4-framework-v4.6.3-0-g68d1a58\codeigniter4-framework-68d1a58\system\Database\BaseConnection.php(614): CodeIgniter\Database\BaseConnection->initialize()
#2 C:\xampp\htdocs\codeigniter4-framework-v4.6.3-0-g68d1a58\codeigniter4-framework-68d1a58\app\Models\mahasiswamodel.php(13): CodeIgniter\Database\BaseConnection->query('SELECT * FROM m...')
#3 C:\xampp\htdocs\codeigniter4-framework-v4.6.3-0-g68d1a58\codeigniter4-framework-68d1a58\app\Controllers\mahasiswa.php(11): App\Models\mahasiswamodel->getmahasiswa()
#4 C:\xampp\htdocs\codeigniter4-framework-v4.6.3-0-g68d1a58\codeigniter4-framework-68d1a58\system\CodeIgniter.php(933): App\Controllers\mahasiswa->display()
#5 C:\xampp\htdocs\codeigniter4-framework-v4.6.3-0-g68d1a58\codeigniter4-framework-68d1a58\system\CodeIgniter.php(507): CodeIgniter\CodeIgniter->runController(Object(App\Controllers\mahasiswa))
#6 C:\xampp\htdocs\codeigniter4-framework-v4.6.3-0-g68d1a58\codeigniter4-framework-68d1a58\system\CodeIgniter.php(354): CodeIgniter\CodeIgniter->handleRequest(NULL, Object(Config\Cache), false)
#7 C:\xampp\htdocs\codeigniter4-framework-v4.6.3-0-g68d1a58\codeigniter4-framework-68d1a58\system\Boot.php(363): CodeIgniter\CodeIgniter->run()
#8 C:\xampp\htdocs\codeigniter4-framework-v4.6.3-0-g68d1a58\codeigniter4-framework-68d1a58\system\Boot.php(68): CodeIgniter\Boot::runCodeIgniter(Object(CodeIgniter\CodeIgniter))
#9 C:\xampp\htdocs\codeigniter4-framework-v4.6.3-0-g68d1a58\codeigniter4-framework-68d1a58\public\index.php(59): CodeIgniter\Boot::bootWeb(Object(Config\Paths))
#10 C:\xampp\htdocs\codeigniter4-framework-v4.6.3-0-g68d1a58\codeigniter4-framework-68d1a58\system\rewrite.php(44): require_once('C:\\xampp\\htdocs...')
#11 {main}
CRITICAL - 2025-09-03 07:03:55 --> CodeIgniter\Database\Exceptions\DatabaseException: Unable to connect to the database.
Main connection [MySQLi]: Access denied for user ''@'localhost' (using password: NO)
[Method: GET, Route: mahasiswa]
in SYSTEMPATH\Database\BaseConnection.php on line 465.
 1 SYSTEMPATH\Database\BaseConnection.php(614): CodeIgniter\Database\BaseConnection->initialize()
 2 APPPATH\Models\mahasiswamodel.php(13): CodeIgniter\Database\BaseConnection->query('SELECT * FROM mahasiswa')
 3 APPPATH\Controllers\mahasiswa.php(11): App\Models\mahasiswamodel->getmahasiswa()
 4 SYSTEMPATH\CodeIgniter.php(933): App\Controllers\mahasiswa->display()
 5 SYSTEMPATH\CodeIgniter.php(507): CodeIgniter\CodeIgniter->runController(Object(App\Controllers\mahasiswa))
 6 SYSTEMPATH\CodeIgniter.php(354): CodeIgniter\CodeIgniter->handleRequest(null, Object(Config\Cache), false)
 7 SYSTEMPATH\Boot.php(363): CodeIgniter\CodeIgniter->run()
 8 SYSTEMPATH\Boot.php(68): CodeIgniter\Boot::runCodeIgniter(Object(CodeIgniter\CodeIgniter))
 9 FCPATH\index.php(59): CodeIgniter\Boot::bootWeb(Object(Config\Paths))
10 SYSTEMPATH\rewrite.php(44): require_once('C:\\xampp\\htdocs\\codeigniter4-framework-v4.6.3-0-g68d1a58\\codeigniter4-framework-68d1a58\\public\\index.php')
ERROR - 2025-09-03 07:05:12 --> Error connecting to the database: mysqli_sql_exception: Access denied for user ''@'localhost' (using password: NO) in C:\xampp\htdocs\codeigniter4-framework-v4.6.3-0-g68d1a58\codeigniter4-framework-68d1a58\system\Database\MySQLi\Connection.php:201
Stack trace:
#0 C:\xampp\htdocs\codeigniter4-framework-v4.6.3-0-g68d1a58\codeigniter4-framework-68d1a58\system\Database\MySQLi\Connection.php(201): mysqli->real_connect('localhost', '', Object(SensitiveParameterValue), '', 3306, '', 0)
#1 C:\xampp\htdocs\codeigniter4-framework-v4.6.3-0-g68d1a58\codeigniter4-framework-68d1a58\system\Database\BaseConnection.php(419): CodeIgniter\Database\MySQLi\Connection->connect(false)
#2 C:\xampp\htdocs\codeigniter4-framework-v4.6.3-0-g68d1a58\codeigniter4-framework-68d1a58\system\Database\BaseConnection.php(614): CodeIgniter\Database\BaseConnection->initialize()
#3 C:\xampp\htdocs\codeigniter4-framework-v4.6.3-0-g68d1a58\codeigniter4-framework-68d1a58\app\Models\mahasiswamodel.php(13): CodeIgniter\Database\BaseConnection->query('SELECT * FROM m...')
#4 C:\xampp\htdocs\codeigniter4-framework-v4.6.3-0-g68d1a58\codeigniter4-framework-68d1a58\app\Controllers\mahasiswa.php(11): App\Models\mahasiswamodel->getmahasiswa()
#5 C:\xampp\htdocs\codeigniter4-framework-v4.6.3-0-g68d1a58\codeigniter4-framework-68d1a58\system\CodeIgniter.php(933): App\Controllers\mahasiswa->display()
#6 C:\xampp\htdocs\codeigniter4-framework-v4.6.3-0-g68d1a58\codeigniter4-framework-68d1a58\system\CodeIgniter.php(507): CodeIgniter\CodeIgniter->runController(Object(App\Controllers\mahasiswa))
#7 C:\xampp\htdocs\codeigniter4-framework-v4.6.3-0-g68d1a58\codeigniter4-framework-68d1a58\system\CodeIgniter.php(354): CodeIgniter\CodeIgniter->handleRequest(NULL, Object(Config\Cache), false)
#8 C:\xampp\htdocs\codeigniter4-framework-v4.6.3-0-g68d1a58\codeigniter4-framework-68d1a58\system\Boot.php(363): CodeIgniter\CodeIgniter->run()
#9 C:\xampp\htdocs\codeigniter4-framework-v4.6.3-0-g68d1a58\codeigniter4-framework-68d1a58\system\Boot.php(68): CodeIgniter\Boot::runCodeIgniter(Object(CodeIgniter\CodeIgniter))
#10 C:\xampp\htdocs\codeigniter4-framework-v4.6.3-0-g68d1a58\codeigniter4-framework-68d1a58\public\index.php(59): CodeIgniter\Boot::bootWeb(Object(Config\Paths))
#11 C:\xampp\htdocs\codeigniter4-framework-v4.6.3-0-g68d1a58\codeigniter4-framework-68d1a58\system\rewrite.php(44): require_once('C:\\xampp\\htdocs...')
#12 {main}

Next CodeIgniter\Database\Exceptions\DatabaseException: Access denied for user ''@'localhost' (using password: NO) in C:\xampp\htdocs\codeigniter4-framework-v4.6.3-0-g68d1a58\codeigniter4-framework-68d1a58\system\Database\MySQLi\Connection.php:246
Stack trace:
#0 C:\xampp\htdocs\codeigniter4-framework-v4.6.3-0-g68d1a58\codeigniter4-framework-68d1a58\system\Database\BaseConnection.php(419): CodeIgniter\Database\MySQLi\Connection->connect(false)
#1 C:\xampp\htdocs\codeigniter4-framework-v4.6.3-0-g68d1a58\codeigniter4-framework-68d1a58\system\Database\BaseConnection.php(614): CodeIgniter\Database\BaseConnection->initialize()
#2 C:\xampp\htdocs\codeigniter4-framework-v4.6.3-0-g68d1a58\codeigniter4-framework-68d1a58\app\Models\mahasiswamodel.php(13): CodeIgniter\Database\BaseConnection->query('SELECT * FROM m...')
#3 C:\xampp\htdocs\codeigniter4-framework-v4.6.3-0-g68d1a58\codeigniter4-framework-68d1a58\app\Controllers\mahasiswa.php(11): App\Models\mahasiswamodel->getmahasiswa()
#4 C:\xampp\htdocs\codeigniter4-framework-v4.6.3-0-g68d1a58\codeigniter4-framework-68d1a58\system\CodeIgniter.php(933): App\Controllers\mahasiswa->display()
#5 C:\xampp\htdocs\codeigniter4-framework-v4.6.3-0-g68d1a58\codeigniter4-framework-68d1a58\system\CodeIgniter.php(507): CodeIgniter\CodeIgniter->runController(Object(App\Controllers\mahasiswa))
#6 C:\xampp\htdocs\codeigniter4-framework-v4.6.3-0-g68d1a58\codeigniter4-framework-68d1a58\system\CodeIgniter.php(354): CodeIgniter\CodeIgniter->handleRequest(NULL, Object(Config\Cache), false)
#7 C:\xampp\htdocs\codeigniter4-framework-v4.6.3-0-g68d1a58\codeigniter4-framework-68d1a58\system\Boot.php(363): CodeIgniter\CodeIgniter->run()
#8 C:\xampp\htdocs\codeigniter4-framework-v4.6.3-0-g68d1a58\codeigniter4-framework-68d1a58\system\Boot.php(68): CodeIgniter\Boot::runCodeIgniter(Object(CodeIgniter\CodeIgniter))
#9 C:\xampp\htdocs\codeigniter4-framework-v4.6.3-0-g68d1a58\codeigniter4-framework-68d1a58\public\index.php(59): CodeIgniter\Boot::bootWeb(Object(Config\Paths))
#10 C:\xampp\htdocs\codeigniter4-framework-v4.6.3-0-g68d1a58\codeigniter4-framework-68d1a58\system\rewrite.php(44): require_once('C:\\xampp\\htdocs...')
#11 {main}
CRITICAL - 2025-09-03 07:05:12 --> CodeIgniter\Database\Exceptions\DatabaseException: Unable to connect to the database.
Main connection [MySQLi]: Access denied for user ''@'localhost' (using password: NO)
[Method: GET, Route: mahasiswa]
in SYSTEMPATH\Database\BaseConnection.php on line 465.
 1 SYSTEMPATH\Database\BaseConnection.php(614): CodeIgniter\Database\BaseConnection->initialize()
 2 APPPATH\Models\mahasiswamodel.php(13): CodeIgniter\Database\BaseConnection->query('SELECT * FROM mahasiswa')
 3 APPPATH\Controllers\mahasiswa.php(11): App\Models\mahasiswamodel->getmahasiswa()
 4 SYSTEMPATH\CodeIgniter.php(933): App\Controllers\mahasiswa->display()
 5 SYSTEMPATH\CodeIgniter.php(507): CodeIgniter\CodeIgniter->runController(Object(App\Controllers\mahasiswa))
 6 SYSTEMPATH\CodeIgniter.php(354): CodeIgniter\CodeIgniter->handleRequest(null, Object(Config\Cache), false)
 7 SYSTEMPATH\Boot.php(363): CodeIgniter\CodeIgniter->run()
 8 SYSTEMPATH\Boot.php(68): CodeIgniter\Boot::runCodeIgniter(Object(CodeIgniter\CodeIgniter))
 9 FCPATH\index.php(59): CodeIgniter\Boot::bootWeb(Object(Config\Paths))
10 SYSTEMPATH\rewrite.php(44): require_once('C:\\xampp\\htdocs\\codeigniter4-framework-v4.6.3-0-g68d1a58\\codeigniter4-framework-68d1a58\\public\\index.php')
ERROR - 2025-09-03 07:05:57 --> Error connecting to the database: mysqli_sql_exception: Access denied for user ''@'localhost' (using password: NO) in C:\xampp\htdocs\codeigniter4-framework-v4.6.3-0-g68d1a58\codeigniter4-framework-68d1a58\system\Database\MySQLi\Connection.php:201
Stack trace:
#0 C:\xampp\htdocs\codeigniter4-framework-v4.6.3-0-g68d1a58\codeigniter4-framework-68d1a58\system\Database\MySQLi\Connection.php(201): mysqli->real_connect('localhost', '', Object(SensitiveParameterValue), '', 3306, '', 0)
#1 C:\xampp\htdocs\codeigniter4-framework-v4.6.3-0-g68d1a58\codeigniter4-framework-68d1a58\system\Database\BaseConnection.php(419): CodeIgniter\Database\MySQLi\Connection->connect(false)
#2 C:\xampp\htdocs\codeigniter4-framework-v4.6.3-0-g68d1a58\codeigniter4-framework-68d1a58\system\Database\BaseConnection.php(614): CodeIgniter\Database\BaseConnection->initialize()
#3 C:\xampp\htdocs\codeigniter4-framework-v4.6.3-0-g68d1a58\codeigniter4-framework-68d1a58\app\Models\mahasiswamodel.php(13): CodeIgniter\Database\BaseConnection->query('SELECT * FROM m...')
#4 C:\xampp\htdocs\codeigniter4-framework-v4.6.3-0-g68d1a58\codeigniter4-framework-68d1a58\app\Controllers\mahasiswa.php(11): App\Models\mahasiswamodel->getmahasiswa()
#5 C:\xampp\htdocs\codeigniter4-framework-v4.6.3-0-g68d1a58\codeigniter4-framework-68d1a58\system\CodeIgniter.php(933): App\Controllers\mahasiswa->display()
#6 C:\xampp\htdocs\codeigniter4-framework-v4.6.3-0-g68d1a58\codeigniter4-framework-68d1a58\system\CodeIgniter.php(507): CodeIgniter\CodeIgniter->runController(Object(App\Controllers\mahasiswa))
#7 C:\xampp\htdocs\codeigniter4-framework-v4.6.3-0-g68d1a58\codeigniter4-framework-68d1a58\system\CodeIgniter.php(354): CodeIgniter\CodeIgniter->handleRequest(NULL, Object(Config\Cache), false)
#8 C:\xampp\htdocs\codeigniter4-framework-v4.6.3-0-g68d1a58\codeigniter4-framework-68d1a58\system\Boot.php(363): CodeIgniter\CodeIgniter->run()
#9 C:\xampp\htdocs\codeigniter4-framework-v4.6.3-0-g68d1a58\codeigniter4-framework-68d1a58\system\Boot.php(68): CodeIgniter\Boot::runCodeIgniter(Object(CodeIgniter\CodeIgniter))
#10 C:\xampp\htdocs\codeigniter4-framework-v4.6.3-0-g68d1a58\codeigniter4-framework-68d1a58\public\index.php(59): CodeIgniter\Boot::bootWeb(Object(Config\Paths))
#11 C:\xampp\htdocs\codeigniter4-framework-v4.6.3-0-g68d1a58\codeigniter4-framework-68d1a58\system\rewrite.php(44): require_once('C:\\xampp\\htdocs...')
#12 {main}

Next CodeIgniter\Database\Exceptions\DatabaseException: Access denied for user ''@'localhost' (using password: NO) in C:\xampp\htdocs\codeigniter4-framework-v4.6.3-0-g68d1a58\codeigniter4-framework-68d1a58\system\Database\MySQLi\Connection.php:246
Stack trace:
#0 C:\xampp\htdocs\codeigniter4-framework-v4.6.3-0-g68d1a58\codeigniter4-framework-68d1a58\system\Database\BaseConnection.php(419): CodeIgniter\Database\MySQLi\Connection->connect(false)
#1 C:\xampp\htdocs\codeigniter4-framework-v4.6.3-0-g68d1a58\codeigniter4-framework-68d1a58\system\Database\BaseConnection.php(614): CodeIgniter\Database\BaseConnection->initialize()
#2 C:\xampp\htdocs\codeigniter4-framework-v4.6.3-0-g68d1a58\codeigniter4-framework-68d1a58\app\Models\mahasiswamodel.php(13): CodeIgniter\Database\BaseConnection->query('SELECT * FROM m...')
#3 C:\xampp\htdocs\codeigniter4-framework-v4.6.3-0-g68d1a58\codeigniter4-framework-68d1a58\app\Controllers\mahasiswa.php(11): App\Models\mahasiswamodel->getmahasiswa()
#4 C:\xampp\htdocs\codeigniter4-framework-v4.6.3-0-g68d1a58\codeigniter4-framework-68d1a58\system\CodeIgniter.php(933): App\Controllers\mahasiswa->display()
#5 C:\xampp\htdocs\codeigniter4-framework-v4.6.3-0-g68d1a58\codeigniter4-framework-68d1a58\system\CodeIgniter.php(507): CodeIgniter\CodeIgniter->runController(Object(App\Controllers\mahasiswa))
#6 C:\xampp\htdocs\codeigniter4-framework-v4.6.3-0-g68d1a58\codeigniter4-framework-68d1a58\system\CodeIgniter.php(354): CodeIgniter\CodeIgniter->handleRequest(NULL, Object(Config\Cache), false)
#7 C:\xampp\htdocs\codeigniter4-framework-v4.6.3-0-g68d1a58\codeigniter4-framework-68d1a58\system\Boot.php(363): CodeIgniter\CodeIgniter->run()
#8 C:\xampp\htdocs\codeigniter4-framework-v4.6.3-0-g68d1a58\codeigniter4-framework-68d1a58\system\Boot.php(68): CodeIgniter\Boot::runCodeIgniter(Object(CodeIgniter\CodeIgniter))
#9 C:\xampp\htdocs\codeigniter4-framework-v4.6.3-0-g68d1a58\codeigniter4-framework-68d1a58\public\index.php(59): CodeIgniter\Boot::bootWeb(Object(Config\Paths))
#10 C:\xampp\htdocs\codeigniter4-framework-v4.6.3-0-g68d1a58\codeigniter4-framework-68d1a58\system\rewrite.php(44): require_once('C:\\xampp\\htdocs...')
#11 {main}
CRITICAL - 2025-09-03 07:05:57 --> CodeIgniter\Database\Exceptions\DatabaseException: Unable to connect to the database.
Main connection [MySQLi]: Access denied for user ''@'localhost' (using password: NO)
[Method: GET, Route: mahasiswa]
in SYSTEMPATH\Database\BaseConnection.php on line 465.
 1 SYSTEMPATH\Database\BaseConnection.php(614): CodeIgniter\Database\BaseConnection->initialize()
 2 APPPATH\Models\mahasiswamodel.php(13): CodeIgniter\Database\BaseConnection->query('SELECT * FROM mahasiswa')
 3 APPPATH\Controllers\mahasiswa.php(11): App\Models\mahasiswamodel->getmahasiswa()
 4 SYSTEMPATH\CodeIgniter.php(933): App\Controllers\mahasiswa->display()
 5 SYSTEMPATH\CodeIgniter.php(507): CodeIgniter\CodeIgniter->runController(Object(App\Controllers\mahasiswa))
 6 SYSTEMPATH\CodeIgniter.php(354): CodeIgniter\CodeIgniter->handleRequest(null, Object(Config\Cache), false)
 7 SYSTEMPATH\Boot.php(363): CodeIgniter\CodeIgniter->run()
 8 SYSTEMPATH\Boot.php(68): CodeIgniter\Boot::runCodeIgniter(Object(CodeIgniter\CodeIgniter))
 9 FCPATH\index.php(59): CodeIgniter\Boot::bootWeb(Object(Config\Paths))
10 SYSTEMPATH\rewrite.php(44): require_once('C:\\xampp\\htdocs\\codeigniter4-framework-v4.6.3-0-g68d1a58\\codeigniter4-framework-68d1a58\\public\\index.php')
ERROR - 2025-09-03 07:05:58 --> Error connecting to the database: mysqli_sql_exception: Access denied for user ''@'localhost' (using password: NO) in C:\xampp\htdocs\codeigniter4-framework-v4.6.3-0-g68d1a58\codeigniter4-framework-68d1a58\system\Database\MySQLi\Connection.php:201
Stack trace:
#0 C:\xampp\htdocs\codeigniter4-framework-v4.6.3-0-g68d1a58\codeigniter4-framework-68d1a58\system\Database\MySQLi\Connection.php(201): mysqli->real_connect('localhost', '', Object(SensitiveParameterValue), '', 3306, '', 0)
#1 C:\xampp\htdocs\codeigniter4-framework-v4.6.3-0-g68d1a58\codeigniter4-framework-68d1a58\system\Database\BaseConnection.php(419): CodeIgniter\Database\MySQLi\Connection->connect(false)
#2 C:\xampp\htdocs\codeigniter4-framework-v4.6.3-0-g68d1a58\codeigniter4-framework-68d1a58\system\Database\BaseConnection.php(614): CodeIgniter\Database\BaseConnection->initialize()
#3 C:\xampp\htdocs\codeigniter4-framework-v4.6.3-0-g68d1a58\codeigniter4-framework-68d1a58\app\Models\mahasiswamodel.php(13): CodeIgniter\Database\BaseConnection->query('SELECT * FROM m...')
#4 C:\xampp\htdocs\codeigniter4-framework-v4.6.3-0-g68d1a58\codeigniter4-framework-68d1a58\app\Controllers\mahasiswa.php(11): App\Models\mahasiswamodel->getmahasiswa()
#5 C:\xampp\htdocs\codeigniter4-framework-v4.6.3-0-g68d1a58\codeigniter4-framework-68d1a58\system\CodeIgniter.php(933): App\Controllers\mahasiswa->display()
#6 C:\xampp\htdocs\codeigniter4-framework-v4.6.3-0-g68d1a58\codeigniter4-framework-68d1a58\system\CodeIgniter.php(507): CodeIgniter\CodeIgniter->runController(Object(App\Controllers\mahasiswa))
#7 C:\xampp\htdocs\codeigniter4-framework-v4.6.3-0-g68d1a58\codeigniter4-framework-68d1a58\system\CodeIgniter.php(354): CodeIgniter\CodeIgniter->handleRequest(NULL, Object(Config\Cache), false)
#8 C:\xampp\htdocs\codeigniter4-framework-v4.6.3-0-g68d1a58\codeigniter4-framework-68d1a58\system\Boot.php(363): CodeIgniter\CodeIgniter->run()
#9 C:\xampp\htdocs\codeigniter4-framework-v4.6.3-0-g68d1a58\codeigniter4-framework-68d1a58\system\Boot.php(68): CodeIgniter\Boot::runCodeIgniter(Object(CodeIgniter\CodeIgniter))
#10 C:\xampp\htdocs\codeigniter4-framework-v4.6.3-0-g68d1a58\codeigniter4-framework-68d1a58\public\index.php(59): CodeIgniter\Boot::bootWeb(Object(Config\Paths))
#11 C:\xampp\htdocs\codeigniter4-framework-v4.6.3-0-g68d1a58\codeigniter4-framework-68d1a58\system\rewrite.php(44): require_once('C:\\xampp\\htdocs...')
#12 {main}

Next CodeIgniter\Database\Exceptions\DatabaseException: Access denied for user ''@'localhost' (using password: NO) in C:\xampp\htdocs\codeigniter4-framework-v4.6.3-0-g68d1a58\codeigniter4-framework-68d1a58\system\Database\MySQLi\Connection.php:246
Stack trace:
#0 C:\xampp\htdocs\codeigniter4-framework-v4.6.3-0-g68d1a58\codeigniter4-framework-68d1a58\system\Database\BaseConnection.php(419): CodeIgniter\Database\MySQLi\Connection->connect(false)
#1 C:\xampp\htdocs\codeigniter4-framework-v4.6.3-0-g68d1a58\codeigniter4-framework-68d1a58\system\Database\BaseConnection.php(614): CodeIgniter\Database\BaseConnection->initialize()
#2 C:\xampp\htdocs\codeigniter4-framework-v4.6.3-0-g68d1a58\codeigniter4-framework-68d1a58\app\Models\mahasiswamodel.php(13): CodeIgniter\Database\BaseConnection->query('SELECT * FROM m...')
#3 C:\xampp\htdocs\codeigniter4-framework-v4.6.3-0-g68d1a58\codeigniter4-framework-68d1a58\app\Controllers\mahasiswa.php(11): App\Models\mahasiswamodel->getmahasiswa()
#4 C:\xampp\htdocs\codeigniter4-framework-v4.6.3-0-g68d1a58\codeigniter4-framework-68d1a58\system\CodeIgniter.php(933): App\Controllers\mahasiswa->display()
#5 C:\xampp\htdocs\codeigniter4-framework-v4.6.3-0-g68d1a58\codeigniter4-framework-68d1a58\system\CodeIgniter.php(507): CodeIgniter\CodeIgniter->runController(Object(App\Controllers\mahasiswa))
#6 C:\xampp\htdocs\codeigniter4-framework-v4.6.3-0-g68d1a58\codeigniter4-framework-68d1a58\system\CodeIgniter.php(354): CodeIgniter\CodeIgniter->handleRequest(NULL, Object(Config\Cache), false)
#7 C:\xampp\htdocs\codeigniter4-framework-v4.6.3-0-g68d1a58\codeigniter4-framework-68d1a58\system\Boot.php(363): CodeIgniter\CodeIgniter->run()
#8 C:\xampp\htdocs\codeigniter4-framework-v4.6.3-0-g68d1a58\codeigniter4-framework-68d1a58\system\Boot.php(68): CodeIgniter\Boot::runCodeIgniter(Object(CodeIgniter\CodeIgniter))
#9 C:\xampp\htdocs\codeigniter4-framework-v4.6.3-0-g68d1a58\codeigniter4-framework-68d1a58\public\index.php(59): CodeIgniter\Boot::bootWeb(Object(Config\Paths))
#10 C:\xampp\htdocs\codeigniter4-framework-v4.6.3-0-g68d1a58\codeigniter4-framework-68d1a58\system\rewrite.php(44): require_once('C:\\xampp\\htdocs...')
#11 {main}
CRITICAL - 2025-09-03 07:05:58 --> CodeIgniter\Database\Exceptions\DatabaseException: Unable to connect to the database.
Main connection [MySQLi]: Access denied for user ''@'localhost' (using password: NO)
[Method: GET, Route: mahasiswa]
in SYSTEMPATH\Database\BaseConnection.php on line 465.
 1 SYSTEMPATH\Database\BaseConnection.php(614): CodeIgniter\Database\BaseConnection->initialize()
 2 APPPATH\Models\mahasiswamodel.php(13): CodeIgniter\Database\BaseConnection->query('SELECT * FROM mahasiswa')
 3 APPPATH\Controllers\mahasiswa.php(11): App\Models\mahasiswamodel->getmahasiswa()
 4 SYSTEMPATH\CodeIgniter.php(933): App\Controllers\mahasiswa->display()
 5 SYSTEMPATH\CodeIgniter.php(507): CodeIgniter\CodeIgniter->runController(Object(App\Controllers\mahasiswa))
 6 SYSTEMPATH\CodeIgniter.php(354): CodeIgniter\CodeIgniter->handleRequest(null, Object(Config\Cache), false)
 7 SYSTEMPATH\Boot.php(363): CodeIgniter\CodeIgniter->run()
 8 SYSTEMPATH\Boot.php(68): CodeIgniter\Boot::runCodeIgniter(Object(CodeIgniter\CodeIgniter))
 9 FCPATH\index.php(59): CodeIgniter\Boot::bootWeb(Object(Config\Paths))
10 SYSTEMPATH\rewrite.php(44): require_once('C:\\xampp\\htdocs\\codeigniter4-framework-v4.6.3-0-g68d1a58\\codeigniter4-framework-68d1a58\\public\\index.php')
CRITICAL - 2025-09-03 07:08:09 --> Error: Class "App\Models\Model" not found
[Method: GET, Route: mahasiswa]
in APPPATH\Models\mahasiswamodel.php on line 6.
 1 SYSTEMPATH\Autoloader\Autoloader.php(315): include_once()
 2 SYSTEMPATH\Autoloader\Autoloader.php(295): CodeIgniter\Autoloader\Autoloader->includeFile('C:\\xampp\\htdocs\\codeigniter4-framework-v4.6.3-0-g68d1a58\\codeigniter4-framework-68d1a58\\app\\Models\\mahasiswamodel.php')
 3 SYSTEMPATH\Autoloader\Autoloader.php(271): CodeIgniter\Autoloader\Autoloader->loadInNamespace('App\\Models\\mahasiswamodel')
 4 APPPATH\Controllers\mahasiswa.php(10): CodeIgniter\Autoloader\Autoloader->loadClass('App\\Models\\mahasiswamodel')
 5 SYSTEMPATH\CodeIgniter.php(933): App\Controllers\mahasiswa->display()
 6 SYSTEMPATH\CodeIgniter.php(507): CodeIgniter\CodeIgniter->runController(Object(App\Controllers\mahasiswa))
 7 SYSTEMPATH\CodeIgniter.php(354): CodeIgniter\CodeIgniter->handleRequest(null, Object(Config\Cache), false)
 8 SYSTEMPATH\Boot.php(363): CodeIgniter\CodeIgniter->run()
 9 SYSTEMPATH\Boot.php(68): CodeIgniter\Boot::runCodeIgniter(Object(CodeIgniter\CodeIgniter))
10 FCPATH\index.php(59): CodeIgniter\Boot::bootWeb(Object(Config\Paths))
11 SYSTEMPATH\rewrite.php(44): require_once('C:\\xampp\\htdocs\\codeigniter4-framework-v4.6.3-0-g68d1a58\\codeigniter4-framework-68d1a58\\public\\index.php')
CRITICAL - 2025-09-03 07:08:15 --> Error: Class "App\Models\Model" not found
[Method: GET, Route: mahasiswa]
in APPPATH\Models\mahasiswamodel.php on line 6.
 1 SYSTEMPATH\Autoloader\Autoloader.php(315): include_once()
 2 SYSTEMPATH\Autoloader\Autoloader.php(295): CodeIgniter\Autoloader\Autoloader->includeFile('C:\\xampp\\htdocs\\codeigniter4-framework-v4.6.3-0-g68d1a58\\codeigniter4-framework-68d1a58\\app\\Models\\mahasiswamodel.php')
 3 SYSTEMPATH\Autoloader\Autoloader.php(271): CodeIgniter\Autoloader\Autoloader->loadInNamespace('App\\Models\\mahasiswamodel')
 4 APPPATH\Controllers\mahasiswa.php(10): CodeIgniter\Autoloader\Autoloader->loadClass('App\\Models\\mahasiswamodel')
 5 SYSTEMPATH\CodeIgniter.php(933): App\Controllers\mahasiswa->display()
 6 SYSTEMPATH\CodeIgniter.php(507): CodeIgniter\CodeIgniter->runController(Object(App\Controllers\mahasiswa))
 7 SYSTEMPATH\CodeIgniter.php(354): CodeIgniter\CodeIgniter->handleRequest(null, Object(Config\Cache), false)
 8 SYSTEMPATH\Boot.php(363): CodeIgniter\CodeIgniter->run()
 9 SYSTEMPATH\Boot.php(68): CodeIgniter\Boot::runCodeIgniter(Object(CodeIgniter\CodeIgniter))
10 FCPATH\index.php(59): CodeIgniter\Boot::bootWeb(Object(Config\Paths))
11 SYSTEMPATH\rewrite.php(44): require_once('C:\\xampp\\htdocs\\codeigniter4-framework-v4.6.3-0-g68d1a58\\codeigniter4-framework-68d1a58\\public\\index.php')
CRITICAL - 2025-09-03 07:11:01 --> Error: Class "App\Models\Model" not found
[Method: GET, Route: mahasiswa]
in APPPATH\Models\mahasiswamodel.php on line 6.
 1 SYSTEMPATH\Autoloader\Autoloader.php(315): include_once()
 2 SYSTEMPATH\Autoloader\Autoloader.php(295): CodeIgniter\Autoloader\Autoloader->includeFile('C:\\xampp\\htdocs\\codeigniter4-framework-v4.6.3-0-g68d1a58\\codeigniter4-framework-68d1a58\\app\\Models\\mahasiswamodel.php')
 3 SYSTEMPATH\Autoloader\Autoloader.php(271): CodeIgniter\Autoloader\Autoloader->loadInNamespace('App\\Models\\mahasiswamodel')
 4 APPPATH\Controllers\Mahasiswa.php(10): CodeIgniter\Autoloader\Autoloader->loadClass('App\\Models\\mahasiswamodel')
 5 SYSTEMPATH\CodeIgniter.php(933): App\Controllers\Mahasiswa->display()
 6 SYSTEMPATH\CodeIgniter.php(507): CodeIgniter\CodeIgniter->runController(Object(App\Controllers\Mahasiswa))
 7 SYSTEMPATH\CodeIgniter.php(354): CodeIgniter\CodeIgniter->handleRequest(null, Object(Config\Cache), false)
 8 SYSTEMPATH\Boot.php(363): CodeIgniter\CodeIgniter->run()
 9 SYSTEMPATH\Boot.php(68): CodeIgniter\Boot::runCodeIgniter(Object(CodeIgniter\CodeIgniter))
10 FCPATH\index.php(59): CodeIgniter\Boot::bootWeb(Object(Config\Paths))
11 SYSTEMPATH\rewrite.php(44): require_once('C:\\xampp\\htdocs\\codeigniter4-framework-v4.6.3-0-g68d1a58\\codeigniter4-framework-68d1a58\\public\\index.php')
CRITICAL - 2025-09-03 07:36:12 --> ParseError: syntax error, unexpected token "}", expecting ";"
[Method: GET, Route: mahasiswa]
in APPPATH\Controllers\mahasiswa.php on line 13.
 1 SYSTEMPATH\Autoloader\Autoloader.php(295): CodeIgniter\Autoloader\Autoloader->includeFile('C:\\xampp\\htdocs\\codeigniter4-framework-v4.6.3-0-g68d1a58\\codeigniter4-framework-68d1a58\\app\\Controllers\\Mahasiswa.php')
 2 SYSTEMPATH\Autoloader\Autoloader.php(271): CodeIgniter\Autoloader\Autoloader->loadInNamespace('App\\Controllers\\Mahasiswa')
 3 [internal function]: CodeIgniter\Autoloader\Autoloader->loadClass('App\\Controllers\\Mahasiswa')
 4 SYSTEMPATH\CodeIgniter.php(885): class_exists('\\App\\Controllers\\Mahasiswa', true)
 5 SYSTEMPATH\CodeIgniter.php(494): CodeIgniter\CodeIgniter->startController()
 6 SYSTEMPATH\CodeIgniter.php(354): CodeIgniter\CodeIgniter->handleRequest(null, Object(Config\Cache), false)
 7 SYSTEMPATH\Boot.php(363): CodeIgniter\CodeIgniter->run()
 8 SYSTEMPATH\Boot.php(68): CodeIgniter\Boot::runCodeIgniter(Object(CodeIgniter\CodeIgniter))
 9 FCPATH\index.php(59): CodeIgniter\Boot::bootWeb(Object(Config\Paths))
10 SYSTEMPATH\rewrite.php(44): require_once('C:\\xampp\\htdocs\\codeigniter4-framework-v4.6.3-0-g68d1a58\\codeigniter4-framework-68d1a58\\public\\index.php')
