CRITICAL - 2025-09-15 12:49:10 --> CodeIgniter\Session\Exceptions\SessionException: Session: Configured save path "C:\Users\ymete\OneDrive - Politeknik Negeri Bandung\CI4_Tugas\WOW\W3_Task3_Login\writable\session" is not writable by the PHP process.
[Method: GET, Route: /]
in SYSTEMPATH\Session\Handlers\FileHandler.php on line 103.
 1 SYSTEMPATH\Session\Handlers\FileHandler.php(103): CodeIgniter\Session\Exceptions\SessionException::forWriteProtectedSavePath('C:\\Users\\ymete\\OneDrive - Politeknik Negeri Bandung\\CI4_Tugas\\WOW\\W3_Task3_Login\\writable\\session')
 2 [internal function]: CodeIgniter\Session\Handlers\FileHandler->open('C:\\Users\\ymete\\OneDrive - Politeknik Negeri Bandung\\CI4_Tugas\\WOW\\W3_Task3_Login\\writable\\session', 'ci_session')
 3 SYSTEMPATH\Session\Session.php(912): session_start()
 4 SYSTEMPATH\Session\Session.php(243): CodeIgniter\Session\Session->startSession()
 5 SYSTEMPATH\Config\Services.php(715): CodeIgniter\Session\Session->start()
 6 SYSTEMPATH\Config\BaseService.php(312): CodeIgniter\Config\Services::session(Object(Config\Session), false)
 7 SYSTEMPATH\Config\BaseService.php(251): CodeIgniter\Config\BaseService::__callStatic('session', [...])
 8 SYSTEMPATH\Config\Services.php(668): CodeIgniter\Config\BaseService::getSharedInstance('session', null)
 9 SYSTEMPATH\Config\BaseService.php(321): CodeIgniter\Config\Services::session()
10 SYSTEMPATH\Config\BaseService.php(202): CodeIgniter\Config\BaseService::__callStatic('session', [])
11 SYSTEMPATH\Common.php(995): CodeIgniter\Config\BaseService::get('session')
12 SYSTEMPATH\Common.php(968): service('session')
13 APPPATH\Views\login_view.php(161): session()
14 SYSTEMPATH\View\View.php(226): include('C:\\Users\\ymete\\OneDrive - Politeknik Negeri Bandung\\CI4_Tugas\\WOW\\W3_Task3_Login\\app\\Views\\login_view.php')
15 SYSTEMPATH\View\View.php(229): CodeIgniter\View\View->CodeIgniter\View\{closure}()
16 SYSTEMPATH\Common.php(1167): CodeIgniter\View\View->render('login_view', [], true)
17 APPPATH\Controllers\LoginController.php(11): view('login_view')
18 SYSTEMPATH\CodeIgniter.php(933): App\Controllers\LoginController->index()
19 SYSTEMPATH\CodeIgniter.php(507): CodeIgniter\CodeIgniter->runController(Object(App\Controllers\LoginController))
20 SYSTEMPATH\CodeIgniter.php(354): CodeIgniter\CodeIgniter->handleRequest(null, Object(Config\Cache), false)
21 SYSTEMPATH\Boot.php(363): CodeIgniter\CodeIgniter->run()
22 SYSTEMPATH\Boot.php(68): CodeIgniter\Boot::runCodeIgniter(Object(CodeIgniter\CodeIgniter))
23 FCPATH\index.php(59): CodeIgniter\Boot::bootWeb(Object(Config\Paths))
24 SYSTEMPATH\rewrite.php(44): require_once('C:\\Users\\ymete\\OneDrive - Politeknik Negeri Bandung\\CI4_Tugas\\WOW\\W3_Task3_Login\\public\\index.php')
CRITICAL - 2025-09-15 12:49:20 --> CodeIgniter\Session\Exceptions\SessionException: Session: Configured save path "C:\Users\ymete\OneDrive - Politeknik Negeri Bandung\CI4_Tugas\WOW\W3_Task3_Login\writable\session" is not writable by the PHP process.
[Method: GET, Route: /]
in SYSTEMPATH\Session\Handlers\FileHandler.php on line 103.
 1 SYSTEMPATH\Session\Handlers\FileHandler.php(103): CodeIgniter\Session\Exceptions\SessionException::forWriteProtectedSavePath('C:\\Users\\ymete\\OneDrive - Politeknik Negeri Bandung\\CI4_Tugas\\WOW\\W3_Task3_Login\\writable\\session')
 2 [internal function]: CodeIgniter\Session\Handlers\FileHandler->open('C:\\Users\\ymete\\OneDrive - Politeknik Negeri Bandung\\CI4_Tugas\\WOW\\W3_Task3_Login\\writable\\session', 'ci_session')
 3 SYSTEMPATH\Session\Session.php(912): session_start()
 4 SYSTEMPATH\Session\Session.php(243): CodeIgniter\Session\Session->startSession()
 5 SYSTEMPATH\Config\Services.php(715): CodeIgniter\Session\Session->start()
 6 SYSTEMPATH\Config\BaseService.php(312): CodeIgniter\Config\Services::session(Object(Config\Session), false)
 7 SYSTEMPATH\Config\BaseService.php(251): CodeIgniter\Config\BaseService::__callStatic('session', [...])
 8 SYSTEMPATH\Config\Services.php(668): CodeIgniter\Config\BaseService::getSharedInstance('session', null)
 9 SYSTEMPATH\Config\BaseService.php(321): CodeIgniter\Config\Services::session()
10 SYSTEMPATH\Config\BaseService.php(202): CodeIgniter\Config\BaseService::__callStatic('session', [])
11 SYSTEMPATH\Common.php(995): CodeIgniter\Config\BaseService::get('session')
12 SYSTEMPATH\Common.php(968): service('session')
13 APPPATH\Views\login_view.php(161): session()
14 SYSTEMPATH\View\View.php(226): include('C:\\Users\\ymete\\OneDrive - Politeknik Negeri Bandung\\CI4_Tugas\\WOW\\W3_Task3_Login\\app\\Views\\login_view.php')
15 SYSTEMPATH\View\View.php(229): CodeIgniter\View\View->CodeIgniter\View\{closure}()
16 SYSTEMPATH\Common.php(1167): CodeIgniter\View\View->render('login_view', [], true)
17 APPPATH\Controllers\LoginController.php(11): view('login_view')
18 SYSTEMPATH\CodeIgniter.php(933): App\Controllers\LoginController->index()
19 SYSTEMPATH\CodeIgniter.php(507): CodeIgniter\CodeIgniter->runController(Object(App\Controllers\LoginController))
20 SYSTEMPATH\CodeIgniter.php(354): CodeIgniter\CodeIgniter->handleRequest(null, Object(Config\Cache), false)
21 SYSTEMPATH\Boot.php(363): CodeIgniter\CodeIgniter->run()
22 SYSTEMPATH\Boot.php(68): CodeIgniter\Boot::runCodeIgniter(Object(CodeIgniter\CodeIgniter))
23 FCPATH\index.php(59): CodeIgniter\Boot::bootWeb(Object(Config\Paths))
24 SYSTEMPATH\rewrite.php(44): require_once('C:\\Users\\ymete\\OneDrive - Politeknik Negeri Bandung\\CI4_Tugas\\WOW\\W3_Task3_Login\\public\\index.php')
CRITICAL - 2025-09-15 12:58:56 --> CodeIgniter\Session\Exceptions\SessionException: Session: Configured save path "C:\Users\ymete\OneDrive - Politeknik Negeri Bandung\CI4_Tugas\WOW\W3_Task3_Login\writable\session" is not writable by the PHP process.
[Method: GET, Route: /]
in SYSTEMPATH\Session\Handlers\FileHandler.php on line 103.
 1 SYSTEMPATH\Session\Handlers\FileHandler.php(103): CodeIgniter\Session\Exceptions\SessionException::forWriteProtectedSavePath('C:\\Users\\ymete\\OneDrive - Politeknik Negeri Bandung\\CI4_Tugas\\WOW\\W3_Task3_Login\\writable\\session')
 2 [internal function]: CodeIgniter\Session\Handlers\FileHandler->open('C:\\Users\\ymete\\OneDrive - Politeknik Negeri Bandung\\CI4_Tugas\\WOW\\W3_Task3_Login\\writable\\session', 'ci_session')
 3 SYSTEMPATH\Session\Session.php(912): session_start()
 4 SYSTEMPATH\Session\Session.php(243): CodeIgniter\Session\Session->startSession()
 5 SYSTEMPATH\Config\Services.php(715): CodeIgniter\Session\Session->start()
 6 SYSTEMPATH\Config\BaseService.php(312): CodeIgniter\Config\Services::session(Object(Config\Session), false)
 7 SYSTEMPATH\Config\BaseService.php(251): CodeIgniter\Config\BaseService::__callStatic('session', [...])
 8 SYSTEMPATH\Config\Services.php(668): CodeIgniter\Config\BaseService::getSharedInstance('session', null)
 9 SYSTEMPATH\Config\BaseService.php(321): CodeIgniter\Config\Services::session()
10 SYSTEMPATH\Config\BaseService.php(202): CodeIgniter\Config\BaseService::__callStatic('session', [])
11 SYSTEMPATH\Common.php(995): CodeIgniter\Config\BaseService::get('session')
12 SYSTEMPATH\Common.php(968): service('session')
13 APPPATH\Views\login_view.php(161): session()
14 SYSTEMPATH\View\View.php(226): include('C:\\Users\\ymete\\OneDrive - Politeknik Negeri Bandung\\CI4_Tugas\\WOW\\W3_Task3_Login\\app\\Views\\login_view.php')
15 SYSTEMPATH\View\View.php(229): CodeIgniter\View\View->CodeIgniter\View\{closure}()
16 SYSTEMPATH\Common.php(1167): CodeIgniter\View\View->render('login_view', [], true)
17 APPPATH\Controllers\LoginController.php(11): view('login_view')
18 SYSTEMPATH\CodeIgniter.php(933): App\Controllers\LoginController->index()
19 SYSTEMPATH\CodeIgniter.php(507): CodeIgniter\CodeIgniter->runController(Object(App\Controllers\LoginController))
20 SYSTEMPATH\CodeIgniter.php(354): CodeIgniter\CodeIgniter->handleRequest(null, Object(Config\Cache), false)
21 SYSTEMPATH\Boot.php(363): CodeIgniter\CodeIgniter->run()
22 SYSTEMPATH\Boot.php(68): CodeIgniter\Boot::runCodeIgniter(Object(CodeIgniter\CodeIgniter))
23 FCPATH\index.php(59): CodeIgniter\Boot::bootWeb(Object(Config\Paths))
24 SYSTEMPATH\rewrite.php(44): require_once('C:\\Users\\ymete\\OneDrive - Politeknik Negeri Bandung\\CI4_Tugas\\WOW\\W3_Task3_Login\\public\\index.php')
CRITICAL - 2025-09-15 12:59:36 --> CodeIgniter\Session\Exceptions\SessionException: Session: Configured save path "C:\Users\ymete\OneDrive - Politeknik Negeri Bandung\CI4_Tugas\WOW\W3_Task3_Login\writable\session" is not writable by the PHP process.
[Method: GET, Route: /]
in SYSTEMPATH\Session\Handlers\FileHandler.php on line 103.
 1 SYSTEMPATH\Session\Handlers\FileHandler.php(103): CodeIgniter\Session\Exceptions\SessionException::forWriteProtectedSavePath('C:\\Users\\ymete\\OneDrive - Politeknik Negeri Bandung\\CI4_Tugas\\WOW\\W3_Task3_Login\\writable\\session')
 2 [internal function]: CodeIgniter\Session\Handlers\FileHandler->open('C:\\Users\\ymete\\OneDrive - Politeknik Negeri Bandung\\CI4_Tugas\\WOW\\W3_Task3_Login\\writable\\session', 'ci_session')
 3 SYSTEMPATH\Session\Session.php(912): session_start()
 4 SYSTEMPATH\Session\Session.php(243): CodeIgniter\Session\Session->startSession()
 5 SYSTEMPATH\Config\Services.php(715): CodeIgniter\Session\Session->start()
 6 SYSTEMPATH\Config\BaseService.php(312): CodeIgniter\Config\Services::session(Object(Config\Session), false)
 7 SYSTEMPATH\Config\BaseService.php(251): CodeIgniter\Config\BaseService::__callStatic('session', [...])
 8 SYSTEMPATH\Config\Services.php(668): CodeIgniter\Config\BaseService::getSharedInstance('session', null)
 9 SYSTEMPATH\Config\BaseService.php(321): CodeIgniter\Config\Services::session()
10 SYSTEMPATH\Config\BaseService.php(202): CodeIgniter\Config\BaseService::__callStatic('session', [])
11 SYSTEMPATH\Common.php(995): CodeIgniter\Config\BaseService::get('session')
12 SYSTEMPATH\Common.php(968): service('session')
13 APPPATH\Views\login_view.php(161): session()
14 SYSTEMPATH\View\View.php(226): include('C:\\Users\\ymete\\OneDrive - Politeknik Negeri Bandung\\CI4_Tugas\\WOW\\W3_Task3_Login\\app\\Views\\login_view.php')
15 SYSTEMPATH\View\View.php(229): CodeIgniter\View\View->CodeIgniter\View\{closure}()
16 SYSTEMPATH\Common.php(1167): CodeIgniter\View\View->render('login_view', [], true)
17 APPPATH\Controllers\LoginController.php(11): view('login_view')
18 SYSTEMPATH\CodeIgniter.php(933): App\Controllers\LoginController->index()
19 SYSTEMPATH\CodeIgniter.php(507): CodeIgniter\CodeIgniter->runController(Object(App\Controllers\LoginController))
20 SYSTEMPATH\CodeIgniter.php(354): CodeIgniter\CodeIgniter->handleRequest(null, Object(Config\Cache), false)
21 SYSTEMPATH\Boot.php(363): CodeIgniter\CodeIgniter->run()
22 SYSTEMPATH\Boot.php(68): CodeIgniter\Boot::runCodeIgniter(Object(CodeIgniter\CodeIgniter))
23 FCPATH\index.php(59): CodeIgniter\Boot::bootWeb(Object(Config\Paths))
24 SYSTEMPATH\rewrite.php(44): require_once('C:\\Users\\ymete\\OneDrive - Politeknik Negeri Bandung\\CI4_Tugas\\WOW\\W3_Task3_Login\\public\\index.php')
CRITICAL - 2025-09-15 12:59:37 --> CodeIgniter\Session\Exceptions\SessionException: Session: Configured save path "C:\Users\ymete\OneDrive - Politeknik Negeri Bandung\CI4_Tugas\WOW\W3_Task3_Login\writable\session" is not writable by the PHP process.
[Method: GET, Route: /]
in SYSTEMPATH\Session\Handlers\FileHandler.php on line 103.
 1 SYSTEMPATH\Session\Handlers\FileHandler.php(103): CodeIgniter\Session\Exceptions\SessionException::forWriteProtectedSavePath('C:\\Users\\ymete\\OneDrive - Politeknik Negeri Bandung\\CI4_Tugas\\WOW\\W3_Task3_Login\\writable\\session')
 2 [internal function]: CodeIgniter\Session\Handlers\FileHandler->open('C:\\Users\\ymete\\OneDrive - Politeknik Negeri Bandung\\CI4_Tugas\\WOW\\W3_Task3_Login\\writable\\session', 'ci_session')
 3 SYSTEMPATH\Session\Session.php(912): session_start()
 4 SYSTEMPATH\Session\Session.php(243): CodeIgniter\Session\Session->startSession()
 5 SYSTEMPATH\Config\Services.php(715): CodeIgniter\Session\Session->start()
 6 SYSTEMPATH\Config\BaseService.php(312): CodeIgniter\Config\Services::session(Object(Config\Session), false)
 7 SYSTEMPATH\Config\BaseService.php(251): CodeIgniter\Config\BaseService::__callStatic('session', [...])
 8 SYSTEMPATH\Config\Services.php(668): CodeIgniter\Config\BaseService::getSharedInstance('session', null)
 9 SYSTEMPATH\Config\BaseService.php(321): CodeIgniter\Config\Services::session()
10 SYSTEMPATH\Config\BaseService.php(202): CodeIgniter\Config\BaseService::__callStatic('session', [])
11 SYSTEMPATH\Common.php(995): CodeIgniter\Config\BaseService::get('session')
12 SYSTEMPATH\Common.php(968): service('session')
13 APPPATH\Views\login_view.php(161): session()
14 SYSTEMPATH\View\View.php(226): include('C:\\Users\\ymete\\OneDrive - Politeknik Negeri Bandung\\CI4_Tugas\\WOW\\W3_Task3_Login\\app\\Views\\login_view.php')
15 SYSTEMPATH\View\View.php(229): CodeIgniter\View\View->CodeIgniter\View\{closure}()
16 SYSTEMPATH\Common.php(1167): CodeIgniter\View\View->render('login_view', [], true)
17 APPPATH\Controllers\LoginController.php(11): view('login_view')
18 SYSTEMPATH\CodeIgniter.php(933): App\Controllers\LoginController->index()
19 SYSTEMPATH\CodeIgniter.php(507): CodeIgniter\CodeIgniter->runController(Object(App\Controllers\LoginController))
20 SYSTEMPATH\CodeIgniter.php(354): CodeIgniter\CodeIgniter->handleRequest(null, Object(Config\Cache), false)
21 SYSTEMPATH\Boot.php(363): CodeIgniter\CodeIgniter->run()
22 SYSTEMPATH\Boot.php(68): CodeIgniter\Boot::runCodeIgniter(Object(CodeIgniter\CodeIgniter))
23 FCPATH\index.php(59): CodeIgniter\Boot::bootWeb(Object(Config\Paths))
24 SYSTEMPATH\rewrite.php(44): require_once('C:\\Users\\ymete\\OneDrive - Politeknik Negeri Bandung\\CI4_Tugas\\WOW\\W3_Task3_Login\\public\\index.php')
CRITICAL - 2025-09-15 12:59:44 --> CodeIgniter\Session\Exceptions\SessionException: Session: Configured save path "C:\Users\ymete\OneDrive - Politeknik Negeri Bandung\CI4_Tugas\WOW\W3_Task3_Login\writable\session" is not writable by the PHP process.
[Method: GET, Route: /]
in SYSTEMPATH\Session\Handlers\FileHandler.php on line 103.
 1 SYSTEMPATH\Session\Handlers\FileHandler.php(103): CodeIgniter\Session\Exceptions\SessionException::forWriteProtectedSavePath('C:\\Users\\ymete\\OneDrive - Politeknik Negeri Bandung\\CI4_Tugas\\WOW\\W3_Task3_Login\\writable\\session')
 2 [internal function]: CodeIgniter\Session\Handlers\FileHandler->open('C:\\Users\\ymete\\OneDrive - Politeknik Negeri Bandung\\CI4_Tugas\\WOW\\W3_Task3_Login\\writable\\session', 'ci_session')
 3 SYSTEMPATH\Session\Session.php(912): session_start()
 4 SYSTEMPATH\Session\Session.php(243): CodeIgniter\Session\Session->startSession()
 5 SYSTEMPATH\Config\Services.php(715): CodeIgniter\Session\Session->start()
 6 SYSTEMPATH\Config\BaseService.php(312): CodeIgniter\Config\Services::session(Object(Config\Session), false)
 7 SYSTEMPATH\Config\BaseService.php(251): CodeIgniter\Config\BaseService::__callStatic('session', [...])
 8 SYSTEMPATH\Config\Services.php(668): CodeIgniter\Config\BaseService::getSharedInstance('session', null)
 9 SYSTEMPATH\Config\BaseService.php(321): CodeIgniter\Config\Services::session()
10 SYSTEMPATH\Config\BaseService.php(202): CodeIgniter\Config\BaseService::__callStatic('session', [])
11 SYSTEMPATH\Common.php(995): CodeIgniter\Config\BaseService::get('session')
12 SYSTEMPATH\Common.php(968): service('session')
13 APPPATH\Views\login_view.php(161): session()
14 SYSTEMPATH\View\View.php(226): include('C:\\Users\\ymete\\OneDrive - Politeknik Negeri Bandung\\CI4_Tugas\\WOW\\W3_Task3_Login\\app\\Views\\login_view.php')
15 SYSTEMPATH\View\View.php(229): CodeIgniter\View\View->CodeIgniter\View\{closure}()
16 SYSTEMPATH\Common.php(1167): CodeIgniter\View\View->render('login_view', [], true)
17 APPPATH\Controllers\LoginController.php(11): view('login_view')
18 SYSTEMPATH\CodeIgniter.php(933): App\Controllers\LoginController->index()
19 SYSTEMPATH\CodeIgniter.php(507): CodeIgniter\CodeIgniter->runController(Object(App\Controllers\LoginController))
20 SYSTEMPATH\CodeIgniter.php(354): CodeIgniter\CodeIgniter->handleRequest(null, Object(Config\Cache), false)
21 SYSTEMPATH\Boot.php(363): CodeIgniter\CodeIgniter->run()
22 SYSTEMPATH\Boot.php(68): CodeIgniter\Boot::runCodeIgniter(Object(CodeIgniter\CodeIgniter))
23 FCPATH\index.php(59): CodeIgniter\Boot::bootWeb(Object(Config\Paths))
24 SYSTEMPATH\rewrite.php(44): require_once('C:\\Users\\ymete\\OneDrive - Politeknik Negeri Bandung\\CI4_Tugas\\WOW\\W3_Task3_Login\\public\\index.php')
CRITICAL - 2025-09-15 12:59:44 --> CodeIgniter\Session\Exceptions\SessionException: Session: Configured save path "C:\Users\ymete\OneDrive - Politeknik Negeri Bandung\CI4_Tugas\WOW\W3_Task3_Login\writable\session" is not writable by the PHP process.
[Method: GET, Route: /]
in SYSTEMPATH\Session\Handlers\FileHandler.php on line 103.
 1 SYSTEMPATH\Session\Handlers\FileHandler.php(103): CodeIgniter\Session\Exceptions\SessionException::forWriteProtectedSavePath('C:\\Users\\ymete\\OneDrive - Politeknik Negeri Bandung\\CI4_Tugas\\WOW\\W3_Task3_Login\\writable\\session')
 2 [internal function]: CodeIgniter\Session\Handlers\FileHandler->open('C:\\Users\\ymete\\OneDrive - Politeknik Negeri Bandung\\CI4_Tugas\\WOW\\W3_Task3_Login\\writable\\session', 'ci_session')
 3 SYSTEMPATH\Session\Session.php(912): session_start()
 4 SYSTEMPATH\Session\Session.php(243): CodeIgniter\Session\Session->startSession()
 5 SYSTEMPATH\Config\Services.php(715): CodeIgniter\Session\Session->start()
 6 SYSTEMPATH\Config\BaseService.php(312): CodeIgniter\Config\Services::session(Object(Config\Session), false)
 7 SYSTEMPATH\Config\BaseService.php(251): CodeIgniter\Config\BaseService::__callStatic('session', [...])
 8 SYSTEMPATH\Config\Services.php(668): CodeIgniter\Config\BaseService::getSharedInstance('session', null)
 9 SYSTEMPATH\Config\BaseService.php(321): CodeIgniter\Config\Services::session()
10 SYSTEMPATH\Config\BaseService.php(202): CodeIgniter\Config\BaseService::__callStatic('session', [])
11 SYSTEMPATH\Common.php(995): CodeIgniter\Config\BaseService::get('session')
12 SYSTEMPATH\Common.php(968): service('session')
13 APPPATH\Views\login_view.php(161): session()
14 SYSTEMPATH\View\View.php(226): include('C:\\Users\\ymete\\OneDrive - Politeknik Negeri Bandung\\CI4_Tugas\\WOW\\W3_Task3_Login\\app\\Views\\login_view.php')
15 SYSTEMPATH\View\View.php(229): CodeIgniter\View\View->CodeIgniter\View\{closure}()
16 SYSTEMPATH\Common.php(1167): CodeIgniter\View\View->render('login_view', [], true)
17 APPPATH\Controllers\LoginController.php(11): view('login_view')
18 SYSTEMPATH\CodeIgniter.php(933): App\Controllers\LoginController->index()
19 SYSTEMPATH\CodeIgniter.php(507): CodeIgniter\CodeIgniter->runController(Object(App\Controllers\LoginController))
20 SYSTEMPATH\CodeIgniter.php(354): CodeIgniter\CodeIgniter->handleRequest(null, Object(Config\Cache), false)
21 SYSTEMPATH\Boot.php(363): CodeIgniter\CodeIgniter->run()
22 SYSTEMPATH\Boot.php(68): CodeIgniter\Boot::runCodeIgniter(Object(CodeIgniter\CodeIgniter))
23 FCPATH\index.php(59): CodeIgniter\Boot::bootWeb(Object(Config\Paths))
24 SYSTEMPATH\rewrite.php(44): require_once('C:\\Users\\ymete\\OneDrive - Politeknik Negeri Bandung\\CI4_Tugas\\WOW\\W3_Task3_Login\\public\\index.php')
CRITICAL - 2025-09-15 13:00:48 --> CodeIgniter\Session\Exceptions\SessionException: Session: Configured save path "C:\Users\ymete\OneDrive - Politeknik Negeri Bandung\CI4_Tugas\WOW\W3_Task3_Login\writable\session" is not writable by the PHP process.
[Method: GET, Route: /]
in SYSTEMPATH\Session\Handlers\FileHandler.php on line 103.
 1 SYSTEMPATH\Session\Handlers\FileHandler.php(103): CodeIgniter\Session\Exceptions\SessionException::forWriteProtectedSavePath('C:\\Users\\ymete\\OneDrive - Politeknik Negeri Bandung\\CI4_Tugas\\WOW\\W3_Task3_Login\\writable\\session')
 2 [internal function]: CodeIgniter\Session\Handlers\FileHandler->open('C:\\Users\\ymete\\OneDrive - Politeknik Negeri Bandung\\CI4_Tugas\\WOW\\W3_Task3_Login\\writable\\session', 'ci_session')
 3 SYSTEMPATH\Session\Session.php(912): session_start()
 4 SYSTEMPATH\Session\Session.php(243): CodeIgniter\Session\Session->startSession()
 5 SYSTEMPATH\Config\Services.php(715): CodeIgniter\Session\Session->start()
 6 SYSTEMPATH\Config\BaseService.php(312): CodeIgniter\Config\Services::session(Object(Config\Session), false)
 7 SYSTEMPATH\Config\BaseService.php(251): CodeIgniter\Config\BaseService::__callStatic('session', [...])
 8 SYSTEMPATH\Config\Services.php(668): CodeIgniter\Config\BaseService::getSharedInstance('session', null)
 9 SYSTEMPATH\Config\BaseService.php(321): CodeIgniter\Config\Services::session()
10 SYSTEMPATH\Config\BaseService.php(202): CodeIgniter\Config\BaseService::__callStatic('session', [])
11 SYSTEMPATH\Common.php(995): CodeIgniter\Config\BaseService::get('session')
12 SYSTEMPATH\Common.php(968): service('session')
13 APPPATH\Views\login_view.php(161): session()
14 SYSTEMPATH\View\View.php(226): include('C:\\Users\\ymete\\OneDrive - Politeknik Negeri Bandung\\CI4_Tugas\\WOW\\W3_Task3_Login\\app\\Views\\login_view.php')
15 SYSTEMPATH\View\View.php(229): CodeIgniter\View\View->CodeIgniter\View\{closure}()
16 SYSTEMPATH\Common.php(1167): CodeIgniter\View\View->render('login_view', [], true)
17 APPPATH\Controllers\LoginController.php(11): view('login_view')
18 SYSTEMPATH\CodeIgniter.php(933): App\Controllers\LoginController->index()
19 SYSTEMPATH\CodeIgniter.php(507): CodeIgniter\CodeIgniter->runController(Object(App\Controllers\LoginController))
20 SYSTEMPATH\CodeIgniter.php(354): CodeIgniter\CodeIgniter->handleRequest(null, Object(Config\Cache), false)
21 SYSTEMPATH\Boot.php(363): CodeIgniter\CodeIgniter->run()
22 SYSTEMPATH\Boot.php(68): CodeIgniter\Boot::runCodeIgniter(Object(CodeIgniter\CodeIgniter))
23 FCPATH\index.php(59): CodeIgniter\Boot::bootWeb(Object(Config\Paths))
24 SYSTEMPATH\rewrite.php(44): require_once('C:\\Users\\ymete\\OneDrive - Politeknik Negeri Bandung\\CI4_Tugas\\WOW\\W3_Task3_Login\\public\\index.php')
CRITICAL - 2025-09-15 13:01:21 --> CodeIgniter\Session\Exceptions\SessionException: Session: Configured save path "C:\Users\ymete\OneDrive - Politeknik Negeri Bandung\CI4_Tugas\WOW\W3_Task3_Login\writable\session" is not writable by the PHP process.
[Method: GET, Route: /]
in SYSTEMPATH\Session\Handlers\FileHandler.php on line 103.
 1 SYSTEMPATH\Session\Handlers\FileHandler.php(103): CodeIgniter\Session\Exceptions\SessionException::forWriteProtectedSavePath('C:\\Users\\ymete\\OneDrive - Politeknik Negeri Bandung\\CI4_Tugas\\WOW\\W3_Task3_Login\\writable\\session')
 2 [internal function]: CodeIgniter\Session\Handlers\FileHandler->open('C:\\Users\\ymete\\OneDrive - Politeknik Negeri Bandung\\CI4_Tugas\\WOW\\W3_Task3_Login\\writable\\session', 'ci_session')
 3 SYSTEMPATH\Session\Session.php(912): session_start()
 4 SYSTEMPATH\Session\Session.php(243): CodeIgniter\Session\Session->startSession()
 5 SYSTEMPATH\Config\Services.php(715): CodeIgniter\Session\Session->start()
 6 SYSTEMPATH\Config\BaseService.php(312): CodeIgniter\Config\Services::session(Object(Config\Session), false)
 7 SYSTEMPATH\Config\BaseService.php(251): CodeIgniter\Config\BaseService::__callStatic('session', [...])
 8 SYSTEMPATH\Config\Services.php(668): CodeIgniter\Config\BaseService::getSharedInstance('session', null)
 9 SYSTEMPATH\Config\BaseService.php(321): CodeIgniter\Config\Services::session()
10 SYSTEMPATH\Config\BaseService.php(202): CodeIgniter\Config\BaseService::__callStatic('session', [])
11 SYSTEMPATH\Common.php(995): CodeIgniter\Config\BaseService::get('session')
12 SYSTEMPATH\Common.php(968): service('session')
13 APPPATH\Views\login_view.php(161): session()
14 SYSTEMPATH\View\View.php(226): include('C:\\Users\\ymete\\OneDrive - Politeknik Negeri Bandung\\CI4_Tugas\\WOW\\W3_Task3_Login\\app\\Views\\login_view.php')
15 SYSTEMPATH\View\View.php(229): CodeIgniter\View\View->CodeIgniter\View\{closure}()
16 SYSTEMPATH\Common.php(1167): CodeIgniter\View\View->render('login_view', [], true)
17 APPPATH\Controllers\LoginController.php(11): view('login_view')
18 SYSTEMPATH\CodeIgniter.php(933): App\Controllers\LoginController->index()
19 SYSTEMPATH\CodeIgniter.php(507): CodeIgniter\CodeIgniter->runController(Object(App\Controllers\LoginController))
20 SYSTEMPATH\CodeIgniter.php(354): CodeIgniter\CodeIgniter->handleRequest(null, Object(Config\Cache), false)
21 SYSTEMPATH\Boot.php(363): CodeIgniter\CodeIgniter->run()
22 SYSTEMPATH\Boot.php(68): CodeIgniter\Boot::runCodeIgniter(Object(CodeIgniter\CodeIgniter))
23 FCPATH\index.php(59): CodeIgniter\Boot::bootWeb(Object(Config\Paths))
24 SYSTEMPATH\rewrite.php(44): require_once('C:\\Users\\ymete\\OneDrive - Politeknik Negeri Bandung\\CI4_Tugas\\WOW\\W3_Task3_Login\\public\\index.php')
DEBUG - 2025-09-15 13:02:52 --> Session: Class initialized using 'CodeIgniter\Session\Handlers\FileHandler' driver.
DEBUG - 2025-09-15 13:12:55 --> Session: Class initialized using 'CodeIgniter\Session\Handlers\FileHandler' driver.
DEBUG - 2025-09-15 13:13:03 --> Session: Class initialized using 'CodeIgniter\Session\Handlers\FileHandler' driver.
DEBUG - 2025-09-15 13:13:03 --> Session: Class initialized using 'CodeIgniter\Session\Handlers\FileHandler' driver.
DEBUG - 2025-09-15 13:14:49 --> Session: Class initialized using 'CodeIgniter\Session\Handlers\FileHandler' driver.
DEBUG - 2025-09-15 13:15:16 --> Session: Class initialized using 'CodeIgniter\Session\Handlers\FileHandler' driver.
DEBUG - 2025-09-15 13:15:16 --> Session: Class initialized using 'CodeIgniter\Session\Handlers\FileHandler' driver.
DEBUG - 2025-09-15 13:15:23 --> Session: Class initialized using 'CodeIgniter\Session\Handlers\FileHandler' driver.
DEBUG - 2025-09-15 13:15:29 --> Session: Class initialized using 'CodeIgniter\Session\Handlers\FileHandler' driver.
DEBUG - 2025-09-15 13:15:30 --> Session: Class initialized using 'CodeIgniter\Session\Handlers\FileHandler' driver.
DEBUG - 2025-09-15 13:15:30 --> Session: Class initialized using 'CodeIgniter\Session\Handlers\FileHandler' driver.
DEBUG - 2025-09-15 13:18:33 --> Session: Class initialized using 'CodeIgniter\Session\Handlers\FileHandler' driver.
DEBUG - 2025-09-15 13:18:41 --> Session: Class initialized using 'CodeIgniter\Session\Handlers\FileHandler' driver.
DEBUG - 2025-09-15 13:34:33 --> Session: Class initialized using 'CodeIgniter\Session\Handlers\FileHandler' driver.
DEBUG - 2025-09-15 13:34:40 --> Session: Class initialized using 'CodeIgniter\Session\Handlers\FileHandler' driver.
DEBUG - 2025-09-15 13:34:43 --> Session: Class initialized using 'CodeIgniter\Session\Handlers\FileHandler' driver.
DEBUG - 2025-09-15 13:34:43 --> Session: Class initialized using 'CodeIgniter\Session\Handlers\FileHandler' driver.
DEBUG - 2025-09-15 13:34:47 --> Session: Class initialized using 'CodeIgniter\Session\Handlers\FileHandler' driver.
DEBUG - 2025-09-15 13:34:47 --> Session: Class initialized using 'CodeIgniter\Session\Handlers\FileHandler' driver.
CRITICAL - 2025-09-15 13:40:00 --> CodeIgniter\Exceptions\RuntimeException: View themes, no current section.
[Method: GET, Route: home]
in SYSTEMPATH\View\View.php on line 430.
 1 APPPATH\Views\home_view.php(31): CodeIgniter\View\View->endSection()
 2 SYSTEMPATH\View\View.php(226): include('C:\\Users\\ymete\\OneDrive - Politeknik Negeri Bandung\\CI4_Tugas\\WOW\\W3_Task3_Login\\app\\Views\\home_view.php')
 3 SYSTEMPATH\View\View.php(229): CodeIgniter\View\View->CodeIgniter\View\{closure}()
 4 SYSTEMPATH\Common.php(1167): CodeIgniter\View\View->render('home_view', [], true)
 5 APPPATH\Controllers\Home.php(13): view('home_view', [...])
 6 SYSTEMPATH\CodeIgniter.php(933): App\Controllers\Home->index()
 7 SYSTEMPATH\CodeIgniter.php(507): CodeIgniter\CodeIgniter->runController(Object(App\Controllers\Home))
 8 SYSTEMPATH\CodeIgniter.php(354): CodeIgniter\CodeIgniter->handleRequest(null, Object(Config\Cache), false)
 9 SYSTEMPATH\Boot.php(363): CodeIgniter\CodeIgniter->run()
10 SYSTEMPATH\Boot.php(68): CodeIgniter\Boot::runCodeIgniter(Object(CodeIgniter\CodeIgniter))
11 FCPATH\index.php(59): CodeIgniter\Boot::bootWeb(Object(Config\Paths))
12 SYSTEMPATH\rewrite.php(44): require_once('C:\\Users\\ymete\\OneDrive - Politeknik Negeri Bandung\\CI4_Tugas\\WOW\\W3_Task3_Login\\public\\index.php')
DEBUG - 2025-09-15 13:40:51 --> Session: Class initialized using 'CodeIgniter\Session\Handlers\FileHandler' driver.
DEBUG - 2025-09-15 13:40:57 --> Session: Class initialized using 'CodeIgniter\Session\Handlers\FileHandler' driver.
CRITICAL - 2025-09-15 13:40:58 --> CodeIgniter\Exceptions\RuntimeException: View themes, no current section.
[Method: GET, Route: home]
in SYSTEMPATH\View\View.php on line 430.
 1 APPPATH\Views\home_view.php(31): CodeIgniter\View\View->endSection()
 2 SYSTEMPATH\View\View.php(226): include('C:\\Users\\ymete\\OneDrive - Politeknik Negeri Bandung\\CI4_Tugas\\WOW\\W3_Task3_Login\\app\\Views\\home_view.php')
 3 SYSTEMPATH\View\View.php(229): CodeIgniter\View\View->CodeIgniter\View\{closure}()
 4 SYSTEMPATH\Common.php(1167): CodeIgniter\View\View->render('home_view', [], true)
 5 APPPATH\Controllers\Home.php(13): view('home_view', [...])
 6 SYSTEMPATH\CodeIgniter.php(933): App\Controllers\Home->index()
 7 SYSTEMPATH\CodeIgniter.php(507): CodeIgniter\CodeIgniter->runController(Object(App\Controllers\Home))
 8 SYSTEMPATH\CodeIgniter.php(354): CodeIgniter\CodeIgniter->handleRequest(null, Object(Config\Cache), false)
 9 SYSTEMPATH\Boot.php(363): CodeIgniter\CodeIgniter->run()
10 SYSTEMPATH\Boot.php(68): CodeIgniter\Boot::runCodeIgniter(Object(CodeIgniter\CodeIgniter))
11 FCPATH\index.php(59): CodeIgniter\Boot::bootWeb(Object(Config\Paths))
12 SYSTEMPATH\rewrite.php(44): require_once('C:\\Users\\ymete\\OneDrive - Politeknik Negeri Bandung\\CI4_Tugas\\WOW\\W3_Task3_Login\\public\\index.php')
DEBUG - 2025-09-15 13:42:03 --> Session: Class initialized using 'CodeIgniter\Session\Handlers\FileHandler' driver.
DEBUG - 2025-09-15 13:42:10 --> Session: Class initialized using 'CodeIgniter\Session\Handlers\FileHandler' driver.
DEBUG - 2025-09-15 13:42:33 --> Session: Class initialized using 'CodeIgniter\Session\Handlers\FileHandler' driver.
DEBUG - 2025-09-15 13:45:51 --> Session: Class initialized using 'CodeIgniter\Session\Handlers\FileHandler' driver.
DEBUG - 2025-09-15 13:45:51 --> Session: Class initialized using 'CodeIgniter\Session\Handlers\FileHandler' driver.
DEBUG - 2025-09-15 13:45:59 --> Session: Class initialized using 'CodeIgniter\Session\Handlers\FileHandler' driver.
DEBUG - 2025-09-15 13:46:00 --> Session: Class initialized using 'CodeIgniter\Session\Handlers\FileHandler' driver.
DEBUG - 2025-09-15 13:46:05 --> Session: Class initialized using 'CodeIgniter\Session\Handlers\FileHandler' driver.
DEBUG - 2025-09-15 14:37:10 --> Session: Class initialized using 'CodeIgniter\Session\Handlers\FileHandler' driver.
DEBUG - 2025-09-15 14:37:10 --> Session: Class initialized using 'CodeIgniter\Session\Handlers\FileHandler' driver.
DEBUG - 2025-09-15 14:37:15 --> Session: Class initialized using 'CodeIgniter\Session\Handlers\FileHandler' driver.
DEBUG - 2025-09-15 14:44:27 --> Session: Class initialized using 'CodeIgniter\Session\Handlers\FileHandler' driver.
DEBUG - 2025-09-15 14:44:27 --> Session: Class initialized using 'CodeIgniter\Session\Handlers\FileHandler' driver.
DEBUG - 2025-09-15 14:44:34 --> Session: Class initialized using 'CodeIgniter\Session\Handlers\FileHandler' driver.
DEBUG - 2025-09-15 14:48:17 --> Session: Class initialized using 'CodeIgniter\Session\Handlers\FileHandler' driver.
DEBUG - 2025-09-15 14:48:17 --> Session: Class initialized using 'CodeIgniter\Session\Handlers\FileHandler' driver.
DEBUG - 2025-09-15 14:48:25 --> Session: Class initialized using 'CodeIgniter\Session\Handlers\FileHandler' driver.
DEBUG - 2025-09-15 14:50:01 --> Session: Class initialized using 'CodeIgniter\Session\Handlers\FileHandler' driver.
DEBUG - 2025-09-15 14:50:01 --> Session: Class initialized using 'CodeIgniter\Session\Handlers\FileHandler' driver.
DEBUG - 2025-09-15 14:50:08 --> Session: Class initialized using 'CodeIgniter\Session\Handlers\FileHandler' driver.
DEBUG - 2025-09-15 14:50:49 --> Session: Class initialized using 'CodeIgniter\Session\Handlers\FileHandler' driver.
DEBUG - 2025-09-15 14:50:49 --> Session: Class initialized using 'CodeIgniter\Session\Handlers\FileHandler' driver.
DEBUG - 2025-09-15 14:50:55 --> Session: Class initialized using 'CodeIgniter\Session\Handlers\FileHandler' driver.
DEBUG - 2025-09-15 14:51:10 --> Session: Class initialized using 'CodeIgniter\Session\Handlers\FileHandler' driver.
DEBUG - 2025-09-15 14:51:10 --> Session: Class initialized using 'CodeIgniter\Session\Handlers\FileHandler' driver.
DEBUG - 2025-09-15 14:51:17 --> Session: Class initialized using 'CodeIgniter\Session\Handlers\FileHandler' driver.
DEBUG - 2025-09-15 15:34:03 --> Session: Class initialized using 'CodeIgniter\Session\Handlers\FileHandler' driver.
DEBUG - 2025-09-15 15:34:03 --> Session: Class initialized using 'CodeIgniter\Session\Handlers\FileHandler' driver.
DEBUG - 2025-09-15 15:34:45 --> Session: Class initialized using 'CodeIgniter\Session\Handlers\FileHandler' driver.
DEBUG - 2025-09-15 15:35:07 --> Session: Class initialized using 'CodeIgniter\Session\Handlers\FileHandler' driver.
DEBUG - 2025-09-15 15:35:18 --> Session: Class initialized using 'CodeIgniter\Session\Handlers\FileHandler' driver.
DEBUG - 2025-09-15 15:35:25 --> Session: Class initialized using 'CodeIgniter\Session\Handlers\FileHandler' driver.
DEBUG - 2025-09-15 15:35:46 --> Session: Class initialized using 'CodeIgniter\Session\Handlers\FileHandler' driver.
DEBUG - 2025-09-15 15:35:47 --> Session: Class initialized using 'CodeIgniter\Session\Handlers\FileHandler' driver.
DEBUG - 2025-09-15 15:35:48 --> Session: Class initialized using 'CodeIgniter\Session\Handlers\FileHandler' driver.
DEBUG - 2025-09-15 15:36:01 --> Session: Class initialized using 'CodeIgniter\Session\Handlers\FileHandler' driver.
DEBUG - 2025-09-15 15:36:02 --> Session: Class initialized using 'CodeIgniter\Session\Handlers\FileHandler' driver.
DEBUG - 2025-09-15 15:36:03 --> Session: Class initialized using 'CodeIgniter\Session\Handlers\FileHandler' driver.
DEBUG - 2025-09-15 15:36:03 --> Session: Class initialized using 'CodeIgniter\Session\Handlers\FileHandler' driver.
DEBUG - 2025-09-15 15:36:04 --> Session: Class initialized using 'CodeIgniter\Session\Handlers\FileHandler' driver.
DEBUG - 2025-09-15 15:36:12 --> Session: Class initialized using 'CodeIgniter\Session\Handlers\FileHandler' driver.
DEBUG - 2025-09-15 15:36:15 --> Session: Class initialized using 'CodeIgniter\Session\Handlers\FileHandler' driver.
DEBUG - 2025-09-15 15:36:32 --> Session: Class initialized using 'CodeIgniter\Session\Handlers\FileHandler' driver.
DEBUG - 2025-09-15 15:36:46 --> Session: Class initialized using 'CodeIgniter\Session\Handlers\FileHandler' driver.
DEBUG - 2025-09-15 15:38:04 --> Session: Class initialized using 'CodeIgniter\Session\Handlers\FileHandler' driver.
DEBUG - 2025-09-15 15:38:23 --> Session: Class initialized using 'CodeIgniter\Session\Handlers\FileHandler' driver.
DEBUG - 2025-09-15 15:40:34 --> Session: Class initialized using 'CodeIgniter\Session\Handlers\FileHandler' driver.
DEBUG - 2025-09-15 15:42:42 --> Session: Class initialized using 'CodeIgniter\Session\Handlers\FileHandler' driver.
DEBUG - 2025-09-15 15:45:27 --> Session: Class initialized using 'CodeIgniter\Session\Handlers\FileHandler' driver.
DEBUG - 2025-09-15 15:45:40 --> Session: Class initialized using 'CodeIgniter\Session\Handlers\FileHandler' driver.
DEBUG - 2025-09-15 15:45:56 --> Session: Class initialized using 'CodeIgniter\Session\Handlers\FileHandler' driver.
DEBUG - 2025-09-15 15:46:04 --> Session: Class initialized using 'CodeIgniter\Session\Handlers\FileHandler' driver.
ERROR - 2025-09-15 15:47:50 --> Error connecting to the database: mysqli_sql_exception: No connection could be made because the target machine actively refused it in C:\Users\ymete\OneDrive - Politeknik Negeri Bandung\CI4_Tugas\WOW\W3_Task3_Login\system\Database\MySQLi\Connection.php:201
Stack trace:
#0 C:\Users\ymete\OneDrive - Politeknik Negeri Bandung\CI4_Tugas\WOW\W3_Task3_Login\system\Database\MySQLi\Connection.php(201): mysqli->real_connect('localhost', 'root', Object(SensitiveParameterValue), 'akademik_db', 3306, '', 0)
#1 C:\Users\ymete\OneDrive - Politeknik Negeri Bandung\CI4_Tugas\WOW\W3_Task3_Login\system\Database\BaseConnection.php(419): CodeIgniter\Database\MySQLi\Connection->connect(false)
#2 C:\Users\ymete\OneDrive - Politeknik Negeri Bandung\CI4_Tugas\WOW\W3_Task3_Login\system\Database\BaseConnection.php(614): CodeIgniter\Database\BaseConnection->initialize()
#3 C:\Users\ymete\OneDrive - Politeknik Negeri Bandung\CI4_Tugas\WOW\W3_Task3_Login\system\Database\BaseBuilder.php(1649): CodeIgniter\Database\BaseConnection->query('SELECT *\nFROM `...', Array, false)
#4 C:\Users\ymete\OneDrive - Politeknik Negeri Bandung\CI4_Tugas\WOW\W3_Task3_Login\system\Model.php(286): CodeIgniter\Database\BaseBuilder->get()
#5 C:\Users\ymete\OneDrive - Politeknik Negeri Bandung\CI4_Tugas\WOW\W3_Task3_Login\system\BaseModel.php(677): CodeIgniter\Model->doFindAll(0, 0)
#6 C:\Users\ymete\OneDrive - Politeknik Negeri Bandung\CI4_Tugas\WOW\W3_Task3_Login\app\Models\mahasiswamodel.php(16): CodeIgniter\BaseModel->findAll()
#7 C:\Users\ymete\OneDrive - Politeknik Negeri Bandung\CI4_Tugas\WOW\W3_Task3_Login\app\Controllers\mahasiswa.php(20): App\Models\MahasiswaModel->getAllMahasiswa()
#8 C:\Users\ymete\OneDrive - Politeknik Negeri Bandung\CI4_Tugas\WOW\W3_Task3_Login\system\CodeIgniter.php(933): App\Controllers\mahasiswa->index()
#9 C:\Users\ymete\OneDrive - Politeknik Negeri Bandung\CI4_Tugas\WOW\W3_Task3_Login\system\CodeIgniter.php(507): CodeIgniter\CodeIgniter->runController(Object(App\Controllers\mahasiswa))
#10 C:\Users\ymete\OneDrive - Politeknik Negeri Bandung\CI4_Tugas\WOW\W3_Task3_Login\system\CodeIgniter.php(354): CodeIgniter\CodeIgniter->handleRequest(NULL, Object(Config\Cache), false)
#11 C:\Users\ymete\OneDrive - Politeknik Negeri Bandung\CI4_Tugas\WOW\W3_Task3_Login\system\Boot.php(363): CodeIgniter\CodeIgniter->run()
#12 C:\Users\ymete\OneDrive - Politeknik Negeri Bandung\CI4_Tugas\WOW\W3_Task3_Login\system\Boot.php(68): CodeIgniter\Boot::runCodeIgniter(Object(CodeIgniter\CodeIgniter))
#13 C:\Users\ymete\OneDrive - Politeknik Negeri Bandung\CI4_Tugas\WOW\W3_Task3_Login\public\index.php(59): CodeIgniter\Boot::bootWeb(Object(Config\Paths))
#14 C:\Users\ymete\OneDrive - Politeknik Negeri Bandung\CI4_Tugas\WOW\W3_Task3_Login\system\rewrite.php(44): require_once('C:\\Users\\ymete\\...')
#15 {main}

Next CodeIgniter\Database\Exceptions\DatabaseException: No connection could be made because the target machine actively refused it in C:\Users\ymete\OneDrive - Politeknik Negeri Bandung\CI4_Tugas\WOW\W3_Task3_Login\system\Database\MySQLi\Connection.php:246
Stack trace:
#0 C:\Users\ymete\OneDrive - Politeknik Negeri Bandung\CI4_Tugas\WOW\W3_Task3_Login\system\Database\BaseConnection.php(419): CodeIgniter\Database\MySQLi\Connection->connect(false)
#1 C:\Users\ymete\OneDrive - Politeknik Negeri Bandung\CI4_Tugas\WOW\W3_Task3_Login\system\Database\BaseConnection.php(614): CodeIgniter\Database\BaseConnection->initialize()
#2 C:\Users\ymete\OneDrive - Politeknik Negeri Bandung\CI4_Tugas\WOW\W3_Task3_Login\system\Database\BaseBuilder.php(1649): CodeIgniter\Database\BaseConnection->query('SELECT *\nFROM `...', Array, false)
#3 C:\Users\ymete\OneDrive - Politeknik Negeri Bandung\CI4_Tugas\WOW\W3_Task3_Login\system\Model.php(286): CodeIgniter\Database\BaseBuilder->get()
#4 C:\Users\ymete\OneDrive - Politeknik Negeri Bandung\CI4_Tugas\WOW\W3_Task3_Login\system\BaseModel.php(677): CodeIgniter\Model->doFindAll(0, 0)
#5 C:\Users\ymete\OneDrive - Politeknik Negeri Bandung\CI4_Tugas\WOW\W3_Task3_Login\app\Models\mahasiswamodel.php(16): CodeIgniter\BaseModel->findAll()
#6 C:\Users\ymete\OneDrive - Politeknik Negeri Bandung\CI4_Tugas\WOW\W3_Task3_Login\app\Controllers\mahasiswa.php(20): App\Models\MahasiswaModel->getAllMahasiswa()
#7 C:\Users\ymete\OneDrive - Politeknik Negeri Bandung\CI4_Tugas\WOW\W3_Task3_Login\system\CodeIgniter.php(933): App\Controllers\mahasiswa->index()
#8 C:\Users\ymete\OneDrive - Politeknik Negeri Bandung\CI4_Tugas\WOW\W3_Task3_Login\system\CodeIgniter.php(507): CodeIgniter\CodeIgniter->runController(Object(App\Controllers\mahasiswa))
#9 C:\Users\ymete\OneDrive - Politeknik Negeri Bandung\CI4_Tugas\WOW\W3_Task3_Login\system\CodeIgniter.php(354): CodeIgniter\CodeIgniter->handleRequest(NULL, Object(Config\Cache), false)
#10 C:\Users\ymete\OneDrive - Politeknik Negeri Bandung\CI4_Tugas\WOW\W3_Task3_Login\system\Boot.php(363): CodeIgniter\CodeIgniter->run()
#11 C:\Users\ymete\OneDrive - Politeknik Negeri Bandung\CI4_Tugas\WOW\W3_Task3_Login\system\Boot.php(68): CodeIgniter\Boot::runCodeIgniter(Object(CodeIgniter\CodeIgniter))
#12 C:\Users\ymete\OneDrive - Politeknik Negeri Bandung\CI4_Tugas\WOW\W3_Task3_Login\public\index.php(59): CodeIgniter\Boot::bootWeb(Object(Config\Paths))
#13 C:\Users\ymete\OneDrive - Politeknik Negeri Bandung\CI4_Tugas\WOW\W3_Task3_Login\system\rewrite.php(44): require_once('C:\\Users\\ymete\\...')
#14 {main}
CRITICAL - 2025-09-15 15:47:50 --> CodeIgniter\Database\Exceptions\DatabaseException: Unable to connect to the database.
Main connection [MySQLi]: No connection could be made because the target machine actively refused it
[Method: GET, Route: mhs]
in SYSTEMPATH\Database\BaseConnection.php on line 465.
 1 SYSTEMPATH\Database\BaseConnection.php(614): CodeIgniter\Database\BaseConnection->initialize()
 2 SYSTEMPATH\Database\BaseBuilder.php(1649): CodeIgniter\Database\BaseConnection->query('SELECT *
FROM `mahasiswa`', [], false)
 3 SYSTEMPATH\Model.php(286): CodeIgniter\Database\BaseBuilder->get()
 4 SYSTEMPATH\BaseModel.php(677): CodeIgniter\Model->doFindAll(0, 0)
 5 APPPATH\Models\mahasiswamodel.php(16): CodeIgniter\BaseModel->findAll()
 6 APPPATH\Controllers\mahasiswa.php(20): App\Models\MahasiswaModel->getAllMahasiswa()
 7 SYSTEMPATH\CodeIgniter.php(933): App\Controllers\mahasiswa->index()
 8 SYSTEMPATH\CodeIgniter.php(507): CodeIgniter\CodeIgniter->runController(Object(App\Controllers\mahasiswa))
 9 SYSTEMPATH\CodeIgniter.php(354): CodeIgniter\CodeIgniter->handleRequest(null, Object(Config\Cache), false)
10 SYSTEMPATH\Boot.php(363): CodeIgniter\CodeIgniter->run()
11 SYSTEMPATH\Boot.php(68): CodeIgniter\Boot::runCodeIgniter(Object(CodeIgniter\CodeIgniter))
12 FCPATH\index.php(59): CodeIgniter\Boot::bootWeb(Object(Config\Paths))
13 SYSTEMPATH\rewrite.php(44): require_once('C:\\Users\\ymete\\OneDrive - Politeknik Negeri Bandung\\CI4_Tugas\\WOW\\W3_Task3_Login\\public\\index.php')
ERROR - 2025-09-15 15:47:54 --> Error connecting to the database: mysqli_sql_exception: No connection could be made because the target machine actively refused it in C:\Users\ymete\OneDrive - Politeknik Negeri Bandung\CI4_Tugas\WOW\W3_Task3_Login\system\Database\MySQLi\Connection.php:201
Stack trace:
#0 C:\Users\ymete\OneDrive - Politeknik Negeri Bandung\CI4_Tugas\WOW\W3_Task3_Login\system\Database\MySQLi\Connection.php(201): mysqli->real_connect('localhost', 'root', Object(SensitiveParameterValue), 'akademik_db', 3306, '', 0)
#1 C:\Users\ymete\OneDrive - Politeknik Negeri Bandung\CI4_Tugas\WOW\W3_Task3_Login\system\Database\BaseConnection.php(419): CodeIgniter\Database\MySQLi\Connection->connect(false)
#2 C:\Users\ymete\OneDrive - Politeknik Negeri Bandung\CI4_Tugas\WOW\W3_Task3_Login\system\Database\BaseConnection.php(614): CodeIgniter\Database\BaseConnection->initialize()
#3 C:\Users\ymete\OneDrive - Politeknik Negeri Bandung\CI4_Tugas\WOW\W3_Task3_Login\system\Database\BaseBuilder.php(1649): CodeIgniter\Database\BaseConnection->query('SELECT *\nFROM `...', Array, false)
#4 C:\Users\ymete\OneDrive - Politeknik Negeri Bandung\CI4_Tugas\WOW\W3_Task3_Login\system\Model.php(286): CodeIgniter\Database\BaseBuilder->get()
#5 C:\Users\ymete\OneDrive - Politeknik Negeri Bandung\CI4_Tugas\WOW\W3_Task3_Login\system\BaseModel.php(677): CodeIgniter\Model->doFindAll(0, 0)
#6 C:\Users\ymete\OneDrive - Politeknik Negeri Bandung\CI4_Tugas\WOW\W3_Task3_Login\app\Models\mahasiswamodel.php(16): CodeIgniter\BaseModel->findAll()
#7 C:\Users\ymete\OneDrive - Politeknik Negeri Bandung\CI4_Tugas\WOW\W3_Task3_Login\app\Controllers\mahasiswa.php(20): App\Models\MahasiswaModel->getAllMahasiswa()
#8 C:\Users\ymete\OneDrive - Politeknik Negeri Bandung\CI4_Tugas\WOW\W3_Task3_Login\system\CodeIgniter.php(933): App\Controllers\mahasiswa->index()
#9 C:\Users\ymete\OneDrive - Politeknik Negeri Bandung\CI4_Tugas\WOW\W3_Task3_Login\system\CodeIgniter.php(507): CodeIgniter\CodeIgniter->runController(Object(App\Controllers\mahasiswa))
#10 C:\Users\ymete\OneDrive - Politeknik Negeri Bandung\CI4_Tugas\WOW\W3_Task3_Login\system\CodeIgniter.php(354): CodeIgniter\CodeIgniter->handleRequest(NULL, Object(Config\Cache), false)
#11 C:\Users\ymete\OneDrive - Politeknik Negeri Bandung\CI4_Tugas\WOW\W3_Task3_Login\system\Boot.php(363): CodeIgniter\CodeIgniter->run()
#12 C:\Users\ymete\OneDrive - Politeknik Negeri Bandung\CI4_Tugas\WOW\W3_Task3_Login\system\Boot.php(68): CodeIgniter\Boot::runCodeIgniter(Object(CodeIgniter\CodeIgniter))
#13 C:\Users\ymete\OneDrive - Politeknik Negeri Bandung\CI4_Tugas\WOW\W3_Task3_Login\public\index.php(59): CodeIgniter\Boot::bootWeb(Object(Config\Paths))
#14 C:\Users\ymete\OneDrive - Politeknik Negeri Bandung\CI4_Tugas\WOW\W3_Task3_Login\system\rewrite.php(44): require_once('C:\\Users\\ymete\\...')
#15 {main}

Next CodeIgniter\Database\Exceptions\DatabaseException: No connection could be made because the target machine actively refused it in C:\Users\ymete\OneDrive - Politeknik Negeri Bandung\CI4_Tugas\WOW\W3_Task3_Login\system\Database\MySQLi\Connection.php:246
Stack trace:
#0 C:\Users\ymete\OneDrive - Politeknik Negeri Bandung\CI4_Tugas\WOW\W3_Task3_Login\system\Database\BaseConnection.php(419): CodeIgniter\Database\MySQLi\Connection->connect(false)
#1 C:\Users\ymete\OneDrive - Politeknik Negeri Bandung\CI4_Tugas\WOW\W3_Task3_Login\system\Database\BaseConnection.php(614): CodeIgniter\Database\BaseConnection->initialize()
#2 C:\Users\ymete\OneDrive - Politeknik Negeri Bandung\CI4_Tugas\WOW\W3_Task3_Login\system\Database\BaseBuilder.php(1649): CodeIgniter\Database\BaseConnection->query('SELECT *\nFROM `...', Array, false)
#3 C:\Users\ymete\OneDrive - Politeknik Negeri Bandung\CI4_Tugas\WOW\W3_Task3_Login\system\Model.php(286): CodeIgniter\Database\BaseBuilder->get()
#4 C:\Users\ymete\OneDrive - Politeknik Negeri Bandung\CI4_Tugas\WOW\W3_Task3_Login\system\BaseModel.php(677): CodeIgniter\Model->doFindAll(0, 0)
#5 C:\Users\ymete\OneDrive - Politeknik Negeri Bandung\CI4_Tugas\WOW\W3_Task3_Login\app\Models\mahasiswamodel.php(16): CodeIgniter\BaseModel->findAll()
#6 C:\Users\ymete\OneDrive - Politeknik Negeri Bandung\CI4_Tugas\WOW\W3_Task3_Login\app\Controllers\mahasiswa.php(20): App\Models\MahasiswaModel->getAllMahasiswa()
#7 C:\Users\ymete\OneDrive - Politeknik Negeri Bandung\CI4_Tugas\WOW\W3_Task3_Login\system\CodeIgniter.php(933): App\Controllers\mahasiswa->index()
#8 C:\Users\ymete\OneDrive - Politeknik Negeri Bandung\CI4_Tugas\WOW\W3_Task3_Login\system\CodeIgniter.php(507): CodeIgniter\CodeIgniter->runController(Object(App\Controllers\mahasiswa))
#9 C:\Users\ymete\OneDrive - Politeknik Negeri Bandung\CI4_Tugas\WOW\W3_Task3_Login\system\CodeIgniter.php(354): CodeIgniter\CodeIgniter->handleRequest(NULL, Object(Config\Cache), false)
#10 C:\Users\ymete\OneDrive - Politeknik Negeri Bandung\CI4_Tugas\WOW\W3_Task3_Login\system\Boot.php(363): CodeIgniter\CodeIgniter->run()
#11 C:\Users\ymete\OneDrive - Politeknik Negeri Bandung\CI4_Tugas\WOW\W3_Task3_Login\system\Boot.php(68): CodeIgniter\Boot::runCodeIgniter(Object(CodeIgniter\CodeIgniter))
#12 C:\Users\ymete\OneDrive - Politeknik Negeri Bandung\CI4_Tugas\WOW\W3_Task3_Login\public\index.php(59): CodeIgniter\Boot::bootWeb(Object(Config\Paths))
#13 C:\Users\ymete\OneDrive - Politeknik Negeri Bandung\CI4_Tugas\WOW\W3_Task3_Login\system\rewrite.php(44): require_once('C:\\Users\\ymete\\...')
#14 {main}
CRITICAL - 2025-09-15 15:47:54 --> CodeIgniter\Database\Exceptions\DatabaseException: Unable to connect to the database.
Main connection [MySQLi]: No connection could be made because the target machine actively refused it
[Method: GET, Route: mhs]
in SYSTEMPATH\Database\BaseConnection.php on line 465.
 1 SYSTEMPATH\Database\BaseConnection.php(614): CodeIgniter\Database\BaseConnection->initialize()
 2 SYSTEMPATH\Database\BaseBuilder.php(1649): CodeIgniter\Database\BaseConnection->query('SELECT *
FROM `mahasiswa`', [], false)
 3 SYSTEMPATH\Model.php(286): CodeIgniter\Database\BaseBuilder->get()
 4 SYSTEMPATH\BaseModel.php(677): CodeIgniter\Model->doFindAll(0, 0)
 5 APPPATH\Models\mahasiswamodel.php(16): CodeIgniter\BaseModel->findAll()
 6 APPPATH\Controllers\mahasiswa.php(20): App\Models\MahasiswaModel->getAllMahasiswa()
 7 SYSTEMPATH\CodeIgniter.php(933): App\Controllers\mahasiswa->index()
 8 SYSTEMPATH\CodeIgniter.php(507): CodeIgniter\CodeIgniter->runController(Object(App\Controllers\mahasiswa))
 9 SYSTEMPATH\CodeIgniter.php(354): CodeIgniter\CodeIgniter->handleRequest(null, Object(Config\Cache), false)
10 SYSTEMPATH\Boot.php(363): CodeIgniter\CodeIgniter->run()
11 SYSTEMPATH\Boot.php(68): CodeIgniter\Boot::runCodeIgniter(Object(CodeIgniter\CodeIgniter))
12 FCPATH\index.php(59): CodeIgniter\Boot::bootWeb(Object(Config\Paths))
13 SYSTEMPATH\rewrite.php(44): require_once('C:\\Users\\ymete\\OneDrive - Politeknik Negeri Bandung\\CI4_Tugas\\WOW\\W3_Task3_Login\\public\\index.php')
DEBUG - 2025-09-15 15:49:06 --> Session: Class initialized using 'CodeIgniter\Session\Handlers\FileHandler' driver.
DEBUG - 2025-09-15 15:52:22 --> Session: Class initialized using 'CodeIgniter\Session\Handlers\FileHandler' driver.
DEBUG - 2025-09-15 15:52:29 --> Session: Class initialized using 'CodeIgniter\Session\Handlers\FileHandler' driver.
DEBUG - 2025-09-15 15:52:35 --> Session: Class initialized using 'CodeIgniter\Session\Handlers\FileHandler' driver.
DEBUG - 2025-09-15 15:52:35 --> Session: Class initialized using 'CodeIgniter\Session\Handlers\FileHandler' driver.
DEBUG - 2025-09-15 15:52:44 --> Session: Class initialized using 'CodeIgniter\Session\Handlers\FileHandler' driver.
DEBUG - 2025-09-15 15:53:20 --> Session: Class initialized using 'CodeIgniter\Session\Handlers\FileHandler' driver.
DEBUG - 2025-09-15 15:53:20 --> Session: Class initialized using 'CodeIgniter\Session\Handlers\FileHandler' driver.
DEBUG - 2025-09-15 15:56:31 --> Session: Class initialized using 'CodeIgniter\Session\Handlers\FileHandler' driver.
CRITICAL - 2025-09-15 16:13:58 --> CodeIgniter\Session\Exceptions\SessionException: Session: Configured save path "C:\Users\ymete\OneDrive - Politeknik Negeri Bandung\CI4_Tugas\WOW\W3_Task4_FormLoginCRUD\writable\session" is not writable by the PHP process.
[Method: GET, Route: /]
in SYSTEMPATH\Session\Handlers\FileHandler.php on line 103.
 1 SYSTEMPATH\Session\Handlers\FileHandler.php(103): CodeIgniter\Session\Exceptions\SessionException::forWriteProtectedSavePath('C:\\Users\\ymete\\OneDrive - Politeknik Negeri Bandung\\CI4_Tugas\\WOW\\W3_Task4_FormLoginCRUD\\writable\\session')
 2 [internal function]: CodeIgniter\Session\Handlers\FileHandler->open('C:\\Users\\ymete\\OneDrive - Politeknik Negeri Bandung\\CI4_Tugas\\WOW\\W3_Task4_FormLoginCRUD\\writable\\session', 'ci_session')
 3 SYSTEMPATH\Session\Session.php(912): session_start()
 4 SYSTEMPATH\Session\Session.php(243): CodeIgniter\Session\Session->startSession()
 5 SYSTEMPATH\Config\Services.php(715): CodeIgniter\Session\Session->start()
 6 SYSTEMPATH\Config\BaseService.php(312): CodeIgniter\Config\Services::session(Object(Config\Session), false)
 7 SYSTEMPATH\Config\BaseService.php(251): CodeIgniter\Config\BaseService::__callStatic('session', [...])
 8 SYSTEMPATH\Config\Services.php(668): CodeIgniter\Config\BaseService::getSharedInstance('session', null)
 9 SYSTEMPATH\Config\BaseService.php(321): CodeIgniter\Config\Services::session()
10 SYSTEMPATH\Config\BaseService.php(202): CodeIgniter\Config\BaseService::__callStatic('session', [])
11 SYSTEMPATH\Common.php(995): CodeIgniter\Config\BaseService::get('session')
12 SYSTEMPATH\Common.php(968): service('session')
13 APPPATH\Views\login_view.php(161): session()
14 SYSTEMPATH\View\View.php(226): include('C:\\Users\\ymete\\OneDrive - Politeknik Negeri Bandung\\CI4_Tugas\\WOW\\W3_Task4_FormLoginCRUD\\app\\Views\\login_view.php')
15 SYSTEMPATH\View\View.php(229): CodeIgniter\View\View->CodeIgniter\View\{closure}()
16 SYSTEMPATH\Common.php(1167): CodeIgniter\View\View->render('login_view', [], true)
17 APPPATH\Controllers\LoginController.php(11): view('login_view')
18 SYSTEMPATH\CodeIgniter.php(933): App\Controllers\LoginController->index()
19 SYSTEMPATH\CodeIgniter.php(507): CodeIgniter\CodeIgniter->runController(Object(App\Controllers\LoginController))
20 SYSTEMPATH\CodeIgniter.php(354): CodeIgniter\CodeIgniter->handleRequest(null, Object(Config\Cache), false)
21 SYSTEMPATH\Boot.php(363): CodeIgniter\CodeIgniter->run()
22 SYSTEMPATH\Boot.php(68): CodeIgniter\Boot::runCodeIgniter(Object(CodeIgniter\CodeIgniter))
23 FCPATH\index.php(59): CodeIgniter\Boot::bootWeb(Object(Config\Paths))
24 SYSTEMPATH\rewrite.php(44): require_once('C:\\Users\\ymete\\OneDrive - Politeknik Negeri Bandung\\CI4_Tugas\\WOW\\W3_Task4_FormLoginCRUD\\public\\index.php')
CRITICAL - 2025-09-15 16:14:09 --> CodeIgniter\Session\Exceptions\SessionException: Session: Configured save path "C:\Users\ymete\OneDrive - Politeknik Negeri Bandung\CI4_Tugas\WOW\W3_Task4_FormLoginCRUD\writable\session" is not writable by the PHP process.
[Method: GET, Route: login]
in SYSTEMPATH\Session\Handlers\FileHandler.php on line 103.
 1 SYSTEMPATH\Session\Handlers\FileHandler.php(103): CodeIgniter\Session\Exceptions\SessionException::forWriteProtectedSavePath('C:\\Users\\ymete\\OneDrive - Politeknik Negeri Bandung\\CI4_Tugas\\WOW\\W3_Task4_FormLoginCRUD\\writable\\session')
 2 [internal function]: CodeIgniter\Session\Handlers\FileHandler->open('C:\\Users\\ymete\\OneDrive - Politeknik Negeri Bandung\\CI4_Tugas\\WOW\\W3_Task4_FormLoginCRUD\\writable\\session', 'ci_session')
 3 SYSTEMPATH\Session\Session.php(912): session_start()
 4 SYSTEMPATH\Session\Session.php(243): CodeIgniter\Session\Session->startSession()
 5 SYSTEMPATH\Config\Services.php(715): CodeIgniter\Session\Session->start()
 6 SYSTEMPATH\Config\BaseService.php(312): CodeIgniter\Config\Services::session(Object(Config\Session), false)
 7 SYSTEMPATH\Config\BaseService.php(251): CodeIgniter\Config\BaseService::__callStatic('session', [...])
 8 SYSTEMPATH\Config\Services.php(668): CodeIgniter\Config\BaseService::getSharedInstance('session', null)
 9 SYSTEMPATH\Config\BaseService.php(321): CodeIgniter\Config\Services::session()
10 SYSTEMPATH\Config\BaseService.php(202): CodeIgniter\Config\BaseService::__callStatic('session', [])
11 SYSTEMPATH\Common.php(995): CodeIgniter\Config\BaseService::get('session')
12 SYSTEMPATH\Common.php(968): service('session')
13 APPPATH\Views\login_view.php(161): session()
14 SYSTEMPATH\View\View.php(226): include('C:\\Users\\ymete\\OneDrive - Politeknik Negeri Bandung\\CI4_Tugas\\WOW\\W3_Task4_FormLoginCRUD\\app\\Views\\login_view.php')
15 SYSTEMPATH\View\View.php(229): CodeIgniter\View\View->CodeIgniter\View\{closure}()
16 SYSTEMPATH\Common.php(1167): CodeIgniter\View\View->render('login_view', [], true)
17 APPPATH\Controllers\LoginController.php(11): view('login_view')
18 SYSTEMPATH\CodeIgniter.php(933): App\Controllers\LoginController->index()
19 SYSTEMPATH\CodeIgniter.php(507): CodeIgniter\CodeIgniter->runController(Object(App\Controllers\LoginController))
20 SYSTEMPATH\CodeIgniter.php(354): CodeIgniter\CodeIgniter->handleRequest(null, Object(Config\Cache), false)
21 SYSTEMPATH\Boot.php(363): CodeIgniter\CodeIgniter->run()
22 SYSTEMPATH\Boot.php(68): CodeIgniter\Boot::runCodeIgniter(Object(CodeIgniter\CodeIgniter))
23 FCPATH\index.php(59): CodeIgniter\Boot::bootWeb(Object(Config\Paths))
24 SYSTEMPATH\rewrite.php(44): require_once('C:\\Users\\ymete\\OneDrive - Politeknik Negeri Bandung\\CI4_Tugas\\WOW\\W3_Task4_FormLoginCRUD\\public\\index.php')
DEBUG - 2025-09-15 16:16:09 --> Session: Class initialized using 'CodeIgniter\Session\Handlers\FileHandler' driver.
DEBUG - 2025-09-15 16:16:21 --> Session: Class initialized using 'CodeIgniter\Session\Handlers\FileHandler' driver.
DEBUG - 2025-09-15 16:19:08 --> Session: Class initialized using 'CodeIgniter\Session\Handlers\FileHandler' driver.
DEBUG - 2025-09-15 16:19:19 --> Session: Class initialized using 'CodeIgniter\Session\Handlers\FileHandler' driver.
DEBUG - 2025-09-15 16:19:22 --> Session: Class initialized using 'CodeIgniter\Session\Handlers\FileHandler' driver.
DEBUG - 2025-09-15 16:19:42 --> Session: Class initialized using 'CodeIgniter\Session\Handlers\FileHandler' driver.
DEBUG - 2025-09-15 16:19:42 --> Session: Class initialized using 'CodeIgniter\Session\Handlers\FileHandler' driver.
DEBUG - 2025-09-15 16:19:46 --> Session: Class initialized using 'CodeIgniter\Session\Handlers\FileHandler' driver.
DEBUG - 2025-09-15 16:19:48 --> Session: Class initialized using 'CodeIgniter\Session\Handlers\FileHandler' driver.
DEBUG - 2025-09-15 16:19:53 --> Session: Class initialized using 'CodeIgniter\Session\Handlers\FileHandler' driver.
DEBUG - 2025-09-15 16:19:53 --> Session: Class initialized using 'CodeIgniter\Session\Handlers\FileHandler' driver.
DEBUG - 2025-09-15 16:19:56 --> Session: Class initialized using 'CodeIgniter\Session\Handlers\FileHandler' driver.
DEBUG - 2025-09-15 16:20:06 --> Session: Class initialized using 'CodeIgniter\Session\Handlers\FileHandler' driver.
DEBUG - 2025-09-15 16:20:09 --> Session: Class initialized using 'CodeIgniter\Session\Handlers\FileHandler' driver.
DEBUG - 2025-09-15 16:21:29 --> Session: Class initialized using 'CodeIgniter\Session\Handlers\FileHandler' driver.
DEBUG - 2025-09-15 16:21:37 --> Session: Class initialized using 'CodeIgniter\Session\Handlers\FileHandler' driver.
DEBUG - 2025-09-15 16:21:38 --> Session: Class initialized using 'CodeIgniter\Session\Handlers\FileHandler' driver.
DEBUG - 2025-09-15 16:21:43 --> Session: Class initialized using 'CodeIgniter\Session\Handlers\FileHandler' driver.
DEBUG - 2025-09-15 16:21:45 --> Session: Class initialized using 'CodeIgniter\Session\Handlers\FileHandler' driver.
DEBUG - 2025-09-15 16:21:48 --> Session: Class initialized using 'CodeIgniter\Session\Handlers\FileHandler' driver.
DEBUG - 2025-09-15 16:21:50 --> Session: Class initialized using 'CodeIgniter\Session\Handlers\FileHandler' driver.
DEBUG - 2025-09-15 16:21:53 --> Session: Class initialized using 'CodeIgniter\Session\Handlers\FileHandler' driver.
DEBUG - 2025-09-15 16:23:06 --> Session: Class initialized using 'CodeIgniter\Session\Handlers\FileHandler' driver.
DEBUG - 2025-09-15 16:23:07 --> Session: Class initialized using 'CodeIgniter\Session\Handlers\FileHandler' driver.
DEBUG - 2025-09-15 16:24:03 --> Session: Class initialized using 'CodeIgniter\Session\Handlers\FileHandler' driver.
DEBUG - 2025-09-15 16:24:08 --> Session: Class initialized using 'CodeIgniter\Session\Handlers\FileHandler' driver.
DEBUG - 2025-09-15 16:25:02 --> Session: Class initialized using 'CodeIgniter\Session\Handlers\FileHandler' driver.
DEBUG - 2025-09-15 16:25:10 --> Session: Class initialized using 'CodeIgniter\Session\Handlers\FileHandler' driver.
DEBUG - 2025-09-15 16:25:37 --> Session: Class initialized using 'CodeIgniter\Session\Handlers\FileHandler' driver.
DEBUG - 2025-09-15 16:25:51 --> Session: Class initialized using 'CodeIgniter\Session\Handlers\FileHandler' driver.
DEBUG - 2025-09-15 16:25:57 --> Session: Class initialized using 'CodeIgniter\Session\Handlers\FileHandler' driver.
DEBUG - 2025-09-15 16:26:19 --> Session: Class initialized using 'CodeIgniter\Session\Handlers\FileHandler' driver.
DEBUG - 2025-09-15 16:26:34 --> Session: Class initialized using 'CodeIgniter\Session\Handlers\FileHandler' driver.
DEBUG - 2025-09-15 16:33:34 --> Session: Class initialized using 'CodeIgniter\Session\Handlers\FileHandler' driver.
DEBUG - 2025-09-15 16:33:35 --> Session: Class initialized using 'CodeIgniter\Session\Handlers\FileHandler' driver.
DEBUG - 2025-09-15 16:35:27 --> Session: Class initialized using 'CodeIgniter\Session\Handlers\FileHandler' driver.
DEBUG - 2025-09-15 16:35:27 --> Session: Class initialized using 'CodeIgniter\Session\Handlers\FileHandler' driver.
DEBUG - 2025-09-15 16:35:36 --> Session: Class initialized using 'CodeIgniter\Session\Handlers\FileHandler' driver.
DEBUG - 2025-09-15 16:35:41 --> Session: Class initialized using 'CodeIgniter\Session\Handlers\FileHandler' driver.
DEBUG - 2025-09-15 16:35:45 --> Session: Class initialized using 'CodeIgniter\Session\Handlers\FileHandler' driver.
DEBUG - 2025-09-15 17:27:28 --> Session: Class initialized using 'CodeIgniter\Session\Handlers\FileHandler' driver.
DEBUG - 2025-09-15 17:27:35 --> Session: Class initialized using 'CodeIgniter\Session\Handlers\FileHandler' driver.
DEBUG - 2025-09-15 17:27:36 --> Session: Class initialized using 'CodeIgniter\Session\Handlers\FileHandler' driver.
DEBUG - 2025-09-15 17:27:41 --> Session: Class initialized using 'CodeIgniter\Session\Handlers\FileHandler' driver.
